#
# There is insufficient memory for the Java Runtime Environment to continue.
# Native memory allocation (malloc) failed to allocate 556496 bytes for Chunk::new
# Possible reasons:
#   The system is out of physical RAM or swap space
#   In 32 bit mode, the process size limit was hit
# Possible solutions:
#   Reduce memory load on the system
#   Increase physical memory or swap space
#   Check if swap backing store is full
#   Use 64 bit Java on a 64 bit OS
#   Decrease Java heap size (-Xmx/-Xms)
#   Decrease number of Java threads
#   Decrease Java thread stack sizes (-Xss)
#   Set larger code cache with -XX:ReservedCodeCacheSize=
# This output file may be truncated or incomplete.
#
#  Out of Memory Error (allocation.cpp:390), pid=2916, tid=0x0000000000001a3c
#
# JRE version: OpenJDK Runtime Environment (8.0_152-b02) (build 1.8.0_152-release-1024-b02)
# Java VM: OpenJDK 64-Bit Server VM (25.152-b02 mixed mode windows-amd64 compressed oops)
# Failed to write core dump. Minidumps are not enabled by default on client versions of Windows
#

---------------  T H R E A D  ---------------

Current thread (0x00000000147cb000):  JavaThread "C2 CompilerThread0" daemon [_thread_in_native, id=6716, stack(0x00000000157f0000,0x00000000158f0000)]

Stack: [0x00000000157f0000,0x00000000158f0000]
[error occurred during error reporting (printing stack bounds), id 0xc0000005]

Native frames: (J=compiled Java code, j=interpreted, Vv=VM code, C=native code)


Current CompileTask:
C2:   2003  845       4       com.android.dx.merge.DexMerger::transformDebugInfoItem (313 bytes)


---------------  P R O C E S S  ---------------

Java Threads: ( => current thread )
  0x0000000014847000 JavaThread "Service Thread" daemon [_thread_blocked, id=8796, stack(0x00000000159f0000,0x0000000015af0000)]
  0x00000000147ec000 JavaThread "C1 CompilerThread1" daemon [_thread_blocked, id=1108, stack(0x00000000158f0000,0x00000000159f0000)]
=>0x00000000147cb000 JavaThread "C2 CompilerThread0" daemon [_thread_in_native, id=6716, stack(0x00000000157f0000,0x00000000158f0000)]
  0x00000000147c9800 JavaThread "Attach Listener" daemon [_thread_blocked, id=1300, stack(0x00000000156f0000,0x00000000157f0000)]
  0x00000000147c8000 JavaThread "Signal Dispatcher" daemon [_thread_blocked, id=10912, stack(0x00000000155f0000,0x00000000156f0000)]
  0x00000000147b6800 JavaThread "Finalizer" daemon [_thread_blocked, id=3580, stack(0x0000000015400000,0x0000000015500000)]
  0x0000000002331000 JavaThread "Reference Handler" daemon [_thread_blocked, id=6868, stack(0x0000000015300000,0x0000000015400000)]
  0x0000000002242800 JavaThread "main" [_thread_in_native, id=10708, stack(0x0000000002140000,0x0000000002240000)]

Other Threads:
  0x0000000014795000 VMThread [stack: 0x0000000015200000,0x0000000015300000] [id=4692]
  0x000000001484b800 WatcherThread [stack: 0x0000000015af0000,0x0000000015bf0000] [id=6952]

VM state:not at safepoint (normal execution)

VM Mutex/Monitor currently owned by a thread: None

Heap:
 PSYoungGen      total 18944K, used 13623K [0x00000000eab00000, 0x00000000ec000000, 0x0000000100000000)
  eden space 16384K, 79% used [0x00000000eab00000,0x00000000eb7b5db8,0x00000000ebb00000)
  from space 2560K, 23% used [0x00000000ebb00000,0x00000000ebb98020,0x00000000ebd80000)
  to   space 2560K, 0% used [0x00000000ebd80000,0x00000000ebd80000,0x00000000ec000000)
 ParOldGen       total 44032K, used 34009K [0x00000000c0000000, 0x00000000c2b00000, 0x00000000eab00000)
  object space 44032K, 77% used [0x00000000c0000000,0x00000000c21366f8,0x00000000c2b00000)
 Metaspace       used 4779K, capacity 5464K, committed 5760K, reserved 1056768K
  class space    used 501K, capacity 528K, committed 640K, reserved 1048576K

Card table byte_map: [0x0000000011700000,0x0000000011910000] byte_map_base: 0x0000000011100000

Marking Bits: (ParMarkBitMap*) 0x0000000075bd4970
 Begin Bits: [0x0000000011c70000, 0x0000000012c70000)
 End Bits:   [0x0000000012c70000, 0x0000000013c70000)

Polling page: 0x0000000000530000

CodeCache: size=245760Kb used=3040Kb max_used=3040Kb free=242719Kb
 bounds [0x0000000002340000, 0x0000000002640000, 0x0000000011340000]
 total_blobs=1140 nmethods=865 adapters=190
 compilation: enabled

Compilation events (10 events):
Event: 1.827 Thread 0x00000000147ec000  889       2       com.android.dx.io.instructions.InstructionCodec$33::decode (99 bytes)
Event: 1.828 Thread 0x00000000147ec000 nmethod 889 0x0000000002638150 code [0x0000000002638380, 0x0000000002638e78]
Event: 1.828 Thread 0x00000000147ec000  890       2       com.android.dx.io.instructions.InstructionCodec$33::encode (131 bytes)
Event: 1.829 Thread 0x00000000147ec000 nmethod 890 0x0000000002639c90 code [0x0000000002639e60, 0x000000000263a508]
Event: 1.941 Thread 0x00000000147ec000  891       2       java.util.regex.Pattern$Ctype::isSatisfiedBy (24 bytes)
Event: 1.941 Thread 0x00000000147ec000 nmethod 891 0x0000000002622f90 code [0x00000000026230e0, 0x00000000026232b0]
Event: 1.941 Thread 0x00000000147ec000  892       2       java.util.regex.ASCII::isType (15 bytes)
Event: 1.941 Thread 0x00000000147ec000 nmethod 892 0x000000000263ad50 code [0x000000000263aea0, 0x000000000263b030]
Event: 1.941 Thread 0x00000000147ec000  893       2       java.util.regex.Matcher::start (22 bytes)
Event: 1.942 Thread 0x00000000147ec000 nmethod 893 0x000000000263b150 code [0x000000000263b2c0, 0x000000000263b4c8]

GC Heap History (10 events):
Event: 1.442 GC heap before
{Heap before GC invocations=7 (full 0):
 PSYoungGen      total 18944K, used 18078K [0x00000000eab00000, 0x00000000ec000000, 0x0000000100000000)
  eden space 16384K, 94% used [0x00000000eab00000,0x00000000eba2e0a8,0x00000000ebb00000)
  from space 2560K, 99% used [0x00000000ebd80000,0x00000000ebff9a50,0x00000000ec000000)
  to   space 2560K, 0% used [0x00000000ebb00000,0x00000000ebb00000,0x00000000ebd80000)
 ParOldGen       total 44032K, used 18287K [0x00000000c0000000, 0x00000000c2b00000, 0x00000000eab00000)
  object space 44032K, 41% used [0x00000000c0000000,0x00000000c11dbd28,0x00000000c2b00000)
 Metaspace       used 4751K, capacity 5464K, committed 5760K, reserved 1056768K
  class space    used 501K, capacity 528K, committed 640K, reserved 1048576K
Event: 1.450 GC heap after
Heap after GC invocations=7 (full 0):
 PSYoungGen      total 18944K, used 1735K [0x00000000eab00000, 0x00000000ec000000, 0x0000000100000000)
  eden space 16384K, 0% used [0x00000000eab00000,0x00000000eab00000,0x00000000ebb00000)
  from space 2560K, 67% used [0x00000000ebb00000,0x00000000ebcb1d68,0x00000000ebd80000)
  to   space 2560K, 0% used [0x00000000ebd80000,0x00000000ebd80000,0x00000000ec000000)
 ParOldGen       total 44032K, used 21557K [0x00000000c0000000, 0x00000000c2b00000, 0x00000000eab00000)
  object space 44032K, 48% used [0x00000000c0000000,0x00000000c150d618,0x00000000c2b00000)
 Metaspace       used 4751K, capacity 5464K, committed 5760K, reserved 1056768K
  class space    used 501K, capacity 528K, committed 640K, reserved 1048576K
}
Event: 1.536 GC heap before
{Heap before GC invocations=8 (full 0):
 PSYoungGen      total 18944K, used 18119K [0x00000000eab00000, 0x00000000ec000000, 0x0000000100000000)
  eden space 16384K, 100% used [0x00000000eab00000,0x00000000ebb00000,0x00000000ebb00000)
  from space 2560K, 67% used [0x00000000ebb00000,0x00000000ebcb1d68,0x00000000ebd80000)
  to   space 2560K, 0% used [0x00000000ebd80000,0x00000000ebd80000,0x00000000ec000000)
 ParOldGen       total 44032K, used 21557K [0x00000000c0000000, 0x00000000c2b00000, 0x00000000eab00000)
  object space 44032K, 48% used [0x00000000c0000000,0x00000000c150d618,0x00000000c2b00000)
 Metaspace       used 4766K, capacity 5464K, committed 5760K, reserved 1056768K
  class space    used 501K, capacity 528K, committed 640K, reserved 1048576K
Event: 1.550 GC heap after
Heap after GC invocations=8 (full 0):
 PSYoungGen      total 18944K, used 2537K [0x00000000eab00000, 0x00000000ec000000, 0x0000000100000000)
  eden space 16384K, 0% used [0x00000000eab00000,0x00000000eab00000,0x00000000ebb00000)
  from space 2560K, 99% used [0x00000000ebd80000,0x00000000ebffa5d0,0x00000000ec000000)
  to   space 2560K, 0% used [0x00000000ebb00000,0x00000000ebb00000,0x00000000ebd80000)
 ParOldGen       total 44032K, used 26245K [0x00000000c0000000, 0x00000000c2b00000, 0x00000000eab00000)
  object space 44032K, 59% used [0x00000000c0000000,0x00000000c19a1780,0x00000000c2b00000)
 Metaspace       used 4766K, capacity 5464K, committed 5760K, reserved 1056768K
  class space    used 501K, capacity 528K, committed 640K, reserved 1048576K
}
Event: 1.612 GC heap before
{Heap before GC invocations=9 (full 0):
 PSYoungGen      total 18944K, used 18921K [0x00000000eab00000, 0x00000000ec000000, 0x0000000100000000)
  eden space 16384K, 100% used [0x00000000eab00000,0x00000000ebb00000,0x00000000ebb00000)
  from space 2560K, 99% used [0x00000000ebd80000,0x00000000ebffa5d0,0x00000000ec000000)
  to   space 2560K, 0% used [0x00000000ebb00000,0x00000000ebb00000,0x00000000ebd80000)
 ParOldGen       total 44032K, used 26245K [0x00000000c0000000, 0x00000000c2b00000, 0x00000000eab00000)
  object space 44032K, 59% used [0x00000000c0000000,0x00000000c19a1780,0x00000000c2b00000)
 Metaspace       used 4766K, capacity 5464K, committed 5760K, reserved 1056768K
  class space    used 501K, capacity 528K, committed 640K, reserved 1048576K
Event: 1.691 GC heap after
Heap after GC invocations=9 (full 0):
 PSYoungGen      total 18944K, used 861K [0x00000000eab00000, 0x00000000ec000000, 0x0000000100000000)
  eden space 16384K, 0% used [0x00000000eab00000,0x00000000eab00000,0x00000000ebb00000)
  from space 2560K, 33% used [0x00000000ebb00000,0x00000000ebbd76e8,0x00000000ebd80000)
  to   space 2560K, 0% used [0x00000000ebd80000,0x00000000ebd80000,0x00000000ec000000)
 ParOldGen       total 44032K, used 27940K [0x00000000c0000000, 0x00000000c2b00000, 0x00000000eab00000)
  object space 44032K, 63% used [0x00000000c0000000,0x00000000c1b490e8,0x00000000c2b00000)
 Metaspace       used 4766K, capacity 5464K, committed 5760K, reserved 1056768K
  class space    used 501K, capacity 528K, committed 640K, reserved 1048576K
}
Event: 1.761 GC heap before
{Heap before GC invocations=10 (full 0):
 PSYoungGen      total 18944K, used 17245K [0x00000000eab00000, 0x00000000ec000000, 0x0000000100000000)
  eden space 16384K, 100% used [0x00000000eab00000,0x00000000ebb00000,0x00000000ebb00000)
  from space 2560K, 33% used [0x00000000ebb00000,0x00000000ebbd76e8,0x00000000ebd80000)
  to   space 2560K, 0% used [0x00000000ebd80000,0x00000000ebd80000,0x00000000ec000000)
 ParOldGen       total 44032K, used 27940K [0x00000000c0000000, 0x00000000c2b00000, 0x00000000eab00000)
  object space 44032K, 63% used [0x00000000c0000000,0x00000000c1b490e8,0x00000000c2b00000)
 Metaspace       used 4770K, capacity 5464K, committed 5760K, reserved 1056768K
  class space    used 501K, capacity 528K, committed 640K, reserved 1048576K
Event: 1.768 GC heap after
Heap after GC invocations=10 (full 0):
 PSYoungGen      total 18944K, used 463K [0x00000000eab00000, 0x00000000ec000000, 0x0000000100000000)
  eden space 16384K, 0% used [0x00000000eab00000,0x00000000eab00000,0x00000000ebb00000)
  from space 2560K, 18% used [0x00000000ebd80000,0x00000000ebdf3cf0,0x00000000ec000000)
  to   space 2560K, 0% used [0x00000000ebb00000,0x00000000ebb00000,0x00000000ebd80000)
 ParOldGen       total 44032K, used 33629K [0x00000000c0000000, 0x00000000c2b00000, 0x00000000eab00000)
  object space 44032K, 76% used [0x00000000c0000000,0x00000000c20d7558,0x00000000c2b00000)
 Metaspace       used 4770K, capacity 5464K, committed 5760K, reserved 1056768K
  class space    used 501K, capacity 528K, committed 640K, reserved 1048576K
}
Event: 1.852 GC heap before
{Heap before GC invocations=11 (full 0):
 PSYoungGen      total 18944K, used 16847K [0x00000000eab00000, 0x00000000ec000000, 0x0000000100000000)
  eden space 16384K, 100% used [0x00000000eab00000,0x00000000ebb00000,0x00000000ebb00000)
  from space 2560K, 18% used [0x00000000ebd80000,0x00000000ebdf3cf0,0x00000000ec000000)
  to   space 2560K, 0% used [0x00000000ebb00000,0x00000000ebb00000,0x00000000ebd80000)
 ParOldGen       total 44032K, used 33629K [0x00000000c0000000, 0x00000000c2b00000, 0x00000000eab00000)
  object space 44032K, 76% used [0x00000000c0000000,0x00000000c20d7558,0x00000000c2b00000)
 Metaspace       used 4776K, capacity 5464K, committed 5760K, reserved 1056768K
  class space    used 501K, capacity 528K, committed 640K, reserved 1048576K
Event: 1.893 GC heap after
Heap after GC invocations=11 (full 0):
 PSYoungGen      total 18944K, used 608K [0x00000000eab00000, 0x00000000ec000000, 0x0000000100000000)
  eden space 16384K, 0% used [0x00000000eab00000,0x00000000eab00000,0x00000000ebb00000)
  from space 2560K, 23% used [0x00000000ebb00000,0x00000000ebb98020,0x00000000ebd80000)
  to   space 2560K, 0% used [0x00000000ebd80000,0x00000000ebd80000,0x00000000ec000000)
 ParOldGen       total 44032K, used 34009K [0x00000000c0000000, 0x00000000c2b00000, 0x00000000eab00000)
  object space 44032K, 77% used [0x00000000c0000000,0x00000000c21366f8,0x00000000c2b00000)
 Metaspace       used 4776K, capacity 5464K, committed 5760K, reserved 1056768K
  class space    used 501K, capacity 528K, committed 640K, reserved 1048576K
}

Deoptimization events (2 events):
Event: 0.545 Thread 0x0000000002242800 Uncommon trap: reason=unstable_if action=reinterpret pc=0x00000000024b0d14 method=java.lang.String.indexOf(II)I @ 49
Event: 0.743 Thread 0x0000000002242800 Uncommon trap: reason=predicate action=maybe_recompile pc=0x0000000002556124 method=com.android.dex.Leb128.readUnsignedLeb128(Lcom/android/dex/util/ByteInput;)I @ 41

Classes redefined (0 events):
No events

Internal exceptions (2 events):
Event: 0.047 Thread 0x0000000002242800 Exception <a 'java/lang/NoSuchMethodError': Method sun.misc.Unsafe.defineClass(Ljava/lang/String;[BII)Ljava/lang/Class; name or signature does not match> (0x00000000eab07ca8) thrown at [D:\src\AOSP-openjdk-cygwin\jdk8u\hotspot\src\share\vm\prims\jni.cpp, 
Event: 0.048 Thread 0x0000000002242800 Exception <a 'java/lang/NoSuchMethodError': Method sun.misc.Unsafe.prefetchRead(Ljava/lang/Object;J)V name or signature does not match> (0x00000000eab07f90) thrown at [D:\src\AOSP-openjdk-cygwin\jdk8u\hotspot\src\share\vm\prims\jni.cpp, line 4011]

Events (10 events):
Event: 1.612 Executing VM operation: ParallelGCFailedAllocation
Event: 1.691 Executing VM operation: ParallelGCFailedAllocation done
Event: 1.760 Executing VM operation: ParallelGCFailedAllocation
Event: 1.768 Executing VM operation: ParallelGCFailedAllocation done
Event: 1.773 Thread 0x0000000002242800 DEOPT PACKING pc=0x00000000025e0cd7 sp=0x000000000223ea80
Event: 1.773 Thread 0x0000000002242800 DEOPT UNPACKING pc=0x00000000023871d0 sp=0x000000000223e7f8 mode 0
Event: 1.793 Thread 0x0000000002242800 DEOPT PACKING pc=0x00000000026083d7 sp=0x000000000223eb70
Event: 1.793 Thread 0x0000000002242800 DEOPT UNPACKING pc=0x00000000023871d0 sp=0x000000000223e8c0 mode 0
Event: 1.852 Executing VM operation: ParallelGCFailedAllocation
Event: 1.893 Executing VM operation: ParallelGCFailedAllocation done


Dynamic libraries:
0x00007ff7faad0000 - 0x00007ff7fab01000 	D:\Android\Android Studio\jre\bin\java.exe
0x00007ffba6970000 - 0x00007ffba6b51000 	C:\Windows\SYSTEM32\ntdll.dll
0x00007ffba3e30000 - 0x00007ffba3ee2000 	C:\Windows\System32\KERNEL32.DLL
0x00007ffba2e90000 - 0x00007ffba3103000 	C:\Windows\System32\KERNELBASE.dll
0x00007ffba4f00000 - 0x00007ffba4fa1000 	C:\Windows\System32\ADVAPI32.dll
0x00007ffba4c60000 - 0x00007ffba4cfe000 	C:\Windows\System32\msvcrt.dll
0x00007ffba4df0000 - 0x00007ffba4e4b000 	C:\Windows\System32\sechost.dll
0x00007ffba44e0000 - 0x00007ffba4604000 	C:\Windows\System32\RPCRT4.dll
0x00007ffba4350000 - 0x00007ffba44e0000 	C:\Windows\System32\USER32.dll
0x00007ffba3d60000 - 0x00007ffba3d80000 	C:\Windows\System32\win32u.dll
0x00007ffba3e00000 - 0x00007ffba3e28000 	C:\Windows\System32\GDI32.dll
0x00007ffba3b20000 - 0x00007ffba3cb2000 	C:\Windows\System32\gdi32full.dll
0x00007ffba3cc0000 - 0x00007ffba3d5f000 	C:\Windows\System32\msvcp_win.dll
0x00007ffba2d40000 - 0x00007ffba2e3a000 	C:\Windows\System32\ucrtbase.dll
0x00007ffb926d0000 - 0x00007ffb92939000 	C:\Windows\WinSxS\amd64_microsoft.windows.common-controls_6595b64144ccf1df_6.0.17134.345_none_fb429a5930656358\COMCTL32.dll
0x00007ffba4930000 - 0x00007ffba4c53000 	C:\Windows\System32\combase.dll
0x00007ffba3d80000 - 0x00007ffba3dfa000 	C:\Windows\System32\bcryptPrimitives.dll
0x00007ffba4860000 - 0x00007ffba488d000 	C:\Windows\System32\IMM32.DLL
0x0000000077d80000 - 0x0000000077e52000 	D:\Android\Android Studio\jre\jre\bin\msvcr100.dll
0x0000000075410000 - 0x0000000075c4f000 	D:\Android\Android Studio\jre\jre\bin\server\jvm.dll
0x00007ffba3ef0000 - 0x00007ffba3ef8000 	C:\Windows\System32\PSAPI.DLL
0x00007ffba0df0000 - 0x00007ffba0e13000 	C:\Windows\SYSTEM32\WINMM.dll
0x00007ffb9eca0000 - 0x00007ffb9ecaa000 	C:\Windows\SYSTEM32\VERSION.dll
0x00007ffba0dc0000 - 0x00007ffba0dea000 	C:\Windows\SYSTEM32\WINMMBASE.dll
0x00007ffba2e40000 - 0x00007ffba2e89000 	C:\Windows\System32\cfgmgr32.dll
0x00007ffba0080000 - 0x00007ffba0089000 	C:\Windows\SYSTEM32\WSOCK32.dll
0x00007ffba47f0000 - 0x00007ffba485c000 	C:\Windows\System32\WS2_32.dll
0x00007ffb9f710000 - 0x00007ffb9f71f000 	D:\Android\Android Studio\jre\jre\bin\verify.dll
0x00007ffb9db40000 - 0x00007ffb9db69000 	D:\Android\Android Studio\jre\jre\bin\java.dll
0x00007ffb9e180000 - 0x00007ffb9e196000 	D:\Android\Android Studio\jre\jre\bin\zip.dll
0x00007ffba5480000 - 0x00007ffba68bf000 	C:\Windows\System32\SHELL32.dll
0x00007ffba4e50000 - 0x00007ffba4ef9000 	C:\Windows\System32\shcore.dll
0x00007ffba3410000 - 0x00007ffba3b1d000 	C:\Windows\System32\windows.storage.dll
0x00007ffba4610000 - 0x00007ffba4661000 	C:\Windows\System32\shlwapi.dll
0x00007ffba2ca0000 - 0x00007ffba2cb1000 	C:\Windows\System32\kernel.appcore.dll
0x00007ffba2c80000 - 0x00007ffba2c9f000 	C:\Windows\System32\profapi.dll
0x00007ffba2cd0000 - 0x00007ffba2d1c000 	C:\Windows\System32\powrprof.dll
0x00007ffba2cc0000 - 0x00007ffba2cca000 	C:\Windows\System32\FLTLIB.DLL

VM Arguments:
jvm_args: -Djava.awt.headless=true -Xmx1024M -Dfile.encoding=windows-1252 -Duser.country=US -Duser.language=en -Duser.variant 
java_command: com.android.dx.command.Main --dex --num-threads=4 --output C:\Android-Face-Recognition-with-Deep-Learning-Test-Framework-master\app\build\intermediates\transforms\dex\debug\folders\1000\1f\main C:\Android-Face-Recognition-with-Deep-Learning-Test-Framework-master\app\build\intermediates\pre-dexed\debug\support-annotations-23.3.0_d9215a135e06e5e61ca91ff6a5b453b020e22a60.jar C:\Android-Face-Recognition-with-Deep-Learning-Test-Framework-master\app\build\intermediates\pre-dexed\debug\com.android.support-animated-vector-drawable-23.3.0_0dac69ab0e01667beeaa1eaa1da9c42b5f21c9e2.jar C:\Android-Face-Recognition-with-Deep-Learning-Test-Framework-master\app\build\intermediates\pre-dexed\debug\org.tensorflow-tensorflow-android-1.2.0-rc0_0abf5d07ed4748bcb71aa7be7288af4b4a2702d8.jar C:\Android-Face-Recognition-with-Deep-Learning-Test-Framework-master\app\build\intermediates\pre-dexed\debug\com.android.support-support-vector-drawable-23.3.0_ac72bd45ed73aae051e73c6eab82c23663de5a37.jar C:\Android-Face-Recognition-with-Deep-Learning-Test-Framework-master\app\build\intermediates\pre-dexed\debug\ch.zhaw-facerecognitionlibrary-1.5.3_4054d87743dae06cffe27c6fbb8063b2ea42a9ea.jar C:\Android-Face-Recognition-with-Deep-Learning-Test-Framework-master\app\build\intermediates\pre-dexed\debug\com.android.support.constraint-constraint-layout-1.1.3_b318ec69c327cf626b60c9a0d781f7d1813dc428.jar C:\Android-Face-Recognition-with-Deep-Learning-Test-Framework-master\app\build\intermediates\pre-dexed\debug\debug_a5571acfeb118e628b4b2f9d1dd119f34bd6758b.jar C:\Android-Face-Recognition-with-Deep-Learning-Test-Framework-master\app\build\intermediates\pre-dexed\debug\constraint-layout-solver-1.1.3_5da7ff74f94e614f87be3eafe6c5be26d4e46c2a.jar C:\Android-Face-Recognition-with-Deep-Learning-Test-Framework-master\app\build\intermediates\pre-dexed\debug\internal_impl-23.3.0_ec561b82ac5e35068d7d3b6fdca409c93b81e5db.jar C:\Android-Face-Recognition-with-Deep-Learning-Test-Framework-master\app\build\i
java_class_path (initial): C:\Users\Ajwl\AppData\Local\Android\Sdk\build-tools\23.0.1\lib\dx.jar
Launcher Type: SUN_STANDARD

Environment Variables:
JAVA_HOME=C:\Program Files\Java\jdk1.8.0_181
CLASSPATH=C:\Program Files\Java\jre1.8.0_181\lib
PATH=C:\Program Files (x86)\Common Files\Oracle\Java\javapath;"%JAVA_HOME%;%JAVA_HOME%\bin;";C:\Windows\system32;C:\Windows;C:\Windows\System32\Wbem;C:\Windows\System32\WindowsPowerShell\v1.0\;C:\Windows\System32\OpenSSH\;D:\Go\bin;D:\Microsoft VS Code\bin;C:\Program Files\Git\cmd;D:\nodejs\;C:\Program Files\Java\jdk1.8.0_181\bin;C:\Program Files\Java\jre1.8.0_181\bin;C:\bazel;C:\msys64\usr\bin;D:\PyCharm Community Edition 2018.2.4\Scripts\;D:\PyCharm Community Edition 2018.2.4\;C:\Users\Ajwl\AppData\Local\Microsoft\WindowsApps;%GOPATH%\bin;C:\Users\Ajwl\AppData\Roaming\npm
USERNAME=Ajwl
OS=Windows_NT
PROCESSOR_IDENTIFIER=AMD64 Family 21 Model 112 Stepping 0, AuthenticAMD



---------------  S Y S T E M  ---------------

OS: Windows 10.0 , 64 bit Build 17134 (10.0.17134.1)

CPU:total 2 (initial active 2) (2 cores per cpu, 1 threads per core) family 21 model 112 stepping 0, cmov, cx8, fxsr, mmx, sse, sse2, sse3, ssse3, sse4.1, sse4.2, popcnt, avx, avx2, aes, clmul, mmxext, 3dnowpref, lzcnt, sse4a, tsc, tscinvbit, tscinv, bmi1

Memory: 4k page, physical 4068724k(652476k free), swap 5117300k(4096k free)

vm_info: OpenJDK 64-Bit Server VM (25.152-b02) for windows-amd64 JRE (1.8.0_152-release-1024-b02), built by "builder" with MS VC++ 10.0 (VS2010)

time: Sat Oct 27 23:02:00 2018
elapsed time: 2 seconds (0d 0h 0m 2s)

