#
# There is insufficient memory for the Java Runtime Environment to continue.
# Native memory allocation (malloc) failed to allocate 340656 bytes for Chunk::new
# Possible reasons:
#   The system is out of physical RAM or swap space
#   In 32 bit mode, the process size limit was hit
# Possible solutions:
#   Reduce memory load on the system
#   Increase physical memory or swap space
#   Check if swap backing store is full
#   Use 64 bit Java on a 64 bit OS
#   Decrease Java heap size (-Xmx/-Xms)
#   Decrease number of Java threads
#   Decrease Java thread stack sizes (-Xss)
#   Set larger code cache with -XX:ReservedCodeCacheSize=
# This output file may be truncated or incomplete.
#
#  Out of Memory Error (allocation.cpp:390), pid=5584, tid=0x000000000000256c
#
# JRE version: OpenJDK Runtime Environment (8.0_152-b02) (build 1.8.0_152-release-1024-b02)
# Java VM: OpenJDK 64-Bit Server VM (25.152-b02 mixed mode windows-amd64 compressed oops)
# Failed to write core dump. Minidumps are not enabled by default on client versions of Windows
#

---------------  T H R E A D  ---------------

Current thread (0x00000000150f8000):  JavaThread "C2 CompilerThread0" daemon [_thread_in_native, id=9580, stack(0x0000000016120000,0x0000000016220000)]

Stack: [0x0000000016120000,0x0000000016220000]
[error occurred during error reporting (printing stack bounds), id 0xc0000005]

Native frames: (J=compiled Java code, j=interpreted, Vv=VM code, C=native code)


Current CompileTask:
C2:  20238 2118   !   4       com.android.dx.rop.type.Type::intern (319 bytes)


---------------  P R O C E S S  ---------------

Java Threads: ( => current thread )
  0x0000000015153800 JavaThread "Service Thread" daemon [_thread_blocked, id=3680, stack(0x0000000016320000,0x0000000016420000)]
  0x00000000150fb000 JavaThread "C1 CompilerThread1" daemon [_thread_blocked, id=9688, stack(0x0000000016220000,0x0000000016320000)]
=>0x00000000150f8000 JavaThread "C2 CompilerThread0" daemon [_thread_in_native, id=9580, stack(0x0000000016120000,0x0000000016220000)]
  0x00000000150f6800 JavaThread "Attach Listener" daemon [_thread_blocked, id=2056, stack(0x0000000016020000,0x0000000016120000)]
  0x00000000150f5000 JavaThread "Signal Dispatcher" daemon [_thread_blocked, id=8028, stack(0x0000000015f20000,0x0000000016020000)]
  0x00000000150e6800 JavaThread "Finalizer" daemon [_thread_blocked, id=3636, stack(0x0000000015d30000,0x0000000015e30000)]
  0x0000000002c5f000 JavaThread "Reference Handler" daemon [_thread_blocked, id=2092, stack(0x0000000015c30000,0x0000000015d30000)]
  0x0000000002a6d800 JavaThread "main" [_thread_in_native, id=4388, stack(0x00000000028b0000,0x00000000029b0000)]

Other Threads:
  0x00000000150c5000 VMThread [stack: 0x0000000015b30000,0x0000000015c30000] [id=10632]
  0x0000000015157800 WatcherThread [stack: 0x0000000016420000,0x0000000016520000] [id=6752]

VM state:not at safepoint (normal execution)

VM Mutex/Monitor currently owned by a thread: None

Heap:
 PSYoungGen      total 142848K, used 56968K [0x00000000eab00000, 0x00000000fa180000, 0x0000000100000000)
  eden space 124928K, 45% used [0x00000000eab00000,0x00000000ee2a2128,0x00000000f2500000)
  from space 17920K, 0% used [0x00000000f2500000,0x00000000f2500000,0x00000000f3680000)
  to   space 26112K, 0% used [0x00000000f8800000,0x00000000f8800000,0x00000000fa180000)
 ParOldGen       total 102912K, used 43943K [0x00000000c0000000, 0x00000000c6480000, 0x00000000eab00000)
  object space 102912K, 42% used [0x00000000c0000000,0x00000000c2ae9cb8,0x00000000c6480000)
 Metaspace       used 7364K, capacity 7736K, committed 7936K, reserved 1056768K
  class space    used 663K, capacity 688K, committed 768K, reserved 1048576K

Card table byte_map: [0x0000000012030000,0x0000000012240000] byte_map_base: 0x0000000011a30000

Marking Bits: (ParMarkBitMap*) 0x0000000075bd4970
 Begin Bits: [0x00000000125a0000, 0x00000000135a0000)
 End Bits:   [0x00000000135a0000, 0x00000000145a0000)

Polling page: 0x0000000001050000

CodeCache: size=245760Kb used=11214Kb max_used=11224Kb free=234545Kb
 bounds [0x0000000002c70000, 0x0000000003770000, 0x0000000011c70000]
 total_blobs=2879 nmethods=2603 adapters=190
 compilation: enabled

Compilation events (10 events):
Event: 20.212 Thread 0x00000000150fb000 nmethod 2634 0x0000000002d7b590 code [0x0000000002d7b700, 0x0000000002d7b868]
Event: 20.212 Thread 0x00000000150fb000 2636   !   2       java.util.zip.Deflater::needsInput (27 bytes)
Event: 20.213 Thread 0x00000000150fb000 nmethod 2636 0x0000000002d79710 code [0x0000000002d79860, 0x0000000002d79b50]
Event: 20.213 Thread 0x00000000150fb000 2637       2       java.util.zip.DeflaterOutputStream::deflate (36 bytes)
Event: 20.213 Thread 0x00000000150fb000 nmethod 2637 0x0000000003766110 code [0x0000000003766280, 0x0000000003766458]
Event: 20.214 Thread 0x00000000150f8000 nmethod 2623 0x00000000037617d0 code [0x0000000003761980, 0x0000000003762210]
Event: 20.215 Thread 0x00000000150f8000 2615       4       java.util.HashMap::put (13 bytes)
Event: 20.216 Thread 0x00000000150f8000 nmethod 2615 0x0000000003762c90 code [0x0000000003762de0, 0x0000000003762f08]
Event: 20.216 Thread 0x00000000150f8000 2118   !   4       com.android.dx.rop.type.Type::intern (319 bytes)
Event: 20.233 Thread 0x00000000150fb000 2639   !   2       java.util.zip.Deflater::deflate (140 bytes)

GC Heap History (10 events):
Event: 8.777 GC heap before
{Heap before GC invocations=7 (full 0):
 PSYoungGen      total 72192K, used 72179K [0x00000000eab00000, 0x00000000efc00000, 0x0000000100000000)
  eden space 64512K, 100% used [0x00000000eab00000,0x00000000eea00000,0x00000000eea00000)
  from space 7680K, 99% used [0x00000000ef280000,0x00000000ef9fce58,0x00000000efa00000)
  to   space 8704K, 0% used [0x00000000eea00000,0x00000000eea00000,0x00000000ef280000)
 ParOldGen       total 44032K, used 14401K [0x00000000c0000000, 0x00000000c2b00000, 0x00000000eab00000)
  object space 44032K, 32% used [0x00000000c0000000,0x00000000c0e10460,0x00000000c2b00000)
 Metaspace       used 6489K, capacity 7192K, committed 7424K, reserved 1056768K
  class space    used 609K, capacity 656K, committed 768K, reserved 1048576K
Event: 8.902 GC heap after
Heap after GC invocations=7 (full 0):
 PSYoungGen      total 73216K, used 8685K [0x00000000eab00000, 0x00000000f4400000, 0x0000000100000000)
  eden space 64512K, 0% used [0x00000000eab00000,0x00000000eab00000,0x00000000eea00000)
  from space 8704K, 99% used [0x00000000eea00000,0x00000000ef27b668,0x00000000ef280000)
  to   space 13824K, 0% used [0x00000000f3680000,0x00000000f3680000,0x00000000f4400000)
 ParOldGen       total 44032K, used 22211K [0x00000000c0000000, 0x00000000c2b00000, 0x00000000eab00000)
  object space 44032K, 50% used [0x00000000c0000000,0x00000000c15b0d88,0x00000000c2b00000)
 Metaspace       used 6489K, capacity 7192K, committed 7424K, reserved 1056768K
  class space    used 609K, capacity 656K, committed 768K, reserved 1048576K
}
Event: 9.905 GC heap before
{Heap before GC invocations=8 (full 0):
 PSYoungGen      total 73216K, used 73197K [0x00000000eab00000, 0x00000000f4400000, 0x0000000100000000)
  eden space 64512K, 100% used [0x00000000eab00000,0x00000000eea00000,0x00000000eea00000)
  from space 8704K, 99% used [0x00000000eea00000,0x00000000ef27b668,0x00000000ef280000)
  to   space 13824K, 0% used [0x00000000f3680000,0x00000000f3680000,0x00000000f4400000)
 ParOldGen       total 44032K, used 22211K [0x00000000c0000000, 0x00000000c2b00000, 0x00000000eab00000)
  object space 44032K, 50% used [0x00000000c0000000,0x00000000c15b0d88,0x00000000c2b00000)
 Metaspace       used 6511K, capacity 7256K, committed 7424K, reserved 1056768K
  class space    used 609K, capacity 656K, committed 768K, reserved 1048576K
Event: 9.979 GC heap after
Heap after GC invocations=8 (full 0):
 PSYoungGen      total 138752K, used 13811K [0x00000000eab00000, 0x00000000f4c00000, 0x0000000100000000)
  eden space 124928K, 0% used [0x00000000eab00000,0x00000000eab00000,0x00000000f2500000)
  from space 13824K, 99% used [0x00000000f3680000,0x00000000f43fcf28,0x00000000f4400000)
  to   space 17920K, 0% used [0x00000000f2500000,0x00000000f2500000,0x00000000f3680000)
 ParOldGen       total 44032K, used 27634K [0x00000000c0000000, 0x00000000c2b00000, 0x00000000eab00000)
  object space 44032K, 62% used [0x00000000c0000000,0x00000000c1afc968,0x00000000c2b00000)
 Metaspace       used 6511K, capacity 7256K, committed 7424K, reserved 1056768K
  class space    used 609K, capacity 656K, committed 768K, reserved 1048576K
}
Event: 11.849 GC heap before
{Heap before GC invocations=9 (full 0):
 PSYoungGen      total 138752K, used 138739K [0x00000000eab00000, 0x00000000f4c00000, 0x0000000100000000)
  eden space 124928K, 100% used [0x00000000eab00000,0x00000000f2500000,0x00000000f2500000)
  from space 13824K, 99% used [0x00000000f3680000,0x00000000f43fcf28,0x00000000f4400000)
  to   space 17920K, 0% used [0x00000000f2500000,0x00000000f2500000,0x00000000f3680000)
 ParOldGen       total 44032K, used 27634K [0x00000000c0000000, 0x00000000c2b00000, 0x00000000eab00000)
  object space 44032K, 62% used [0x00000000c0000000,0x00000000c1afc968,0x00000000c2b00000)
 Metaspace       used 6541K, capacity 7256K, committed 7424K, reserved 1056768K
  class space    used 609K, capacity 656K, committed 768K, reserved 1048576K
Event: 12.047 GC heap after
Heap after GC invocations=9 (full 0):
 PSYoungGen      total 142848K, used 17889K [0x00000000eab00000, 0x00000000fa180000, 0x0000000100000000)
  eden space 124928K, 0% used [0x00000000eab00000,0x00000000eab00000,0x00000000f2500000)
  from space 17920K, 99% used [0x00000000f2500000,0x00000000f3678498,0x00000000f3680000)
  to   space 26112K, 0% used [0x00000000f8800000,0x00000000f8800000,0x00000000fa180000)
 ParOldGen       total 44032K, used 41169K [0x00000000c0000000, 0x00000000c2b00000, 0x00000000eab00000)
  object space 44032K, 93% used [0x00000000c0000000,0x00000000c2834730,0x00000000c2b00000)
 Metaspace       used 6541K, capacity 7256K, committed 7424K, reserved 1056768K
  class space    used 609K, capacity 656K, committed 768K, reserved 1048576K
}
Event: 12.047 GC heap before
{Heap before GC invocations=10 (full 1):
 PSYoungGen      total 142848K, used 17889K [0x00000000eab00000, 0x00000000fa180000, 0x0000000100000000)
  eden space 124928K, 0% used [0x00000000eab00000,0x00000000eab00000,0x00000000f2500000)
  from space 17920K, 99% used [0x00000000f2500000,0x00000000f3678498,0x00000000f3680000)
  to   space 26112K, 0% used [0x00000000f8800000,0x00000000f8800000,0x00000000fa180000)
 ParOldGen       total 44032K, used 41169K [0x00000000c0000000, 0x00000000c2b00000, 0x00000000eab00000)
  object space 44032K, 93% used [0x00000000c0000000,0x00000000c2834730,0x00000000c2b00000)
 Metaspace       used 6541K, capacity 7256K, committed 7424K, reserved 1056768K
  class space    used 609K, capacity 656K, committed 768K, reserved 1048576K
Event: 13.877 GC heap after
Heap after GC invocations=10 (full 1):
 PSYoungGen      total 142848K, used 11182K [0x00000000eab00000, 0x00000000fa180000, 0x0000000100000000)
  eden space 124928K, 0% used [0x00000000eab00000,0x00000000eab00000,0x00000000f2500000)
  from space 17920K, 62% used [0x00000000f2500000,0x00000000f2febb30,0x00000000f3680000)
  to   space 26112K, 0% used [0x00000000f8800000,0x00000000f8800000,0x00000000fa180000)
 ParOldGen       total 44032K, used 43555K [0x00000000c0000000, 0x00000000c2b00000, 0x00000000eab00000)
  object space 44032K, 98% used [0x00000000c0000000,0x00000000c2a88d00,0x00000000c2b00000)
 Metaspace       used 6541K, capacity 7256K, committed 7424K, reserved 1056768K
  class space    used 609K, capacity 656K, committed 768K, reserved 1048576K
}
Event: 16.361 GC heap before
{Heap before GC invocations=11 (full 2):
 PSYoungGen      total 142848K, used 136110K [0x00000000eab00000, 0x00000000fa180000, 0x0000000100000000)
  eden space 124928K, 100% used [0x00000000eab00000,0x00000000f2500000,0x00000000f2500000)
  from space 17920K, 62% used [0x00000000f2500000,0x00000000f2febb30,0x00000000f3680000)
  to   space 26112K, 0% used [0x00000000f8800000,0x00000000f8800000,0x00000000fa180000)
 ParOldGen       total 44032K, used 43555K [0x00000000c0000000, 0x00000000c2b00000, 0x00000000eab00000)
  object space 44032K, 98% used [0x00000000c0000000,0x00000000c2a88d00,0x00000000c2b00000)
 Metaspace       used 6659K, capacity 7320K, committed 7680K, reserved 1056768K
  class space    used 615K, capacity 656K, committed 768K, reserved 1048576K
Event: 18.197 GC heap after
Heap after GC invocations=11 (full 2):
 PSYoungGen      total 142848K, used 28298K [0x00000000eab00000, 0x00000000fa180000, 0x0000000100000000)
  eden space 124928K, 22% used [0x00000000eab00000,0x00000000ec6a2a28,0x00000000f2500000)
  from space 17920K, 0% used [0x00000000f2500000,0x00000000f2500000,0x00000000f3680000)
  to   space 26112K, 0% used [0x00000000f8800000,0x00000000f8800000,0x00000000fa180000)
 ParOldGen       total 102912K, used 43943K [0x00000000c0000000, 0x00000000c6480000, 0x00000000eab00000)
  object space 102912K, 42% used [0x00000000c0000000,0x00000000c2ae9cb8,0x00000000c6480000)
 Metaspace       used 6659K, capacity 7320K, committed 7680K, reserved 1056768K
  class space    used 615K, capacity 656K, committed 768K, reserved 1048576K
}

Deoptimization events (10 events):
Event: 19.371 Thread 0x0000000002a6d800 Uncommon trap: reason=unstable_if action=reinterpret pc=0x00000000036504f0 method=com.android.dx.rop.code.RegisterSpec.equalsUsingSimpleType(Lcom/android/dx/rop/code/RegisterSpec;)Z @ 5
Event: 20.118 Thread 0x0000000002a6d800 Uncommon trap: reason=unstable_if action=reinterpret pc=0x0000000002f7139c method=java.util.Arrays.copyOf([Ljava/lang/Object;ILjava/lang/Class;)[Ljava/lang/Object; @ 3
Event: 20.126 Thread 0x0000000002a6d800 Uncommon trap: reason=speculate_class_check action=maybe_recompile pc=0x00000000035517f4 method=java.util.HashMap.putVal(ILjava/lang/Object;Ljava/lang/Object;ZZ)Ljava/lang/Object; @ 56
Event: 20.126 Thread 0x0000000002a6d800 Uncommon trap: reason=speculate_class_check action=maybe_recompile pc=0x0000000003551860 method=java.util.HashMap.putVal(ILjava/lang/Object;Ljava/lang/Object;ZZ)Ljava/lang/Object; @ 152
Event: 20.126 Thread 0x0000000002a6d800 Uncommon trap: reason=speculate_class_check action=maybe_recompile pc=0x00000000035517f4 method=java.util.HashMap.putVal(ILjava/lang/Object;Ljava/lang/Object;ZZ)Ljava/lang/Object; @ 56
Event: 20.126 Thread 0x0000000002a6d800 Uncommon trap: reason=speculate_class_check action=maybe_recompile pc=0x00000000035517f4 method=java.util.HashMap.putVal(ILjava/lang/Object;Ljava/lang/Object;ZZ)Ljava/lang/Object; @ 56
Event: 20.126 Thread 0x0000000002a6d800 Uncommon trap: reason=class_check action=maybe_recompile pc=0x0000000003479000 method=java.util.HashMap.putVal(ILjava/lang/Object;Ljava/lang/Object;ZZ)Ljava/lang/Object; @ 56
Event: 20.126 Thread 0x0000000002a6d800 Uncommon trap: reason=class_check action=maybe_recompile pc=0x0000000003479000 method=java.util.HashMap.putVal(ILjava/lang/Object;Ljava/lang/Object;ZZ)Ljava/lang/Object; @ 56
Event: 20.126 Thread 0x0000000002a6d800 Uncommon trap: reason=class_check action=maybe_recompile pc=0x0000000003479000 method=java.util.HashMap.putVal(ILjava/lang/Object;Ljava/lang/Object;ZZ)Ljava/lang/Object; @ 56
Event: 20.126 Thread 0x0000000002a6d800 Uncommon trap: reason=class_check action=maybe_recompile pc=0x0000000003479000 method=java.util.HashMap.putVal(ILjava/lang/Object;Ljava/lang/Object;ZZ)Ljava/lang/Object; @ 56

Classes redefined (0 events):
No events

Internal exceptions (8 events):
Event: 0.063 Thread 0x0000000002a6d800 Exception <a 'java/lang/NoSuchMethodError': Method sun.misc.Unsafe.defineClass(Ljava/lang/String;[BII)Ljava/lang/Class; name or signature does not match> (0x00000000eab07ca8) thrown at [D:\src\AOSP-openjdk-cygwin\jdk8u\hotspot\src\share\vm\prims\jni.cpp, 
Event: 0.063 Thread 0x0000000002a6d800 Exception <a 'java/lang/NoSuchMethodError': Method sun.misc.Unsafe.prefetchRead(Ljava/lang/Object;J)V name or signature does not match> (0x00000000eab07f90) thrown at [D:\src\AOSP-openjdk-cygwin\jdk8u\hotspot\src\share\vm\prims\jni.cpp, line 4011]
Event: 4.747 Thread 0x0000000016740800 Implicit null exception at 0x00000000030637ca to 0x0000000003064d5d
Event: 7.289 Thread 0x0000000002a6d800 Implicit null exception at 0x0000000003220e62 to 0x0000000003220f5a
Event: 7.517 Thread 0x000000001674c800 Exception <a 'java/lang/ArrayIndexOutOfBoundsException': 18> (0x00000000ebe38758) thrown at [D:\src\AOSP-openjdk-cygwin\jdk8u\hotspot\src\share\vm\interpreter\interpreterRuntime.cpp, line 366]
Event: 7.518 Thread 0x000000001674c800 Exception <a 'java/lang/ArrayIndexOutOfBoundsException'> (0x00000000ebe3a2d8) thrown at [D:\src\AOSP-openjdk-cygwin\jdk8u\hotspot\src\share\vm\runtime\sharedRuntime.cpp, line 605]
Event: 7.519 Thread 0x000000001674c800 Exception <a 'java/lang/ArrayIndexOutOfBoundsException'> (0x00000000ebe3b5c0) thrown at [D:\src\AOSP-openjdk-cygwin\jdk8u\hotspot\src\share\vm\runtime\sharedRuntime.cpp, line 605]
Event: 14.601 Thread 0x0000000002a6d800 Implicit null exception at 0x00000000031d0bcd to 0x00000000031d1e51

Events (10 events):
Event: 20.169 loading class java/io/DataOutput
Event: 20.169 loading class java/io/DataOutput done
Event: 20.169 loading class java/io/DataOutputStream done
Event: 20.170 loading class java/lang/StringCoding$StringEncoder
Event: 20.170 loading class java/lang/StringCoding$StringEncoder done
Event: 20.205 Thread 0x00000000150fb000 flushing nmethod 0x0000000002d793d0
Event: 20.205 Thread 0x00000000150fb000 flushing nmethod 0x0000000002d798d0
Event: 20.205 Thread 0x00000000150fb000 flushing nmethod 0x0000000002d79c10
Event: 20.205 Thread 0x00000000150fb000 flushing nmethod 0x0000000002d79f50
Event: 20.205 Thread 0x00000000150fb000 flushing nmethod 0x0000000002d7b590


Dynamic libraries:
0x00007ff7faad0000 - 0x00007ff7fab01000 	D:\Android\Android Studio\jre\bin\java.exe
0x00007ffba6970000 - 0x00007ffba6b51000 	C:\Windows\SYSTEM32\ntdll.dll
0x00007ffba3e30000 - 0x00007ffba3ee2000 	C:\Windows\System32\KERNEL32.DLL
0x00007ffba2e90000 - 0x00007ffba3103000 	C:\Windows\System32\KERNELBASE.dll
0x00007ffba4f00000 - 0x00007ffba4fa1000 	C:\Windows\System32\ADVAPI32.dll
0x00007ffba4c60000 - 0x00007ffba4cfe000 	C:\Windows\System32\msvcrt.dll
0x00007ffba4df0000 - 0x00007ffba4e4b000 	C:\Windows\System32\sechost.dll
0x00007ffba44e0000 - 0x00007ffba4604000 	C:\Windows\System32\RPCRT4.dll
0x00007ffba4350000 - 0x00007ffba44e0000 	C:\Windows\System32\USER32.dll
0x00007ffba3d60000 - 0x00007ffba3d80000 	C:\Windows\System32\win32u.dll
0x00007ffba3e00000 - 0x00007ffba3e28000 	C:\Windows\System32\GDI32.dll
0x00007ffba3b20000 - 0x00007ffba3cb2000 	C:\Windows\System32\gdi32full.dll
0x00007ffba3cc0000 - 0x00007ffba3d5f000 	C:\Windows\System32\msvcp_win.dll
0x00007ffba2d40000 - 0x00007ffba2e3a000 	C:\Windows\System32\ucrtbase.dll
0x00007ffb926d0000 - 0x00007ffb92939000 	C:\Windows\WinSxS\amd64_microsoft.windows.common-controls_6595b64144ccf1df_6.0.17134.345_none_fb429a5930656358\COMCTL32.dll
0x00007ffba4930000 - 0x00007ffba4c53000 	C:\Windows\System32\combase.dll
0x00007ffba3d80000 - 0x00007ffba3dfa000 	C:\Windows\System32\bcryptPrimitives.dll
0x00007ffba4860000 - 0x00007ffba488d000 	C:\Windows\System32\IMM32.DLL
0x0000000077d80000 - 0x0000000077e52000 	D:\Android\Android Studio\jre\jre\bin\msvcr100.dll
0x0000000075410000 - 0x0000000075c4f000 	D:\Android\Android Studio\jre\jre\bin\server\jvm.dll
0x00007ffba3ef0000 - 0x00007ffba3ef8000 	C:\Windows\System32\PSAPI.DLL
0x00007ffba0080000 - 0x00007ffba0089000 	C:\Windows\SYSTEM32\WSOCK32.dll
0x00007ffba47f0000 - 0x00007ffba485c000 	C:\Windows\System32\WS2_32.dll
0x00007ffba0df0000 - 0x00007ffba0e13000 	C:\Windows\SYSTEM32\WINMM.dll
0x00007ffb9eca0000 - 0x00007ffb9ecaa000 	C:\Windows\SYSTEM32\VERSION.dll
0x00007ffba0dc0000 - 0x00007ffba0dea000 	C:\Windows\SYSTEM32\WINMMBASE.dll
0x00007ffba2e40000 - 0x00007ffba2e89000 	C:\Windows\System32\cfgmgr32.dll
0x00007ffb9f710000 - 0x00007ffb9f71f000 	D:\Android\Android Studio\jre\jre\bin\verify.dll
0x00007ffb9db40000 - 0x00007ffb9db69000 	D:\Android\Android Studio\jre\jre\bin\java.dll
0x00007ffb9e180000 - 0x00007ffb9e196000 	D:\Android\Android Studio\jre\jre\bin\zip.dll
0x00007ffba5480000 - 0x00007ffba68bf000 	C:\Windows\System32\SHELL32.dll
0x00007ffba4e50000 - 0x00007ffba4ef9000 	C:\Windows\System32\shcore.dll
0x00007ffba3410000 - 0x00007ffba3b1d000 	C:\Windows\System32\windows.storage.dll
0x00007ffba4610000 - 0x00007ffba4661000 	C:\Windows\System32\shlwapi.dll
0x00007ffba2ca0000 - 0x00007ffba2cb1000 	C:\Windows\System32\kernel.appcore.dll
0x00007ffba2c80000 - 0x00007ffba2c9f000 	C:\Windows\System32\profapi.dll
0x00007ffba2cd0000 - 0x00007ffba2d1c000 	C:\Windows\System32\powrprof.dll
0x00007ffba2cc0000 - 0x00007ffba2cca000 	C:\Windows\System32\FLTLIB.DLL

VM Arguments:
jvm_args: -Djava.awt.headless=true -Xmx1024M -Dfile.encoding=windows-1252 -Duser.country=US -Duser.language=en -Duser.variant 
java_command: com.android.dx.command.Main --dex --num-threads=4 --output C:\Android-Face-Recognition-with-Deep-Learning-Test-Framework-master\app\build\intermediates\pre-dexed\debug\com.android.support-support-v4-23.3.0_d758832d0a0d964e7f99b706d7a9d0704345e5e6.jar C:\Android-Face-Recognition-with-Deep-Learning-Test-Framework-master\app\build\intermediates\exploded-aar\com.android.support\support-v4\23.3.0\jars\classes.jar
java_class_path (initial): C:\Users\Ajwl\AppData\Local\Android\Sdk\build-tools\23.0.1\lib\dx.jar
Launcher Type: SUN_STANDARD

Environment Variables:
JAVA_HOME=C:\Program Files\Java\jdk1.8.0_181
CLASSPATH=C:\Program Files\Java\jre1.8.0_181\lib
PATH=C:\Program Files (x86)\Common Files\Oracle\Java\javapath;"%JAVA_HOME%;%JAVA_HOME%\bin;";C:\Windows\system32;C:\Windows;C:\Windows\System32\Wbem;C:\Windows\System32\WindowsPowerShell\v1.0\;C:\Windows\System32\OpenSSH\;D:\Go\bin;D:\Microsoft VS Code\bin;C:\Program Files\Git\cmd;D:\nodejs\;C:\Program Files\Java\jdk1.8.0_181\bin;C:\Program Files\Java\jre1.8.0_181\bin;C:\bazel;C:\msys64\usr\bin;D:\PyCharm Community Edition 2018.2.4\Scripts\;D:\PyCharm Community Edition 2018.2.4\;C:\Users\Ajwl\AppData\Local\Microsoft\WindowsApps;%GOPATH%\bin;C:\Users\Ajwl\AppData\Roaming\npm
USERNAME=Ajwl
OS=Windows_NT
PROCESSOR_IDENTIFIER=AMD64 Family 21 Model 112 Stepping 0, AuthenticAMD



---------------  S Y S T E M  ---------------

OS: Windows 10.0 , 64 bit Build 17134 (10.0.17134.1)

CPU:total 2 (initial active 2) (2 cores per cpu, 1 threads per core) family 21 model 112 stepping 0, cmov, cx8, fxsr, mmx, sse, sse2, sse3, ssse3, sse4.1, sse4.2, popcnt, avx, avx2, aes, clmul, mmxext, 3dnowpref, lzcnt, sse4a, tsc, tscinvbit, tscinv, bmi1

Memory: 4k page, physical 4068724k(623636k free), swap 5117300k(4452k free)

vm_info: OpenJDK 64-Bit Server VM (25.152-b02) for windows-amd64 JRE (1.8.0_152-release-1024-b02), built by "builder" with MS VC++ 10.0 (VS2010)

time: Sun Oct 28 00:27:42 2018
elapsed time: 20 seconds (0d 0h 0m 20s)

