#
# There is insufficient memory for the Java Runtime Environment to continue.
# Native memory allocation (malloc) failed to allocate 172656 bytes for Chunk::new
# Possible reasons:
#   The system is out of physical RAM or swap space
#   In 32 bit mode, the process size limit was hit
# Possible solutions:
#   Reduce memory load on the system
#   Increase physical memory or swap space
#   Check if swap backing store is full
#   Use 64 bit Java on a 64 bit OS
#   Decrease Java heap size (-Xmx/-Xms)
#   Decrease number of Java threads
#   Decrease Java thread stack sizes (-Xss)
#   Set larger code cache with -XX:ReservedCodeCacheSize=
# This output file may be truncated or incomplete.
#
#  Out of Memory Error (allocation.cpp:390), pid=4472, tid=0x0000000000000418
#
# JRE version: OpenJDK Runtime Environment (8.0_152-b02) (build 1.8.0_152-release-1024-b02)
# Java VM: OpenJDK 64-Bit Server VM (25.152-b02 mixed mode windows-amd64 compressed oops)
# Failed to write core dump. Minidumps are not enabled by default on client versions of Windows
#

---------------  T H R E A D  ---------------

Current thread (0x0000000014d0e000):  JavaThread "C2 CompilerThread0" daemon [_thread_in_native, id=1048, stack(0x0000000015d30000,0x0000000015e30000)]

Stack: [0x0000000015d30000,0x0000000015e30000]
[error occurred during error reporting (printing stack bounds), id 0xc0000005]

Native frames: (J=compiled Java code, j=interpreted, Vv=VM code, C=native code)


Current CompileTask:
C2:  13708 2029       4       com.android.dx.dex.code.LocalList::make (102 bytes)


---------------  P R O C E S S  ---------------

Java Threads: ( => current thread )
  0x000000000287e000 JavaThread "Service Thread" daemon [_thread_blocked, id=10180, stack(0x0000000015f30000,0x0000000016030000)]
  0x0000000014d11000 JavaThread "C1 CompilerThread1" daemon [_thread_blocked, id=6796, stack(0x0000000015e30000,0x0000000015f30000)]
=>0x0000000014d0e000 JavaThread "C2 CompilerThread0" daemon [_thread_in_native, id=1048, stack(0x0000000015d30000,0x0000000015e30000)]
  0x0000000014d0c800 JavaThread "Attach Listener" daemon [_thread_blocked, id=6952, stack(0x0000000015c30000,0x0000000015d30000)]
  0x0000000014d0b000 JavaThread "Signal Dispatcher" daemon [_thread_blocked, id=8568, stack(0x0000000015b30000,0x0000000015c30000)]
  0x0000000002873800 JavaThread "Finalizer" daemon [_thread_blocked, id=4632, stack(0x0000000015940000,0x0000000015a40000)]
  0x0000000002870000 JavaThread "Reference Handler" daemon [_thread_blocked, id=10616, stack(0x0000000015840000,0x0000000015940000)]
  0x0000000000c5d800 JavaThread "main" [_thread_in_vm, id=192, stack(0x0000000002680000,0x0000000002780000)]

Other Threads:
  0x0000000014cd5000 VMThread [stack: 0x0000000015740000,0x0000000015840000] [id=4308]
  0x0000000014d6f000 WatcherThread [stack: 0x0000000016030000,0x0000000016130000] [id=4856]

VM state:not at safepoint (normal execution)

VM Mutex/Monitor currently owned by a thread: None

Heap:
 PSYoungGen      total 35328K, used 22797K [0x00000000eab00000, 0x00000000efa00000, 0x0000000100000000)
  eden space 32768K, 61% used [0x00000000eab00000,0x00000000ebec35e8,0x00000000ecb00000)
  from space 2560K, 100% used [0x00000000ecb00000,0x00000000ecd80000,0x00000000ecd80000)
  to   space 7680K, 0% used [0x00000000ef280000,0x00000000ef280000,0x00000000efa00000)
 ParOldGen       total 44032K, used 14994K [0x00000000c0000000, 0x00000000c2b00000, 0x00000000eab00000)
  object space 44032K, 34% used [0x00000000c0000000,0x00000000c0ea4ba8,0x00000000c2b00000)
 Metaspace       used 6761K, capacity 7472K, committed 7552K, reserved 1056768K
  class space    used 609K, capacity 616K, committed 640K, reserved 1048576K

Card table byte_map: [0x0000000011c40000,0x0000000011e50000] byte_map_base: 0x0000000011640000

Marking Bits: (ParMarkBitMap*) 0x0000000075bd4970
 Begin Bits: [0x00000000121b0000, 0x00000000131b0000)
 End Bits:   [0x00000000131b0000, 0x00000000141b0000)

Polling page: 0x0000000000c80000

CodeCache: size=245760Kb used=8673Kb max_used=8673Kb free=237086Kb
 bounds [0x0000000002880000, 0x0000000003100000, 0x0000000011880000]
 total_blobs=2354 nmethods=2085 adapters=183
 compilation: enabled

Compilation events (10 events):
Event: 13.692 Thread 0x0000000014d11000 nmethod 2096 0x00000000030f9a50 code [0x00000000030f9c60, 0x00000000030fa278]
Event: 13.692 Thread 0x0000000014d11000 2097       2       com.android.dx.dex.file.DebugInfoEncoder::emitLocalEnd (83 bytes)
Event: 13.693 Thread 0x0000000014d11000 nmethod 2097 0x00000000030fa890 code [0x00000000030faa80, 0x00000000030fb058]
Event: 13.694 Thread 0x0000000014d11000 2098       2       com.android.dx.dex.file.DebugInfoEncoder::emitAdvancePc (82 bytes)
Event: 13.695 Thread 0x0000000014d11000 nmethod 2098 0x00000000030fb590 code [0x00000000030fb760, 0x00000000030fbc88]
Event: 13.697 Thread 0x0000000014d11000 2099       2       com.android.dx.util.ByteArrayAnnotatedOutput::writeSleb128 (34 bytes)
Event: 13.697 Thread 0x0000000014d11000 nmethod 2099 0x00000000030fc0d0 code [0x00000000030fc240, 0x00000000030fc418]
Event: 13.703 Thread 0x0000000014d11000 2101       2       com.android.dx.rop.cst.CstArray$List::get (9 bytes)
Event: 13.703 Thread 0x0000000014d11000 nmethod 2101 0x00000000030fc4d0 code [0x00000000030fc640, 0x00000000030fc7e8]
Event: 13.704 Thread 0x0000000014d11000 2102       2       com.android.dx.dex.file.ValueEncoder::writeConstant (494 bytes)

GC Heap History (10 events):
Event: 4.002 GC heap before
{Heap before GC invocations=1 (full 0):
 PSYoungGen      total 18944K, used 16384K [0x00000000eab00000, 0x00000000ec000000, 0x0000000100000000)
  eden space 16384K, 100% used [0x00000000eab00000,0x00000000ebb00000,0x00000000ebb00000)
  from space 2560K, 0% used [0x00000000ebd80000,0x00000000ebd80000,0x00000000ec000000)
  to   space 2560K, 0% used [0x00000000ebb00000,0x00000000ebb00000,0x00000000ebd80000)
 ParOldGen       total 44032K, used 0K [0x00000000c0000000, 0x00000000c2b00000, 0x00000000eab00000)
  object space 44032K, 0% used [0x00000000c0000000,0x00000000c0000000,0x00000000c2b00000)
 Metaspace       used 5944K, capacity 6832K, committed 7040K, reserved 1056768K
  class space    used 588K, capacity 616K, committed 640K, reserved 1048576K
Event: 4.040 GC heap after
Heap after GC invocations=1 (full 0):
 PSYoungGen      total 18944K, used 2535K [0x00000000eab00000, 0x00000000ec000000, 0x0000000100000000)
  eden space 16384K, 0% used [0x00000000eab00000,0x00000000eab00000,0x00000000ebb00000)
  from space 2560K, 99% used [0x00000000ebb00000,0x00000000ebd79c88,0x00000000ebd80000)
  to   space 2560K, 0% used [0x00000000ebd80000,0x00000000ebd80000,0x00000000ec000000)
 ParOldGen       total 44032K, used 1845K [0x00000000c0000000, 0x00000000c2b00000, 0x00000000eab00000)
  object space 44032K, 4% used [0x00000000c0000000,0x00000000c01cd500,0x00000000c2b00000)
 Metaspace       used 5944K, capacity 6832K, committed 7040K, reserved 1056768K
  class space    used 588K, capacity 616K, committed 640K, reserved 1048576K
}
Event: 5.325 GC heap before
{Heap before GC invocations=2 (full 0):
 PSYoungGen      total 18944K, used 18919K [0x00000000eab00000, 0x00000000ec000000, 0x0000000100000000)
  eden space 16384K, 100% used [0x00000000eab00000,0x00000000ebb00000,0x00000000ebb00000)
  from space 2560K, 99% used [0x00000000ebb00000,0x00000000ebd79c88,0x00000000ebd80000)
  to   space 2560K, 0% used [0x00000000ebd80000,0x00000000ebd80000,0x00000000ec000000)
 ParOldGen       total 44032K, used 1845K [0x00000000c0000000, 0x00000000c2b00000, 0x00000000eab00000)
  object space 44032K, 4% used [0x00000000c0000000,0x00000000c01cd500,0x00000000c2b00000)
 Metaspace       used 6170K, capacity 7024K, committed 7296K, reserved 1056768K
  class space    used 589K, capacity 616K, committed 640K, reserved 1048576K
Event: 5.388 GC heap after
Heap after GC invocations=2 (full 0):
 PSYoungGen      total 18944K, used 2560K [0x00000000eab00000, 0x00000000ed000000, 0x0000000100000000)
  eden space 16384K, 0% used [0x00000000eab00000,0x00000000eab00000,0x00000000ebb00000)
  from space 2560K, 100% used [0x00000000ebd80000,0x00000000ec000000,0x00000000ec000000)
  to   space 2560K, 0% used [0x00000000ebb00000,0x00000000ebb00000,0x00000000ebd80000)
 ParOldGen       total 44032K, used 4182K [0x00000000c0000000, 0x00000000c2b00000, 0x00000000eab00000)
  object space 44032K, 9% used [0x00000000c0000000,0x00000000c0415b78,0x00000000c2b00000)
 Metaspace       used 6170K, capacity 7024K, committed 7296K, reserved 1056768K
  class space    used 589K, capacity 616K, committed 640K, reserved 1048576K
}
Event: 7.531 GC heap before
{Heap before GC invocations=3 (full 0):
 PSYoungGen      total 18944K, used 18944K [0x00000000eab00000, 0x00000000ed000000, 0x0000000100000000)
  eden space 16384K, 100% used [0x00000000eab00000,0x00000000ebb00000,0x00000000ebb00000)
  from space 2560K, 100% used [0x00000000ebd80000,0x00000000ec000000,0x00000000ec000000)
  to   space 2560K, 0% used [0x00000000ebb00000,0x00000000ebb00000,0x00000000ebd80000)
 ParOldGen       total 44032K, used 4182K [0x00000000c0000000, 0x00000000c2b00000, 0x00000000eab00000)
  object space 44032K, 9% used [0x00000000c0000000,0x00000000c0415b78,0x00000000c2b00000)
 Metaspace       used 6248K, capacity 7088K, committed 7296K, reserved 1056768K
  class space    used 589K, capacity 616K, committed 640K, reserved 1048576K
Event: 7.555 GC heap after
Heap after GC invocations=3 (full 0):
 PSYoungGen      total 18944K, used 2560K [0x00000000eab00000, 0x00000000ed000000, 0x0000000100000000)
  eden space 16384K, 0% used [0x00000000eab00000,0x00000000eab00000,0x00000000ebb00000)
  from space 2560K, 100% used [0x00000000ebb00000,0x00000000ebd80000,0x00000000ebd80000)
  to   space 2560K, 0% used [0x00000000ecd80000,0x00000000ecd80000,0x00000000ed000000)
 ParOldGen       total 44032K, used 6648K [0x00000000c0000000, 0x00000000c2b00000, 0x00000000eab00000)
  object space 44032K, 15% used [0x00000000c0000000,0x00000000c067e3e8,0x00000000c2b00000)
 Metaspace       used 6248K, capacity 7088K, committed 7296K, reserved 1056768K
  class space    used 589K, capacity 616K, committed 640K, reserved 1048576K
}
Event: 9.418 GC heap before
{Heap before GC invocations=4 (full 0):
 PSYoungGen      total 18944K, used 18944K [0x00000000eab00000, 0x00000000ed000000, 0x0000000100000000)
  eden space 16384K, 100% used [0x00000000eab00000,0x00000000ebb00000,0x00000000ebb00000)
  from space 2560K, 100% used [0x00000000ebb00000,0x00000000ebd80000,0x00000000ebd80000)
  to   space 2560K, 0% used [0x00000000ecd80000,0x00000000ecd80000,0x00000000ed000000)
 ParOldGen       total 44032K, used 6648K [0x00000000c0000000, 0x00000000c2b00000, 0x00000000eab00000)
  object space 44032K, 15% used [0x00000000c0000000,0x00000000c067e3e8,0x00000000c2b00000)
 Metaspace       used 6271K, capacity 7088K, committed 7296K, reserved 1056768K
  class space    used 589K, capacity 616K, committed 640K, reserved 1048576K
Event: 10.162 GC heap after
Heap after GC invocations=4 (full 0):
 PSYoungGen      total 35328K, used 2560K [0x00000000eab00000, 0x00000000ed000000, 0x0000000100000000)
  eden space 32768K, 0% used [0x00000000eab00000,0x00000000eab00000,0x00000000ecb00000)
  from space 2560K, 100% used [0x00000000ecd80000,0x00000000ed000000,0x00000000ed000000)
  to   space 2560K, 0% used [0x00000000ecb00000,0x00000000ecb00000,0x00000000ecd80000)
 ParOldGen       total 44032K, used 9487K [0x00000000c0000000, 0x00000000c2b00000, 0x00000000eab00000)
  object space 44032K, 21% used [0x00000000c0000000,0x00000000c0943d08,0x00000000c2b00000)
 Metaspace       used 6271K, capacity 7088K, committed 7296K, reserved 1056768K
  class space    used 589K, capacity 616K, committed 640K, reserved 1048576K
}
Event: 12.753 GC heap before
{Heap before GC invocations=5 (full 0):
 PSYoungGen      total 35328K, used 35328K [0x00000000eab00000, 0x00000000ed000000, 0x0000000100000000)
  eden space 32768K, 100% used [0x00000000eab00000,0x00000000ecb00000,0x00000000ecb00000)
  from space 2560K, 100% used [0x00000000ecd80000,0x00000000ed000000,0x00000000ed000000)
  to   space 2560K, 0% used [0x00000000ecb00000,0x00000000ecb00000,0x00000000ecd80000)
 ParOldGen       total 44032K, used 9487K [0x00000000c0000000, 0x00000000c2b00000, 0x00000000eab00000)
  object space 44032K, 21% used [0x00000000c0000000,0x00000000c0943d08,0x00000000c2b00000)
 Metaspace       used 6388K, capacity 7152K, committed 7296K, reserved 1056768K
  class space    used 589K, capacity 616K, committed 640K, reserved 1048576K
Event: 12.816 GC heap after
Heap after GC invocations=5 (full 0):
 PSYoungGen      total 35328K, used 2560K [0x00000000eab00000, 0x00000000efa00000, 0x0000000100000000)
  eden space 32768K, 0% used [0x00000000eab00000,0x00000000eab00000,0x00000000ecb00000)
  from space 2560K, 100% used [0x00000000ecb00000,0x00000000ecd80000,0x00000000ecd80000)
  to   space 7680K, 0% used [0x00000000ef280000,0x00000000ef280000,0x00000000efa00000)
 ParOldGen       total 44032K, used 14994K [0x00000000c0000000, 0x00000000c2b00000, 0x00000000eab00000)
  object space 44032K, 34% used [0x00000000c0000000,0x00000000c0ea4ba8,0x00000000c2b00000)
 Metaspace       used 6388K, capacity 7152K, committed 7296K, reserved 1056768K
  class space    used 589K, capacity 616K, committed 640K, reserved 1048576K
}

Deoptimization events (10 events):
Event: 13.048 Thread 0x0000000000c5d800 Uncommon trap: reason=bimorphic action=maybe_recompile pc=0x0000000002ca35a4 method=java.util.HashMap.getNode(ILjava/lang/Object;)Ljava/util/HashMap$Node; @ 126
Event: 13.048 Thread 0x0000000000c5d800 Uncommon trap: reason=bimorphic action=maybe_recompile pc=0x0000000002ca35a4 method=java.util.HashMap.getNode(ILjava/lang/Object;)Ljava/util/HashMap$Node; @ 126
Event: 13.048 Thread 0x0000000000c5d800 Uncommon trap: reason=bimorphic action=maybe_recompile pc=0x0000000002ca35a4 method=java.util.HashMap.getNode(ILjava/lang/Object;)Ljava/util/HashMap$Node; @ 126
Event: 13.048 Thread 0x0000000000c5d800 Uncommon trap: reason=bimorphic action=maybe_recompile pc=0x0000000002b77fe8 method=java.util.HashMap.getNode(ILjava/lang/Object;)Ljava/util/HashMap$Node; @ 126
Event: 13.067 Thread 0x0000000000c5d800 Uncommon trap: reason=class_check action=maybe_recompile pc=0x0000000002ca1174 method=java.util.HashMap.putVal(ILjava/lang/Object;Ljava/lang/Object;ZZ)Ljava/lang/Object; @ 203
Event: 13.067 Thread 0x0000000000c5d800 Uncommon trap: reason=class_check action=maybe_recompile pc=0x0000000002ca1174 method=java.util.HashMap.putVal(ILjava/lang/Object;Ljava/lang/Object;ZZ)Ljava/lang/Object; @ 203
Event: 13.069 Thread 0x0000000000c5d800 Uncommon trap: reason=class_check action=maybe_recompile pc=0x0000000002ca1174 method=java.util.HashMap.putVal(ILjava/lang/Object;Ljava/lang/Object;ZZ)Ljava/lang/Object; @ 203
Event: 13.069 Thread 0x0000000000c5d800 Uncommon trap: reason=class_check action=maybe_recompile pc=0x0000000002ca1174 method=java.util.HashMap.putVal(ILjava/lang/Object;Ljava/lang/Object;ZZ)Ljava/lang/Object; @ 203
Event: 13.369 Thread 0x0000000000c5d800 Uncommon trap: reason=unstable_if action=reinterpret pc=0x0000000003070140 method=com.android.dx.dex.code.OutputFinisher.findOpcodeForInsn(Lcom/android/dx/dex/code/DalvInsn;Lcom/android/dx/dex/code/Dop;)Lcom/android/dx/dex/code/Dop; @ 1
Event: 13.452 Thread 0x0000000000c5d800 Uncommon trap: reason=unstable_if action=reinterpret pc=0x0000000002fc4f5c method=java.util.TreeMap.put(Ljava/lang/Object;Ljava/lang/Object;)Ljava/lang/Object; @ 163

Classes redefined (0 events):
No events

Internal exceptions (3 events):
Event: 0.060 Thread 0x0000000000c5d800 Exception <a 'java/lang/NoSuchMethodError': Method sun.misc.Unsafe.defineClass(Ljava/lang/String;[BII)Ljava/lang/Class; name or signature does not match> (0x00000000eab07ca8) thrown at [D:\src\AOSP-openjdk-cygwin\jdk8u\hotspot\src\share\vm\prims\jni.cpp, 
Event: 0.060 Thread 0x0000000000c5d800 Exception <a 'java/lang/NoSuchMethodError': Method sun.misc.Unsafe.prefetchRead(Ljava/lang/Object;J)V name or signature does not match> (0x00000000eab07f90) thrown at [D:\src\AOSP-openjdk-cygwin\jdk8u\hotspot\src\share\vm\prims\jni.cpp, line 4011]
Event: 4.172 Thread 0x000000001633d000 Implicit null exception at 0x0000000002c597a2 to 0x0000000002c5989a

Events (10 events):
Event: 13.452 Thread 0x0000000000c5d800 DEOPT PACKING pc=0x0000000002fc4f5c sp=0x000000000277ec50
Event: 13.452 Thread 0x0000000000c5d800 DEOPT UNPACKING pc=0x00000000028c557b sp=0x000000000277ebf0 mode 2
Event: 13.552 loading class com/android/dx/dex/file/DebugInfoEncoder
Event: 13.552 loading class com/android/dx/dex/file/DebugInfoEncoder done
Event: 13.619 loading class com/android/dx/dex/file/DebugInfoEncoder$1
Event: 13.619 loading class com/android/dx/dex/file/DebugInfoEncoder$1 done
Event: 13.620 loading class com/android/dx/dex/file/DebugInfoEncoder$2
Event: 13.620 loading class com/android/dx/dex/file/DebugInfoEncoder$2 done
Event: 13.701 loading class com/android/dex/EncodedValueCodec
Event: 13.701 loading class com/android/dex/EncodedValueCodec done


Dynamic libraries:
0x00007ff7faad0000 - 0x00007ff7fab01000 	D:\Android\Android Studio\jre\bin\java.exe
0x00007ffba6970000 - 0x00007ffba6b51000 	C:\Windows\SYSTEM32\ntdll.dll
0x00007ffba3e30000 - 0x00007ffba3ee2000 	C:\Windows\System32\KERNEL32.DLL
0x00007ffba2e90000 - 0x00007ffba3103000 	C:\Windows\System32\KERNELBASE.dll
0x00007ffba4f00000 - 0x00007ffba4fa1000 	C:\Windows\System32\ADVAPI32.dll
0x00007ffba4c60000 - 0x00007ffba4cfe000 	C:\Windows\System32\msvcrt.dll
0x00007ffba4df0000 - 0x00007ffba4e4b000 	C:\Windows\System32\sechost.dll
0x00007ffba44e0000 - 0x00007ffba4604000 	C:\Windows\System32\RPCRT4.dll
0x00007ffba4350000 - 0x00007ffba44e0000 	C:\Windows\System32\USER32.dll
0x00007ffba3d60000 - 0x00007ffba3d80000 	C:\Windows\System32\win32u.dll
0x00007ffba3e00000 - 0x00007ffba3e28000 	C:\Windows\System32\GDI32.dll
0x00007ffba3b20000 - 0x00007ffba3cb2000 	C:\Windows\System32\gdi32full.dll
0x00007ffba3cc0000 - 0x00007ffba3d5f000 	C:\Windows\System32\msvcp_win.dll
0x00007ffba2d40000 - 0x00007ffba2e3a000 	C:\Windows\System32\ucrtbase.dll
0x00007ffb926d0000 - 0x00007ffb92939000 	C:\Windows\WinSxS\amd64_microsoft.windows.common-controls_6595b64144ccf1df_6.0.17134.345_none_fb429a5930656358\COMCTL32.dll
0x00007ffba4930000 - 0x00007ffba4c53000 	C:\Windows\System32\combase.dll
0x00007ffba3d80000 - 0x00007ffba3dfa000 	C:\Windows\System32\bcryptPrimitives.dll
0x00007ffba4860000 - 0x00007ffba488d000 	C:\Windows\System32\IMM32.DLL
0x0000000077d80000 - 0x0000000077e52000 	D:\Android\Android Studio\jre\jre\bin\msvcr100.dll
0x0000000075410000 - 0x0000000075c4f000 	D:\Android\Android Studio\jre\jre\bin\server\jvm.dll
0x00007ffba3ef0000 - 0x00007ffba3ef8000 	C:\Windows\System32\PSAPI.DLL
0x00007ffba0080000 - 0x00007ffba0089000 	C:\Windows\SYSTEM32\WSOCK32.dll
0x00007ffba47f0000 - 0x00007ffba485c000 	C:\Windows\System32\WS2_32.dll
0x00007ffba0df0000 - 0x00007ffba0e13000 	C:\Windows\SYSTEM32\WINMM.dll
0x00007ffb9eca0000 - 0x00007ffb9ecaa000 	C:\Windows\SYSTEM32\VERSION.dll
0x00007ffba0dc0000 - 0x00007ffba0dea000 	C:\Windows\SYSTEM32\WINMMBASE.dll
0x00007ffba2e40000 - 0x00007ffba2e89000 	C:\Windows\System32\cfgmgr32.dll
0x00007ffb9f710000 - 0x00007ffb9f71f000 	D:\Android\Android Studio\jre\jre\bin\verify.dll
0x00007ffb9db40000 - 0x00007ffb9db69000 	D:\Android\Android Studio\jre\jre\bin\java.dll
0x00007ffb9e180000 - 0x00007ffb9e196000 	D:\Android\Android Studio\jre\jre\bin\zip.dll
0x00007ffba5480000 - 0x00007ffba68bf000 	C:\Windows\System32\SHELL32.dll
0x00007ffba4e50000 - 0x00007ffba4ef9000 	C:\Windows\System32\shcore.dll
0x00007ffba3410000 - 0x00007ffba3b1d000 	C:\Windows\System32\windows.storage.dll
0x00007ffba4610000 - 0x00007ffba4661000 	C:\Windows\System32\shlwapi.dll
0x00007ffba2ca0000 - 0x00007ffba2cb1000 	C:\Windows\System32\kernel.appcore.dll
0x00007ffba2c80000 - 0x00007ffba2c9f000 	C:\Windows\System32\profapi.dll
0x00007ffba2cd0000 - 0x00007ffba2d1c000 	C:\Windows\System32\powrprof.dll
0x00007ffba2cc0000 - 0x00007ffba2cca000 	C:\Windows\System32\FLTLIB.DLL

VM Arguments:
jvm_args: -Djava.awt.headless=true -Xmx1024M -Dfile.encoding=windows-1252 -Duser.country=US -Duser.language=en -Duser.variant 
java_command: com.android.dx.command.Main --dex --num-threads=4 --output C:\Android-Face-Recognition-with-Deep-Learning-Test-Framework-master\app\build\intermediates\pre-dexed\debug\internal_impl-23.3.0_ec561b82ac5e35068d7d3b6fdca409c93b81e5db.jar C:\Android-Face-Recognition-with-Deep-Learning-Test-Framework-master\app\build\intermediates\exploded-aar\com.android.support\support-v4\23.3.0\jars\libs\internal_impl-23.3.0.jar
java_class_path (initial): C:\Users\Ajwl\AppData\Local\Android\Sdk\build-tools\23.0.1\lib\dx.jar
Launcher Type: SUN_STANDARD

Environment Variables:
JAVA_HOME=C:\Program Files\Java\jdk1.8.0_181
CLASSPATH=C:\Program Files\Java\jre1.8.0_181\lib
PATH=C:\Program Files (x86)\Common Files\Oracle\Java\javapath;"%JAVA_HOME%;%JAVA_HOME%\bin;";C:\Windows\system32;C:\Windows;C:\Windows\System32\Wbem;C:\Windows\System32\WindowsPowerShell\v1.0\;C:\Windows\System32\OpenSSH\;D:\Go\bin;D:\Microsoft VS Code\bin;C:\Program Files\Git\cmd;D:\nodejs\;C:\Program Files\Java\jdk1.8.0_181\bin;C:\Program Files\Java\jre1.8.0_181\bin;C:\bazel;C:\msys64\usr\bin;D:\PyCharm Community Edition 2018.2.4\Scripts\;D:\PyCharm Community Edition 2018.2.4\;C:\Users\Ajwl\AppData\Local\Microsoft\WindowsApps;%GOPATH%\bin;C:\Users\Ajwl\AppData\Roaming\npm
USERNAME=Ajwl
OS=Windows_NT
PROCESSOR_IDENTIFIER=AMD64 Family 21 Model 112 Stepping 0, AuthenticAMD



---------------  S Y S T E M  ---------------

OS: Windows 10.0 , 64 bit Build 17134 (10.0.17134.1)

CPU:total 2 (initial active 2) (2 cores per cpu, 1 threads per core) family 21 model 112 stepping 0, cmov, cx8, fxsr, mmx, sse, sse2, sse3, ssse3, sse4.1, sse4.2, popcnt, avx, avx2, aes, clmul, mmxext, 3dnowpref, lzcnt, sse4a, tsc, tscinvbit, tscinv, bmi1

Memory: 4k page, physical 4068724k(449232k free), swap 5117300k(4236k free)

vm_info: OpenJDK 64-Bit Server VM (25.152-b02) for windows-amd64 JRE (1.8.0_152-release-1024-b02), built by "builder" with MS VC++ 10.0 (VS2010)

time: Sun Oct 28 00:48:06 2018
elapsed time: 13 seconds (0d 0h 0m 13s)

