#
# There is insufficient memory for the Java Runtime Environment to continue.
# Native memory allocation (malloc) failed to allocate 328096 bytes for Chunk::new
# Possible reasons:
#   The system is out of physical RAM or swap space
#   In 32 bit mode, the process size limit was hit
# Possible solutions:
#   Reduce memory load on the system
#   Increase physical memory or swap space
#   Check if swap backing store is full
#   Use 64 bit Java on a 64 bit OS
#   Decrease Java heap size (-Xmx/-Xms)
#   Decrease number of Java threads
#   Decrease Java thread stack sizes (-Xss)
#   Set larger code cache with -XX:ReservedCodeCacheSize=
# This output file may be truncated or incomplete.
#
#  Out of Memory Error (allocation.cpp:390), pid=2032, tid=0x0000000000001b6c
#
# JRE version: OpenJDK Runtime Environment (8.0_152-b02) (build 1.8.0_152-release-1024-b02)
# Java VM: OpenJDK 64-Bit Server VM (25.152-b02 mixed mode windows-amd64 compressed oops)
# Failed to write core dump. Minidumps are not enabled by default on client versions of Windows
#

---------------  T H R E A D  ---------------

Current thread (0x0000000014ac8000):  JavaThread "C2 CompilerThread0" daemon [_thread_in_native, id=7020, stack(0x0000000015b00000,0x0000000015c00000)]

Stack: [0x0000000015b00000,0x0000000015c00000]
[error occurred during error reporting (printing stack bounds), id 0xc0000005]

Native frames: (J=compiled Java code, j=interpreted, Vv=VM code, C=native code)


Current CompileTask:
C2:   2416 1051       4       com.android.dx.ssa.SCCP::simulateStmt (481 bytes)


---------------  P R O C E S S  ---------------

Java Threads: ( => current thread )
  0x000000001602b800 JavaThread "pool-1-thread-4" [_thread_in_vm, id=7400, stack(0x0000000016700000,0x0000000016800000)]
  0x0000000016028000 JavaThread "pool-1-thread-3" [_thread_in_Java, id=4684, stack(0x0000000016600000,0x0000000016700000)]
  0x0000000016022000 JavaThread "pool-1-thread-2" [_thread_in_Java, id=8860, stack(0x0000000016500000,0x0000000016600000)]
  0x0000000016019000 JavaThread "pool-2-thread-1" [_thread_blocked, id=10728, stack(0x0000000016400000,0x0000000016500000)]
  0x0000000016016800 JavaThread "pool-1-thread-1" [_thread_in_vm, id=5776, stack(0x0000000016300000,0x0000000016400000)]
  0x0000000014b2a000 JavaThread "Service Thread" daemon [_thread_blocked, id=6028, stack(0x0000000015d00000,0x0000000015e00000)]
  0x0000000014b24000 JavaThread "C1 CompilerThread1" daemon [_thread_blocked, id=7364, stack(0x0000000015c00000,0x0000000015d00000)]
=>0x0000000014ac8000 JavaThread "C2 CompilerThread0" daemon [_thread_in_native, id=7020, stack(0x0000000015b00000,0x0000000015c00000)]
  0x0000000014ac6800 JavaThread "Attach Listener" daemon [_thread_blocked, id=5908, stack(0x0000000015a00000,0x0000000015b00000)]
  0x0000000014ac5000 JavaThread "Signal Dispatcher" daemon [_thread_blocked, id=9560, stack(0x0000000015900000,0x0000000015a00000)]
  0x0000000014ab6800 JavaThread "Finalizer" daemon [_thread_blocked, id=4084, stack(0x0000000015710000,0x0000000015810000)]
  0x000000000262f000 JavaThread "Reference Handler" daemon [_thread_blocked, id=820, stack(0x0000000015610000,0x0000000015710000)]
  0x00000000024cd800 JavaThread "main" [_thread_in_Java, id=7636, stack(0x0000000002350000,0x0000000002450000)]

Other Threads:
  0x0000000014a95000 VMThread [stack: 0x0000000015510000,0x0000000015610000] [id=5892]
  0x0000000014b2e000 WatcherThread [stack: 0x0000000015e00000,0x0000000015f00000] [id=1252]

VM state:not at safepoint (normal execution)

VM Mutex/Monitor currently owned by a thread: None

Heap:
 PSYoungGen      total 18944K, used 14747K [0x00000000eab00000, 0x00000000ec000000, 0x0000000100000000)
  eden space 16384K, 74% used [0x00000000eab00000,0x00000000eb6e8390,0x00000000ebb00000)
  from space 2560K, 99% used [0x00000000ebb00000,0x00000000ebd7ea98,0x00000000ebd80000)
  to   space 2560K, 0% used [0x00000000ebd80000,0x00000000ebd80000,0x00000000ec000000)
 ParOldGen       total 44032K, used 1788K [0x00000000c0000000, 0x00000000c2b00000, 0x00000000eab00000)
  object space 44032K, 4% used [0x00000000c0000000,0x00000000c01bf180,0x00000000c2b00000)
 Metaspace       used 5771K, capacity 6832K, committed 7040K, reserved 1056768K
  class space    used 571K, capacity 616K, committed 640K, reserved 1048576K

Card table byte_map: [0x0000000011a00000,0x0000000011c10000] byte_map_base: 0x0000000011400000

Marking Bits: (ParMarkBitMap*) 0x0000000075bd4970
 Begin Bits: [0x0000000011f70000, 0x0000000012f70000)
 End Bits:   [0x0000000012f70000, 0x0000000013f70000)

Polling page: 0x0000000000880000

CodeCache: size=245760Kb used=4143Kb max_used=4143Kb free=241616Kb
 bounds [0x0000000002640000, 0x0000000002a50000, 0x0000000011640000]
 total_blobs=1330 nmethods=1069 adapters=176
 compilation: enabled

Compilation events (10 events):
Event: 2.405 Thread 0x0000000014b24000 nmethod 1067 0x0000000002a40550 code [0x0000000002a406c0, 0x0000000002a408d0]
Event: 2.406 Thread 0x0000000014b24000 1068       3       com.android.dx.ssa.NormalSsaInsn::canThrow (8 bytes)
Event: 2.407 Thread 0x0000000014b24000 nmethod 1068 0x0000000002a47750 code [0x0000000002a478e0, 0x0000000002a47d28]
Event: 2.407 Thread 0x0000000014b24000 1069       3       java.util.TreeMap::values (25 bytes)
Event: 2.407 Thread 0x0000000014b24000 nmethod 1069 0x0000000002a47ed0 code [0x0000000002a48040, 0x0000000002a48370]
Event: 2.407 Thread 0x0000000014b24000 1070       3       java.util.TreeMap$Values::iterator (19 bytes)
Event: 2.408 Thread 0x0000000014b24000 nmethod 1070 0x0000000002a484d0 code [0x0000000002a48660, 0x0000000002a48b70]
Event: 2.409 Thread 0x0000000014b24000 1071       3       com.android.dx.dex.file.IdItem::<init> (24 bytes)
Event: 2.409 Thread 0x0000000014b24000 nmethod 1071 0x0000000002a48dd0 code [0x0000000002a48f60, 0x0000000002a492e8]
Event: 2.409 Thread 0x0000000014b24000 1072       3       java.util.TreeMap::fixAfterInsertion (267 bytes)

GC Heap History (2 events):
Event: 2.205 GC heap before
{Heap before GC invocations=1 (full 0):
 PSYoungGen      total 18944K, used 16384K [0x00000000eab00000, 0x00000000ec000000, 0x0000000100000000)
  eden space 16384K, 100% used [0x00000000eab00000,0x00000000ebb00000,0x00000000ebb00000)
  from space 2560K, 0% used [0x00000000ebd80000,0x00000000ebd80000,0x00000000ec000000)
  to   space 2560K, 0% used [0x00000000ebb00000,0x00000000ebb00000,0x00000000ebd80000)
 ParOldGen       total 44032K, used 0K [0x00000000c0000000, 0x00000000c2b00000, 0x00000000eab00000)
  object space 44032K, 0% used [0x00000000c0000000,0x00000000c0000000,0x00000000c2b00000)
 Metaspace       used 5726K, capacity 6768K, committed 7040K, reserved 1056768K
  class space    used 571K, capacity 616K, committed 640K, reserved 1048576K
Event: 2.217 GC heap after
Heap after GC invocations=1 (full 0):
 PSYoungGen      total 18944K, used 2554K [0x00000000eab00000, 0x00000000ec000000, 0x0000000100000000)
  eden space 16384K, 0% used [0x00000000eab00000,0x00000000eab00000,0x00000000ebb00000)
  from space 2560K, 99% used [0x00000000ebb00000,0x00000000ebd7ea98,0x00000000ebd80000)
  to   space 2560K, 0% used [0x00000000ebd80000,0x00000000ebd80000,0x00000000ec000000)
 ParOldGen       total 44032K, used 1788K [0x00000000c0000000, 0x00000000c2b00000, 0x00000000eab00000)
  object space 44032K, 4% used [0x00000000c0000000,0x00000000c01bf180,0x00000000c2b00000)
 Metaspace       used 5726K, capacity 6768K, committed 7040K, reserved 1056768K
  class space    used 571K, capacity 616K, committed 640K, reserved 1048576K
}

Deoptimization events (3 events):
Event: 1.623 Thread 0x0000000016022000 Uncommon trap: reason=unstable_if action=reinterpret pc=0x000000000284a510 method=java.util.HashMap.getNode(ILjava/lang/Object;)Ljava/util/HashMap$Node; @ 62
Event: 1.683 Thread 0x0000000016016800 Uncommon trap: reason=unstable_if action=reinterpret pc=0x000000000288d230 method=java.util.BitSet.nextSetBit(I)I @ 87
Event: 1.957 Thread 0x0000000016028000 Uncommon trap: reason=bimorphic action=maybe_recompile pc=0x00000000028e7cbc method=java.util.HashMap.getNode(ILjava/lang/Object;)Ljava/util/HashMap$Node; @ 126

Classes redefined (0 events):
No events

Internal exceptions (2 events):
Event: 0.721 Thread 0x00000000024cd800 Exception <a 'java/lang/NoSuchMethodError': Method sun.misc.Unsafe.defineClass(Ljava/lang/String;[BII)Ljava/lang/Class; name or signature does not match> (0x00000000eab07ca8) thrown at [D:\src\AOSP-openjdk-cygwin\jdk8u\hotspot\src\share\vm\prims\jni.cpp, 
Event: 0.721 Thread 0x00000000024cd800 Exception <a 'java/lang/NoSuchMethodError': Method sun.misc.Unsafe.prefetchRead(Ljava/lang/Object;J)V name or signature does not match> (0x00000000eab07f90) thrown at [D:\src\AOSP-openjdk-cygwin\jdk8u\hotspot\src\share\vm\prims\jni.cpp, line 4011]

Events (10 events):
Event: 2.062 Executing VM operation: ForceSafepoint
Event: 2.063 Executing VM operation: ForceSafepoint done
Event: 2.101 loading class com/android/dx/dex/file/MethodAnnotationStruct
Event: 2.101 loading class com/android/dx/dex/file/MethodAnnotationStruct done
Event: 2.203 Executing VM operation: ParallelGCFailedAllocation
Event: 2.218 Executing VM operation: ParallelGCFailedAllocation done
Event: 2.290 loading class com/android/dx/cf/attrib/AttExceptions
Event: 2.290 loading class com/android/dx/cf/attrib/AttExceptions done
Event: 2.340 Thread 0x000000001602b800 DEOPT PACKING pc=0x000000000294c354 sp=0x00000000167fe9f0
Event: 2.340 Thread 0x000000001602b800 DEOPT UNPACKING pc=0x00000000026871d0 sp=0x00000000167fe718 mode 0


Dynamic libraries:
0x00007ff7faad0000 - 0x00007ff7fab01000 	D:\Android\Android Studio\jre\bin\java.exe
0x00007ffba6970000 - 0x00007ffba6b51000 	C:\Windows\SYSTEM32\ntdll.dll
0x00007ffba3e30000 - 0x00007ffba3ee2000 	C:\Windows\System32\KERNEL32.DLL
0x00007ffba2e90000 - 0x00007ffba3103000 	C:\Windows\System32\KERNELBASE.dll
0x00007ffba4f00000 - 0x00007ffba4fa1000 	C:\Windows\System32\ADVAPI32.dll
0x00007ffba4c60000 - 0x00007ffba4cfe000 	C:\Windows\System32\msvcrt.dll
0x00007ffba4df0000 - 0x00007ffba4e4b000 	C:\Windows\System32\sechost.dll
0x00007ffba44e0000 - 0x00007ffba4604000 	C:\Windows\System32\RPCRT4.dll
0x00007ffba4350000 - 0x00007ffba44e0000 	C:\Windows\System32\USER32.dll
0x00007ffba3d60000 - 0x00007ffba3d80000 	C:\Windows\System32\win32u.dll
0x00007ffba3e00000 - 0x00007ffba3e28000 	C:\Windows\System32\GDI32.dll
0x00007ffba3b20000 - 0x00007ffba3cb2000 	C:\Windows\System32\gdi32full.dll
0x00007ffba3cc0000 - 0x00007ffba3d5f000 	C:\Windows\System32\msvcp_win.dll
0x00007ffba2d40000 - 0x00007ffba2e3a000 	C:\Windows\System32\ucrtbase.dll
0x00007ffb926d0000 - 0x00007ffb92939000 	C:\Windows\WinSxS\amd64_microsoft.windows.common-controls_6595b64144ccf1df_6.0.17134.345_none_fb429a5930656358\COMCTL32.dll
0x00007ffba4930000 - 0x00007ffba4c53000 	C:\Windows\System32\combase.dll
0x00007ffba3d80000 - 0x00007ffba3dfa000 	C:\Windows\System32\bcryptPrimitives.dll
0x00007ffba4860000 - 0x00007ffba488d000 	C:\Windows\System32\IMM32.DLL
0x0000000077d80000 - 0x0000000077e52000 	D:\Android\Android Studio\jre\jre\bin\msvcr100.dll
0x0000000075410000 - 0x0000000075c4f000 	D:\Android\Android Studio\jre\jre\bin\server\jvm.dll
0x00007ffba3ef0000 - 0x00007ffba3ef8000 	C:\Windows\System32\PSAPI.DLL
0x00007ffba0080000 - 0x00007ffba0089000 	C:\Windows\SYSTEM32\WSOCK32.dll
0x00007ffba47f0000 - 0x00007ffba485c000 	C:\Windows\System32\WS2_32.dll
0x00007ffba0df0000 - 0x00007ffba0e13000 	C:\Windows\SYSTEM32\WINMM.dll
0x00007ffb9eca0000 - 0x00007ffb9ecaa000 	C:\Windows\SYSTEM32\VERSION.dll
0x00007ffba0dc0000 - 0x00007ffba0dea000 	C:\Windows\SYSTEM32\WINMMBASE.dll
0x00007ffba2e40000 - 0x00007ffba2e89000 	C:\Windows\System32\cfgmgr32.dll
0x00007ffb9f710000 - 0x00007ffb9f71f000 	D:\Android\Android Studio\jre\jre\bin\verify.dll
0x00007ffb9db40000 - 0x00007ffb9db69000 	D:\Android\Android Studio\jre\jre\bin\java.dll
0x00007ffb9e180000 - 0x00007ffb9e196000 	D:\Android\Android Studio\jre\jre\bin\zip.dll
0x00007ffba5480000 - 0x00007ffba68bf000 	C:\Windows\System32\SHELL32.dll
0x00007ffba4e50000 - 0x00007ffba4ef9000 	C:\Windows\System32\shcore.dll
0x00007ffba3410000 - 0x00007ffba3b1d000 	C:\Windows\System32\windows.storage.dll
0x00007ffba4610000 - 0x00007ffba4661000 	C:\Windows\System32\shlwapi.dll
0x00007ffba2ca0000 - 0x00007ffba2cb1000 	C:\Windows\System32\kernel.appcore.dll
0x00007ffba2c80000 - 0x00007ffba2c9f000 	C:\Windows\System32\profapi.dll
0x00007ffba2cd0000 - 0x00007ffba2d1c000 	C:\Windows\System32\powrprof.dll
0x00007ffba2cc0000 - 0x00007ffba2cca000 	C:\Windows\System32\FLTLIB.DLL

VM Arguments:
jvm_args: -Djava.awt.headless=true -Xmx1024M -Dfile.encoding=windows-1252 -Duser.country=US -Duser.language=en -Duser.variant 
java_command: com.android.dx.command.Main --dex --num-threads=4 --output C:\Android-Face-Recognition-with-Deep-Learning-Test-Framework-master\app\build\intermediates\pre-dexed\debug\ch.zhaw-facerecognitionlibrary-1.5.3_4054d87743dae06cffe27c6fbb8063b2ea42a9ea.jar C:\Android-Face-Recognition-with-Deep-Learning-Test-Framework-master\app\build\intermediates\exploded-aar\ch.zhaw\facerecognitionlibrary\1.5.3\jars\classes.jar
java_class_path (initial): C:\Users\Ajwl\AppData\Local\Android\Sdk\build-tools\23.0.1\lib\dx.jar
Launcher Type: SUN_STANDARD

Environment Variables:
JAVA_HOME=C:\Program Files\Java\jdk1.8.0_181
CLASSPATH=C:\Program Files\Java\jre1.8.0_181\lib
PATH=C:\Program Files (x86)\Common Files\Oracle\Java\javapath;"%JAVA_HOME%;%JAVA_HOME%\bin;";C:\Windows\system32;C:\Windows;C:\Windows\System32\Wbem;C:\Windows\System32\WindowsPowerShell\v1.0\;C:\Windows\System32\OpenSSH\;D:\Go\bin;D:\Microsoft VS Code\bin;C:\Program Files\Git\cmd;D:\nodejs\;C:\Program Files\Java\jdk1.8.0_181\bin;C:\Program Files\Java\jre1.8.0_181\bin;C:\bazel;C:\msys64\usr\bin;D:\PyCharm Community Edition 2018.2.4\Scripts\;D:\PyCharm Community Edition 2018.2.4\;C:\Users\Ajwl\AppData\Local\Microsoft\WindowsApps;%GOPATH%\bin;C:\Users\Ajwl\AppData\Roaming\npm
USERNAME=Ajwl
OS=Windows_NT
PROCESSOR_IDENTIFIER=AMD64 Family 21 Model 112 Stepping 0, AuthenticAMD



---------------  S Y S T E M  ---------------

OS: Windows 10.0 , 64 bit Build 17134 (10.0.17134.1)

CPU:total 2 (initial active 2) (2 cores per cpu, 1 threads per core) family 21 model 112 stepping 0, cmov, cx8, fxsr, mmx, sse, sse2, sse3, ssse3, sse4.1, sse4.2, popcnt, avx, avx2, aes, clmul, mmxext, 3dnowpref, lzcnt, sse4a, tsc, tscinvbit, tscinv, bmi1

Memory: 4k page, physical 4068724k(601904k free), swap 5117300k(4392k free)

vm_info: OpenJDK 64-Bit Server VM (25.152-b02) for windows-amd64 JRE (1.8.0_152-release-1024-b02), built by "builder" with MS VC++ 10.0 (VS2010)

time: Sun Oct 28 00:27:36 2018
elapsed time: 2 seconds (0d 0h 0m 2s)

