#
# There is insufficient memory for the Java Runtime Environment to continue.
# Native memory allocation (malloc) failed to allocate 32744 bytes for ChunkPool::allocate
# Possible reasons:
#   The system is out of physical RAM or swap space
#   In 32 bit mode, the process size limit was hit
# Possible solutions:
#   Reduce memory load on the system
#   Increase physical memory or swap space
#   Check if swap backing store is full
#   Use 64 bit Java on a 64 bit OS
#   Decrease Java heap size (-Xmx/-Xms)
#   Decrease number of Java threads
#   Decrease Java thread stack sizes (-Xss)
#   Set larger code cache with -XX:ReservedCodeCacheSize=
# This output file may be truncated or incomplete.
#
#  Out of Memory Error (allocation.cpp:273), pid=1816, tid=0x0000000000001358
#
# JRE version: OpenJDK Runtime Environment (8.0_152-b02) (build 1.8.0_152-release-1024-b02)
# Java VM: OpenJDK 64-Bit Server VM (25.152-b02 mixed mode windows-amd64 compressed oops)
# Failed to write core dump. Minidumps are not enabled by default on client versions of Windows
#

---------------  T H R E A D  ---------------

Current thread (0x00000000152c8000):  JavaThread "C2 CompilerThread0" daemon [_thread_in_native, id=4952, stack(0x00000000162f0000,0x00000000163f0000)]

Stack: [0x00000000162f0000,0x00000000163f0000]
[error occurred during error reporting (printing stack bounds), id 0xc0000005]

Native frames: (J=compiled Java code, j=interpreted, Vv=VM code, C=native code)


Current CompileTask:
C2:   1602  500       4       java.util.HashMap::get (23 bytes)


---------------  P R O C E S S  ---------------

Java Threads: ( => current thread )
  0x000000001680d000 JavaThread "pool-1-thread-4" [_thread_in_Java, id=8128, stack(0x0000000016ef0000,0x0000000016ff0000)]
  0x000000001680a800 JavaThread "pool-1-thread-3" [_thread_in_Java, id=5948, stack(0x0000000016df0000,0x0000000016ef0000)]
  0x00000000167f7800 JavaThread "pool-1-thread-2" [_thread_in_Java, id=6956, stack(0x0000000016cf0000,0x0000000016df0000)]
  0x0000000016805000 JavaThread "pool-2-thread-1" [_thread_blocked, id=3692, stack(0x0000000016bf0000,0x0000000016cf0000)]
  0x0000000016803000 JavaThread "pool-1-thread-1" [_thread_in_Java, id=2060, stack(0x0000000016af0000,0x0000000016bf0000)]
  0x000000001532a000 JavaThread "Service Thread" daemon [_thread_blocked, id=4908, stack(0x00000000164f0000,0x00000000165f0000)]
  0x0000000015324000 JavaThread "C1 CompilerThread1" daemon [_thread_in_native, id=8488, stack(0x00000000163f0000,0x00000000164f0000)]
=>0x00000000152c8000 JavaThread "C2 CompilerThread0" daemon [_thread_in_native, id=4952, stack(0x00000000162f0000,0x00000000163f0000)]
  0x00000000152c6800 JavaThread "Attach Listener" daemon [_thread_blocked, id=2964, stack(0x00000000161f0000,0x00000000162f0000)]
  0x00000000152c3800 JavaThread "Signal Dispatcher" daemon [_thread_blocked, id=7944, stack(0x00000000160f0000,0x00000000161f0000)]
  0x00000000152b6800 JavaThread "Finalizer" daemon [_thread_blocked, id=4984, stack(0x0000000015f00000,0x0000000016000000)]
  0x0000000002e2f000 JavaThread "Reference Handler" daemon [_thread_blocked, id=8712, stack(0x0000000015e00000,0x0000000015f00000)]
  0x0000000002d3d800 JavaThread "main" [_thread_in_Java, id=9704, stack(0x0000000002c30000,0x0000000002d30000)]

Other Threads:
  0x0000000015295000 VMThread [stack: 0x0000000015d00000,0x0000000015e00000] [id=9276]
  0x000000001532c000 WatcherThread [stack: 0x00000000165f0000,0x00000000166f0000] [id=3792]

VM state:not at safepoint (normal execution)

VM Mutex/Monitor currently owned by a thread: None

Heap:
 PSYoungGen      total 18944K, used 16346K [0x00000000eab00000, 0x00000000ec000000, 0x0000000100000000)
  eden space 16384K, 99% used [0x00000000eab00000,0x00000000ebaf69d8,0x00000000ebb00000)
  from space 2560K, 0% used [0x00000000ebd80000,0x00000000ebd80000,0x00000000ec000000)
  to   space 2560K, 0% used [0x00000000ebb00000,0x00000000ebb00000,0x00000000ebd80000)
 ParOldGen       total 44032K, used 0K [0x00000000c0000000, 0x00000000c2b00000, 0x00000000eab00000)
  object space 44032K, 0% used [0x00000000c0000000,0x00000000c0000000,0x00000000c2b00000)
 Metaspace       used 5571K, capacity 6640K, committed 6784K, reserved 1056768K
  class space    used 571K, capacity 616K, committed 640K, reserved 1048576K

Card table byte_map: [0x0000000012200000,0x0000000012410000] byte_map_base: 0x0000000011c00000

Marking Bits: (ParMarkBitMap*) 0x000000006b784970
 Begin Bits: [0x0000000012770000, 0x0000000013770000)
 End Bits:   [0x0000000013770000, 0x0000000014770000)

Polling page: 0x0000000000e80000

CodeCache: size=245760Kb used=2027Kb max_used=2037Kb free=243733Kb
 bounds [0x0000000002e40000, 0x00000000030b0000, 0x0000000011e40000]
 total_blobs=732 nmethods=471 adapters=176
 compilation: enabled

Compilation events (10 events):
Event: 1.382 Thread 0x0000000015324000 nmethod 462 0x0000000003035cd0 code [0x0000000003035e40, 0x00000000030360e8]
Event: 1.382 Thread 0x0000000015324000  466       3       com.android.dx.rop.code.RegisterSpecList::set (7 bytes)
Event: 1.383 Thread 0x0000000015324000 nmethod 466 0x0000000003034d50 code [0x0000000003034f20, 0x0000000003035708]
Event: 1.383 Thread 0x0000000015324000  470       3       com.android.dx.rop.code.RegisterSpecList::<init> (6 bytes)
Event: 1.383 Thread 0x0000000015324000 nmethod 470 0x00000000030349d0 code [0x0000000003034b40, 0x0000000003034cc8]
Event: 1.383 Thread 0x0000000015324000  467   !   3       com.android.dx.cf.code.BytecodeArray::parseInstruction (2764 bytes)
Event: 1.387 Thread 0x00000000152c8000 nmethod 476 0x0000000003034190 code [0x0000000003034300, 0x00000000030346c8]
Event: 1.393 Thread 0x00000000152c8000  492   !   4       com.android.dx.util.IntList::get (36 bytes)
Event: 1.394 Thread 0x00000000152c8000 nmethod 492 0x000000000303b710 code [0x000000000303b840, 0x000000000303b8f8]
Event: 1.399 Thread 0x00000000152c8000  500       4       java.util.HashMap::get (23 bytes)

GC Heap History (0 events):
No events

Deoptimization events (0 events):
No events

Classes redefined (0 events):
No events

Internal exceptions (2 events):
Event: 0.682 Thread 0x0000000002d3d800 Exception <a 'java/lang/NoSuchMethodError': Method sun.misc.Unsafe.defineClass(Ljava/lang/String;[BII)Ljava/lang/Class; name or signature does not match> (0x00000000eab07ca8) thrown at [D:\src\AOSP-openjdk-cygwin\jdk8u\hotspot\src\share\vm\prims\jni.cpp, 
Event: 0.682 Thread 0x0000000002d3d800 Exception <a 'java/lang/NoSuchMethodError': Method sun.misc.Unsafe.prefetchRead(Ljava/lang/Object;J)V name or signature does not match> (0x00000000eab07f90) thrown at [D:\src\AOSP-openjdk-cygwin\jdk8u\hotspot\src\share\vm\prims\jni.cpp, line 4011]

Events (10 events):
Event: 1.321 loading class com/android/dx/rop/annotation/AnnotationsList
Event: 1.321 loading class com/android/dx/rop/annotation/AnnotationsList done
Event: 1.322 loading class com/android/dx/dex/file/MethodIdItem
Event: 1.322 loading class com/android/dx/dex/file/MethodIdItem done
Event: 1.323 loading class com/android/dx/rop/cst/CstEnumRef
Event: 1.323 loading class com/android/dx/rop/cst/CstEnumRef done
Event: 1.335 loading class com/android/dx/ssa/PhiInsn$Operand
Event: 1.335 loading class com/android/dx/ssa/PhiInsn$Operand done
Event: 1.341 loading class java/util/DualPivotQuicksort
Event: 1.341 loading class java/util/DualPivotQuicksort done


Dynamic libraries:
0x00007ff67d580000 - 0x00007ff67d5b1000 	D:\Android\Android Studio\jre\bin\java.exe
0x00007fffadf00000 - 0x00007fffae0e1000 	C:\Windows\SYSTEM32\ntdll.dll
0x00007fffad0d0000 - 0x00007fffad182000 	C:\Windows\System32\KERNEL32.DLL
0x00007fffab110000 - 0x00007fffab383000 	C:\Windows\System32\KERNELBASE.dll
0x00007fffad840000 - 0x00007fffad8e1000 	C:\Windows\System32\ADVAPI32.dll
0x00007ffface30000 - 0x00007fffacece000 	C:\Windows\System32\msvcrt.dll
0x00007fffad190000 - 0x00007fffad1eb000 	C:\Windows\System32\sechost.dll
0x00007fffacfa0000 - 0x00007fffad0c4000 	C:\Windows\System32\RPCRT4.dll
0x00007fffab860000 - 0x00007fffab9f0000 	C:\Windows\System32\USER32.dll
0x00007fffaaf00000 - 0x00007fffaaf20000 	C:\Windows\System32\win32u.dll
0x00007fffaced0000 - 0x00007fffacef8000 	C:\Windows\System32\GDI32.dll
0x00007fffaabc0000 - 0x00007fffaad52000 	C:\Windows\System32\gdi32full.dll
0x00007fffaae60000 - 0x00007fffaaeff000 	C:\Windows\System32\msvcp_win.dll
0x00007fffaad60000 - 0x00007fffaae5a000 	C:\Windows\System32\ucrtbase.dll
0x00007fff99740000 - 0x00007fff999a9000 	C:\Windows\WinSxS\amd64_microsoft.windows.common-controls_6595b64144ccf1df_6.0.17134.345_none_fb429a5930656358\COMCTL32.dll
0x00007fffada50000 - 0x00007fffadd73000 	C:\Windows\System32\combase.dll
0x00007fffaaae0000 - 0x00007fffaab5a000 	C:\Windows\System32\bcryptPrimitives.dll
0x00007fffad200000 - 0x00007fffad22d000 	C:\Windows\System32\IMM32.DLL
0x000000006ae00000 - 0x000000006aed2000 	D:\Android\Android Studio\jre\jre\bin\msvcr100.dll
0x000000006afc0000 - 0x000000006b7ff000 	D:\Android\Android Studio\jre\jre\bin\server\jvm.dll
0x00007fffade00000 - 0x00007fffade08000 	C:\Windows\System32\PSAPI.DLL
0x00007fffa6e50000 - 0x00007fffa6e59000 	C:\Windows\SYSTEM32\WSOCK32.dll
0x00007fffad320000 - 0x00007fffad38c000 	C:\Windows\System32\WS2_32.dll
0x00007fffa82a0000 - 0x00007fffa82c3000 	C:\Windows\SYSTEM32\WINMM.dll
0x00007fffa7bb0000 - 0x00007fffa7bba000 	C:\Windows\SYSTEM32\VERSION.dll
0x00007fffa8270000 - 0x00007fffa829a000 	C:\Windows\SYSTEM32\WINMMBASE.dll
0x00007fffaa380000 - 0x00007fffaa3c9000 	C:\Windows\System32\cfgmgr32.dll
0x00007fffa63f0000 - 0x00007fffa63ff000 	D:\Android\Android Studio\jre\jre\bin\verify.dll
0x00007fffa1be0000 - 0x00007fffa1c09000 	D:\Android\Android Studio\jre\jre\bin\java.dll
0x00007fffa1870000 - 0x00007fffa1886000 	D:\Android\Android Studio\jre\jre\bin\zip.dll
0x00007fffab9f0000 - 0x00007ffface2f000 	C:\Windows\System32\SHELL32.dll
0x00007fffad790000 - 0x00007fffad839000 	C:\Windows\System32\shcore.dll
0x00007fffaa3d0000 - 0x00007fffaaadd000 	C:\Windows\System32\windows.storage.dll
0x00007fffab7e0000 - 0x00007fffab831000 	C:\Windows\System32\shlwapi.dll
0x00007fffaa290000 - 0x00007fffaa2a1000 	C:\Windows\System32\kernel.appcore.dll
0x00007fffaa270000 - 0x00007fffaa28f000 	C:\Windows\System32\profapi.dll
0x00007fffaa210000 - 0x00007fffaa25c000 	C:\Windows\System32\powrprof.dll
0x00007fffaa260000 - 0x00007fffaa26a000 	C:\Windows\System32\FLTLIB.DLL

VM Arguments:
jvm_args: -Djava.awt.headless=true -Xmx1024M -Dfile.encoding=windows-1252 -Duser.country=US -Duser.language=en -Duser.variant 
java_command: com.android.dx.command.Main --dex --num-threads=4 --output C:\Android-Face-Recognition-with-Deep-Learning-Test-Framework-master\app\build\intermediates\pre-dexed\debug\ch.zhaw-facerecognitionlibrary-1.5.3_4054d87743dae06cffe27c6fbb8063b2ea42a9ea.jar C:\Android-Face-Recognition-with-Deep-Learning-Test-Framework-master\app\build\intermediates\exploded-aar\ch.zhaw\facerecognitionlibrary\1.5.3\jars\classes.jar
java_class_path (initial): C:\Users\Ajwl\AppData\Local\Android\Sdk\build-tools\23.0.1\lib\dx.jar
Launcher Type: SUN_STANDARD

Environment Variables:
JAVA_HOME=C:\Program Files\Java\jdk1.8.0_181
CLASSPATH=C:\Program Files\Java\jre1.8.0_181\lib
PATH=C:\Program Files (x86)\Common Files\Oracle\Java\javapath;"%JAVA_HOME%;%JAVA_HOME%\bin;";C:\Windows\system32;C:\Windows;C:\Windows\System32\Wbem;C:\Windows\System32\WindowsPowerShell\v1.0\;C:\Windows\System32\OpenSSH\;D:\Go\bin;D:\Microsoft VS Code\bin;C:\Program Files\Git\cmd;D:\nodejs\;C:\Program Files\Java\jdk1.8.0_181\bin;C:\Program Files\Java\jre1.8.0_181\bin;C:\bazel;C:\msys64\usr\bin;D:\PyCharm Community Edition 2018.2.4\Scripts\;D:\PyCharm Community Edition 2018.2.4\;C:\Users\Ajwl\AppData\Local\Microsoft\WindowsApps;%GOPATH%\bin;C:\Users\Ajwl\AppData\Roaming\npm
USERNAME=Ajwl
OS=Windows_NT
PROCESSOR_IDENTIFIER=AMD64 Family 21 Model 112 Stepping 0, AuthenticAMD



---------------  S Y S T E M  ---------------

OS: Windows 10.0 , 64 bit Build 17134 (10.0.17134.1)

CPU:total 2 (initial active 2) (2 cores per cpu, 1 threads per core) family 21 model 112 stepping 0, cmov, cx8, fxsr, mmx, sse, sse2, sse3, ssse3, sse4.1, sse4.2, popcnt, avx, avx2, aes, clmul, mmxext, 3dnowpref, lzcnt, sse4a, tsc, tscinvbit, tscinv, bmi1

Memory: 4k page, physical 4068724k(472056k free), swap 5117300k(7552k free)

vm_info: OpenJDK 64-Bit Server VM (25.152-b02) for windows-amd64 JRE (1.8.0_152-release-1024-b02), built by "builder" with MS VC++ 10.0 (VS2010)

time: Thu Nov 01 20:59:03 2018
elapsed time: 1 seconds (0d 0h 0m 1s)

