#
# There is insufficient memory for the Java Runtime Environment to continue.
# Native memory allocation (malloc) failed to allocate 109456 bytes for Chunk::new
# Possible reasons:
#   The system is out of physical RAM or swap space
#   In 32 bit mode, the process size limit was hit
# Possible solutions:
#   Reduce memory load on the system
#   Increase physical memory or swap space
#   Check if swap backing store is full
#   Use 64 bit Java on a 64 bit OS
#   Decrease Java heap size (-Xmx/-Xms)
#   Decrease number of Java threads
#   Decrease Java thread stack sizes (-Xss)
#   Set larger code cache with -XX:ReservedCodeCacheSize=
# This output file may be truncated or incomplete.
#
#  Out of Memory Error (allocation.cpp:390), pid=6096, tid=0x00000000000015ec
#
# JRE version: OpenJDK Runtime Environment (8.0_152-b02) (build 1.8.0_152-release-1024-b02)
# Java VM: OpenJDK 64-Bit Server VM (25.152-b02 mixed mode windows-amd64 compressed oops)
# Failed to write core dump. Minidumps are not enabled by default on client versions of Windows
#

---------------  T H R E A D  ---------------

Current thread (0x00000000154fa800):  JavaThread "C2 CompilerThread0" daemon [_thread_in_native, id=5612, stack(0x0000000016550000,0x0000000016650000)]

Stack: [0x0000000016550000,0x0000000016650000]
[error occurred during error reporting (printing stack bounds), id 0xc0000005]

Native frames: (J=compiled Java code, j=interpreted, Vv=VM code, C=native code)


Current CompileTask:
C2:   4606  708       4       java.util.HashMap::getNode (148 bytes)


---------------  P R O C E S S  ---------------

Java Threads: ( => current thread )
  0x0000000016b63000 JavaThread "pool-1-thread-4" [_thread_blocked, id=3092, stack(0x0000000017150000,0x0000000017250000)]
  0x0000000016a66800 JavaThread "pool-1-thread-3" [_thread_blocked, id=4384, stack(0x0000000017050000,0x0000000017150000)]
  0x0000000016a62800 JavaThread "pool-1-thread-2" [_thread_blocked, id=3648, stack(0x0000000016f50000,0x0000000017050000)]
  0x0000000016a5c000 JavaThread "pool-2-thread-1" [_thread_blocked, id=6720, stack(0x0000000016e50000,0x0000000016f50000)]
  0x0000000016a53800 JavaThread "pool-1-thread-1" [_thread_in_vm, id=3732, stack(0x0000000016d50000,0x0000000016e50000)]
  0x000000001555b000 JavaThread "Service Thread" daemon [_thread_blocked, id=8332, stack(0x0000000016750000,0x0000000016850000)]
  0x0000000015555000 JavaThread "C1 CompilerThread1" daemon [_thread_in_native, id=1128, stack(0x0000000016650000,0x0000000016750000)]
=>0x00000000154fa800 JavaThread "C2 CompilerThread0" daemon [_thread_in_native, id=5612, stack(0x0000000016550000,0x0000000016650000)]
  0x00000000154f9800 JavaThread "Attach Listener" daemon [_thread_blocked, id=9656, stack(0x0000000016450000,0x0000000016550000)]
  0x00000000154f6800 JavaThread "Signal Dispatcher" daemon [_thread_blocked, id=560, stack(0x0000000016350000,0x0000000016450000)]
  0x0000000003064800 JavaThread "Finalizer" daemon [_thread_blocked, id=4888, stack(0x0000000016160000,0x0000000016260000)]
  0x0000000003061800 JavaThread "Reference Handler" daemon [_thread_blocked, id=6300, stack(0x0000000016060000,0x0000000016160000)]
  0x0000000002cfd800 JavaThread "main" [_thread_blocked, id=8752, stack(0x0000000002e70000,0x0000000002f70000)]

Other Threads:
  0x0000000003058000 VMThread [stack: 0x0000000015f60000,0x0000000016060000] [id=5744]
  0x000000001555d000 WatcherThread [stack: 0x0000000016850000,0x0000000016950000] [id=8872]

VM state:not at safepoint (normal execution)

VM Mutex/Monitor currently owned by a thread: None

Heap:
 PSYoungGen      total 18944K, used 12411K [0x00000000eab00000, 0x00000000ec000000, 0x0000000100000000)
  eden space 16384K, 75% used [0x00000000eab00000,0x00000000eb71ecc0,0x00000000ebb00000)
  from space 2560K, 0% used [0x00000000ebd80000,0x00000000ebd80000,0x00000000ec000000)
  to   space 2560K, 0% used [0x00000000ebb00000,0x00000000ebb00000,0x00000000ebd80000)
 ParOldGen       total 44032K, used 0K [0x00000000c0000000, 0x00000000c2b00000, 0x00000000eab00000)
  object space 44032K, 0% used [0x00000000c0000000,0x00000000c0000000,0x00000000c2b00000)
 Metaspace       used 5576K, capacity 6640K, committed 6784K, reserved 1056768K
  class space    used 568K, capacity 616K, committed 640K, reserved 1048576K

Card table byte_map: [0x0000000012430000,0x0000000012640000] byte_map_base: 0x0000000011e30000

Marking Bits: (ParMarkBitMap*) 0x000000006b784970
 Begin Bits: [0x00000000129a0000, 0x00000000139a0000)
 End Bits:   [0x00000000139a0000, 0x00000000149a0000)

Polling page: 0x0000000001470000

CodeCache: size=245760Kb used=2882Kb max_used=2882Kb free=242877Kb
 bounds [0x0000000003070000, 0x0000000003350000, 0x0000000012070000]
 total_blobs=963 nmethods=702 adapters=176
 compilation: enabled

Compilation events (10 events):
Event: 4.325 Thread 0x00000000154fa800 nmethod 699 0x0000000003341150 code [0x00000000033412a0, 0x0000000003341398]
Event: 4.325 Thread 0x0000000015555000 nmethod 698 0x000000000333ead0 code [0x000000000333ec60, 0x000000000333f268]
Event: 4.325 Thread 0x0000000015555000  704       3       com.android.dx.rop.cst.CstFieldRef::compareTo0 (43 bytes)
Event: 4.326 Thread 0x0000000015555000 nmethod 704 0x000000000333fe10 code [0x0000000003340000, 0x0000000003340c88]
Event: 4.326 Thread 0x0000000015555000  701       3       com.android.dx.rop.code.BasicBlock::getLastInsn (8 bytes)
Event: 4.327 Thread 0x0000000015555000 nmethod 701 0x000000000333e1d0 code [0x000000000333e360, 0x000000000333e908]
Event: 4.327 Thread 0x0000000015555000  702       3       com.android.dx.dex.code.RopTranslator$LocalVariableAwareTranslationVisitor::addIntroductionIfNecessary (30 bytes)
Event: 4.327 Thread 0x0000000015555000 nmethod 702 0x00000000033414d0 code [0x00000000033416c0, 0x0000000003342168]
Event: 4.327 Thread 0x0000000015555000  707   !   3       com.android.dx.cf.code.RopperMachine::run (1550 bytes)
Event: 4.328 Thread 0x00000000154fa800  708       4       java.util.HashMap::getNode (148 bytes)

GC Heap History (0 events):
No events

Deoptimization events (1 events):
Event: 4.227 Thread 0x0000000016a53800 Uncommon trap: reason=unstable_if action=reinterpret pc=0x00000000032c18d0 method=java.util.HashMap.getNode(ILjava/lang/Object;)Ljava/util/HashMap$Node; @ 62

Classes redefined (0 events):
No events

Internal exceptions (2 events):
Event: 0.136 Thread 0x0000000002cfd800 Exception <a 'java/lang/NoSuchMethodError': Method sun.misc.Unsafe.defineClass(Ljava/lang/String;[BII)Ljava/lang/Class; name or signature does not match> (0x00000000eab07ca8) thrown at [D:\src\AOSP-openjdk-cygwin\jdk8u\hotspot\src\share\vm\prims\jni.cpp, 
Event: 0.136 Thread 0x0000000002cfd800 Exception <a 'java/lang/NoSuchMethodError': Method sun.misc.Unsafe.prefetchRead(Ljava/lang/Object;J)V name or signature does not match> (0x00000000eab07f90) thrown at [D:\src\AOSP-openjdk-cygwin\jdk8u\hotspot\src\share\vm\prims\jni.cpp, line 4011]

Events (10 events):
Event: 4.222 loading class com/android/dx/cf/code/Ropper$ExceptionHandlerSetup done
Event: 4.227 Thread 0x0000000016a53800 Uncommon trap: trap_request=0xffffff65 fr.pc=0x00000000032c18d0
Event: 4.227 Thread 0x0000000016a53800 DEOPT PACKING pc=0x00000000032c18d0 sp=0x0000000016e4e250
Event: 4.227 Thread 0x0000000016a53800 DEOPT UNPACKING pc=0x00000000030b557b sp=0x0000000016e4e1c8 mode 2
Event: 4.231 loading class java/util/HashMap$Values
Event: 4.234 loading class java/util/HashMap$Values done
Event: 4.234 loading class java/util/HashMap$ValueIterator
Event: 4.234 loading class java/util/HashMap$ValueIterator done
Event: 4.254 loading class com/android/dx/ssa/back/FirstFitLocalCombiningAllocator$Multiset
Event: 4.254 loading class com/android/dx/ssa/back/FirstFitLocalCombiningAllocator$Multiset done


Dynamic libraries:
0x00007ff67d580000 - 0x00007ff67d5b1000 	D:\Android\Android Studio\jre\bin\java.exe
0x00007fffadf00000 - 0x00007fffae0e1000 	C:\Windows\SYSTEM32\ntdll.dll
0x00007fffad0d0000 - 0x00007fffad182000 	C:\Windows\System32\KERNEL32.DLL
0x00007fffab110000 - 0x00007fffab383000 	C:\Windows\System32\KERNELBASE.dll
0x00007fffad840000 - 0x00007fffad8e1000 	C:\Windows\System32\ADVAPI32.dll
0x00007ffface30000 - 0x00007fffacece000 	C:\Windows\System32\msvcrt.dll
0x00007fffad190000 - 0x00007fffad1eb000 	C:\Windows\System32\sechost.dll
0x00007fffacfa0000 - 0x00007fffad0c4000 	C:\Windows\System32\RPCRT4.dll
0x00007fffab860000 - 0x00007fffab9f0000 	C:\Windows\System32\USER32.dll
0x00007fffaaf00000 - 0x00007fffaaf20000 	C:\Windows\System32\win32u.dll
0x00007fffaced0000 - 0x00007fffacef8000 	C:\Windows\System32\GDI32.dll
0x00007fffaabc0000 - 0x00007fffaad52000 	C:\Windows\System32\gdi32full.dll
0x00007fffaae60000 - 0x00007fffaaeff000 	C:\Windows\System32\msvcp_win.dll
0x00007fffaad60000 - 0x00007fffaae5a000 	C:\Windows\System32\ucrtbase.dll
0x00007fff99740000 - 0x00007fff999a9000 	C:\Windows\WinSxS\amd64_microsoft.windows.common-controls_6595b64144ccf1df_6.0.17134.345_none_fb429a5930656358\COMCTL32.dll
0x00007fffada50000 - 0x00007fffadd73000 	C:\Windows\System32\combase.dll
0x00007fffaaae0000 - 0x00007fffaab5a000 	C:\Windows\System32\bcryptPrimitives.dll
0x00007fffad200000 - 0x00007fffad22d000 	C:\Windows\System32\IMM32.DLL
0x000000006ae00000 - 0x000000006aed2000 	D:\Android\Android Studio\jre\jre\bin\msvcr100.dll
0x000000006afc0000 - 0x000000006b7ff000 	D:\Android\Android Studio\jre\jre\bin\server\jvm.dll
0x00007fffade00000 - 0x00007fffade08000 	C:\Windows\System32\PSAPI.DLL
0x00007fffa6e50000 - 0x00007fffa6e59000 	C:\Windows\SYSTEM32\WSOCK32.dll
0x00007fffad320000 - 0x00007fffad38c000 	C:\Windows\System32\WS2_32.dll
0x00007fffa7bb0000 - 0x00007fffa7bba000 	C:\Windows\SYSTEM32\VERSION.dll
0x00007fffa82a0000 - 0x00007fffa82c3000 	C:\Windows\SYSTEM32\WINMM.dll
0x00007fffa8270000 - 0x00007fffa829a000 	C:\Windows\SYSTEM32\WINMMBASE.dll
0x00007fffaa380000 - 0x00007fffaa3c9000 	C:\Windows\System32\cfgmgr32.dll
0x00007fffa63f0000 - 0x00007fffa63ff000 	D:\Android\Android Studio\jre\jre\bin\verify.dll
0x00007fffa1be0000 - 0x00007fffa1c09000 	D:\Android\Android Studio\jre\jre\bin\java.dll
0x00007fffa1870000 - 0x00007fffa1886000 	D:\Android\Android Studio\jre\jre\bin\zip.dll
0x00007fffab9f0000 - 0x00007ffface2f000 	C:\Windows\System32\SHELL32.dll
0x00007fffad790000 - 0x00007fffad839000 	C:\Windows\System32\shcore.dll
0x00007fffaa3d0000 - 0x00007fffaaadd000 	C:\Windows\System32\windows.storage.dll
0x00007fffab7e0000 - 0x00007fffab831000 	C:\Windows\System32\shlwapi.dll
0x00007fffaa290000 - 0x00007fffaa2a1000 	C:\Windows\System32\kernel.appcore.dll
0x00007fffaa270000 - 0x00007fffaa28f000 	C:\Windows\System32\profapi.dll
0x00007fffaa210000 - 0x00007fffaa25c000 	C:\Windows\System32\powrprof.dll
0x00007fffaa260000 - 0x00007fffaa26a000 	C:\Windows\System32\FLTLIB.DLL

VM Arguments:
jvm_args: -Djava.awt.headless=true -Xmx1024M -Dfile.encoding=windows-1252 -Duser.country=US -Duser.language=en -Duser.variant 
java_command: com.android.dx.command.Main --dex --num-threads=4 --output C:\Android-Face-Recognition-with-Deep-Learning-Test-Framework-master\app\build\intermediates\pre-dexed\debug\ch.zhaw-facerecognitionlibrary-1.5.3_4054d87743dae06cffe27c6fbb8063b2ea42a9ea.jar C:\Android-Face-Recognition-with-Deep-Learning-Test-Framework-master\app\build\intermediates\exploded-aar\ch.zhaw\facerecognitionlibrary\1.5.3\jars\classes.jar
java_class_path (initial): C:\Users\Ajwl\AppData\Local\Android\Sdk\build-tools\23.0.1\lib\dx.jar
Launcher Type: SUN_STANDARD

Environment Variables:
JAVA_HOME=C:\Program Files\Java\jdk1.8.0_181
CLASSPATH=C:\Program Files\Java\jre1.8.0_181\lib
PATH=C:\Program Files (x86)\Common Files\Oracle\Java\javapath;"%JAVA_HOME%;%JAVA_HOME%\bin;";C:\Windows\system32;C:\Windows;C:\Windows\System32\Wbem;C:\Windows\System32\WindowsPowerShell\v1.0\;C:\Windows\System32\OpenSSH\;D:\Go\bin;D:\Microsoft VS Code\bin;C:\Program Files\Git\cmd;D:\nodejs\;C:\Program Files\Java\jdk1.8.0_181\bin;C:\Program Files\Java\jre1.8.0_181\bin;C:\bazel;C:\msys64\usr\bin;D:\PyCharm Community Edition 2018.2.4\Scripts\;D:\PyCharm Community Edition 2018.2.4\;C:\Users\Ajwl\AppData\Local\Microsoft\WindowsApps;%GOPATH%\bin;C:\Users\Ajwl\AppData\Roaming\npm
USERNAME=Ajwl
OS=Windows_NT
PROCESSOR_IDENTIFIER=AMD64 Family 21 Model 112 Stepping 0, AuthenticAMD



---------------  S Y S T E M  ---------------

OS: Windows 10.0 , 64 bit Build 17134 (10.0.17134.1)

CPU:total 2 (initial active 2) (2 cores per cpu, 1 threads per core) family 21 model 112 stepping 0, cmov, cx8, fxsr, mmx, sse, sse2, sse3, ssse3, sse4.1, sse4.2, popcnt, avx, avx2, aes, clmul, mmxext, 3dnowpref, lzcnt, sse4a, tsc, tscinvbit, tscinv, bmi1

Memory: 4k page, physical 4068724k(455856k free), swap 5117300k(1092k free)

vm_info: OpenJDK 64-Bit Server VM (25.152-b02) for windows-amd64 JRE (1.8.0_152-release-1024-b02), built by "builder" with MS VC++ 10.0 (VS2010)

time: Thu Nov 01 18:57:29 2018
elapsed time: 4 seconds (0d 0h 0m 4s)

