#
# There is insufficient memory for the Java Runtime Environment to continue.
# Native memory allocation (malloc) failed to allocate 66480 bytes for Chunk::new
# Possible reasons:
#   The system is out of physical RAM or swap space
#   In 32 bit mode, the process size limit was hit
# Possible solutions:
#   Reduce memory load on the system
#   Increase physical memory or swap space
#   Check if swap backing store is full
#   Use 64 bit Java on a 64 bit OS
#   Decrease Java heap size (-Xmx/-Xms)
#   Decrease number of Java threads
#   Decrease Java thread stack sizes (-Xss)
#   Set larger code cache with -XX:ReservedCodeCacheSize=
# This output file may be truncated or incomplete.
#
#  Out of Memory Error (allocation.cpp:390), pid=7836, tid=0x000000000000201c
#
# JRE version: OpenJDK Runtime Environment (8.0_152-b02) (build 1.8.0_152-release-1024-b02)
# Java VM: OpenJDK 64-Bit Server VM (25.152-b02 mixed mode windows-amd64 compressed oops)
# Failed to write core dump. Minidumps are not enabled by default on client versions of Windows
#

---------------  T H R E A D  ---------------

Current thread (0x0000000015389000):  JavaThread "C2 CompilerThread0" daemon [_thread_in_native, id=8220, stack(0x00000000167c0000,0x00000000168c0000)]

Stack: [0x00000000167c0000,0x00000000168c0000]
[error occurred during error reporting (printing stack bounds), id 0xc0000005]

Native frames: (J=compiled Java code, j=interpreted, Vv=VM code, C=native code)


Current CompileTask:
C2:   2158 1290 %     4       com.android.dx.ssa.SsaMethod::deleteInsns @ 8 (239 bytes)


---------------  P R O C E S S  ---------------

Java Threads: ( => current thread )
  0x0000000015416000 JavaThread "Service Thread" daemon [_thread_blocked, id=60, stack(0x00000000169c0000,0x0000000016ac0000)]
  0x000000001538b000 JavaThread "C1 CompilerThread1" daemon [_thread_in_native, id=6988, stack(0x00000000168c0000,0x00000000169c0000)]
=>0x0000000015389000 JavaThread "C2 CompilerThread0" daemon [_thread_in_native, id=8220, stack(0x00000000167c0000,0x00000000168c0000)]
  0x0000000015386800 JavaThread "Attach Listener" daemon [_thread_blocked, id=2360, stack(0x00000000166c0000,0x00000000167c0000)]
  0x0000000015383800 JavaThread "Signal Dispatcher" daemon [_thread_blocked, id=6768, stack(0x00000000165c0000,0x00000000166c0000)]
  0x0000000015376800 JavaThread "Finalizer" daemon [_thread_blocked, id=4052, stack(0x00000000163d0000,0x00000000164d0000)]
  0x0000000002eef000 JavaThread "Reference Handler" daemon [_thread_blocked, id=6360, stack(0x00000000162d0000,0x00000000163d0000)]
  0x0000000002dfd800 JavaThread "main" [_thread_in_Java, id=3648, stack(0x0000000002c30000,0x0000000002d30000)]

Other Threads:
  0x0000000015354800 VMThread [stack: 0x00000000161d0000,0x00000000162d0000] [id=1252]
  0x0000000015418000 WatcherThread [stack: 0x0000000016ac0000,0x0000000016bc0000] [id=7612]

VM state:not at safepoint (normal execution)

VM Mutex/Monitor currently owned by a thread: None

Heap:
 PSYoungGen      total 18944K, used 16913K [0x00000000eab00000, 0x00000000ec000000, 0x0000000100000000)
  eden space 16384K, 87% used [0x00000000eab00000,0x00000000eb90c640,0x00000000ebb00000)
  from space 2560K, 98% used [0x00000000ebb00000,0x00000000ebd78028,0x00000000ebd80000)
  to   space 2560K, 0% used [0x00000000ebd80000,0x00000000ebd80000,0x00000000ec000000)
 ParOldGen       total 44032K, used 4653K [0x00000000c0000000, 0x00000000c2b00000, 0x00000000eab00000)
  object space 44032K, 10% used [0x00000000c0000000,0x00000000c048b648,0x00000000c2b00000)
 Metaspace       used 6199K, capacity 6324K, committed 6528K, reserved 1062912K
  class space    used 590K, capacity 616K, committed 640K, reserved 1048576K

Card table byte_map: [0x00000000122c0000,0x00000000124d0000] byte_map_base: 0x0000000011cc0000

Marking Bits: (ParMarkBitMap*) 0x000000006b784970
 Begin Bits: [0x0000000012830000, 0x0000000013830000)
 End Bits:   [0x0000000013830000, 0x0000000014830000)

Polling page: 0x0000000001390000

CodeCache: size=245760Kb used=5556Kb max_used=5556Kb free=240203Kb
 bounds [0x0000000002f00000, 0x0000000003480000, 0x0000000011f00000]
 total_blobs=1702 nmethods=1441 adapters=176
 compilation: enabled

Compilation events (10 events):
Event: 2.071 Thread 0x000000001538b000 nmethod 1359 0x0000000003441ed0 code [0x0000000003442040, 0x00000000034421c8]
Event: 2.072 Thread 0x000000001538b000 1360  s    2       com.android.dx.dex.file.TypeIdsSection::intern (62 bytes)
Event: 2.073 Thread 0x000000001538b000 nmethod 1360 0x0000000003445090 code [0x0000000003445240, 0x0000000003445868]
Event: 2.073 Thread 0x000000001538b000 1361       1       com.android.dx.dex.file.DexFile::getTypeLists (5 bytes)
Event: 2.073 Thread 0x000000001538b000 nmethod 1361 0x0000000003444dd0 code [0x0000000003444f20, 0x0000000003445030]
Event: 2.074 Thread 0x000000001538b000 1364  s    2       com.android.dx.dex.file.MixedItemSection::intern (39 bytes)
Event: 2.074 Thread 0x000000001538b000 nmethod 1364 0x0000000003444450 code [0x0000000003444600, 0x0000000003444b48]
Event: 2.074 Thread 0x000000001538b000 1365       2       com.android.dx.dex.file.TypeListItem::hashCode (8 bytes)
Event: 2.075 Thread 0x000000001538b000 nmethod 1365 0x0000000003444090 code [0x0000000003444200, 0x0000000003444368]
Event: 2.076 Thread 0x000000001538b000 1366       1       com.android.dx.dex.file.IdItem::getDefiningClass (5 bytes)

GC Heap History (6 events):
Event: 1.168 GC heap before
{Heap before GC invocations=1 (full 0):
 PSYoungGen      total 18944K, used 16384K [0x00000000eab00000, 0x00000000ec000000, 0x0000000100000000)
  eden space 16384K, 100% used [0x00000000eab00000,0x00000000ebb00000,0x00000000ebb00000)
  from space 2560K, 0% used [0x00000000ebd80000,0x00000000ebd80000,0x00000000ec000000)
  to   space 2560K, 0% used [0x00000000ebb00000,0x00000000ebb00000,0x00000000ebd80000)
 ParOldGen       total 44032K, used 0K [0x00000000c0000000, 0x00000000c2b00000, 0x00000000eab00000)
  object space 44032K, 0% used [0x00000000c0000000,0x00000000c0000000,0x00000000c2b00000)
 Metaspace       used 5739K, capacity 5812K, committed 6016K, reserved 1062912K
  class space    used 571K, capacity 616K, committed 640K, reserved 1048576K
Event: 1.183 GC heap after
Heap after GC invocations=1 (full 0):
 PSYoungGen      total 18944K, used 2535K [0x00000000eab00000, 0x00000000ec000000, 0x0000000100000000)
  eden space 16384K, 0% used [0x00000000eab00000,0x00000000eab00000,0x00000000ebb00000)
  from space 2560K, 99% used [0x00000000ebb00000,0x00000000ebd79c88,0x00000000ebd80000)
  to   space 2560K, 0% used [0x00000000ebd80000,0x00000000ebd80000,0x00000000ec000000)
 ParOldGen       total 44032K, used 1834K [0x00000000c0000000, 0x00000000c2b00000, 0x00000000eab00000)
  object space 44032K, 4% used [0x00000000c0000000,0x00000000c01cab80,0x00000000c2b00000)
 Metaspace       used 5739K, capacity 5812K, committed 6016K, reserved 1062912K
  class space    used 571K, capacity 616K, committed 640K, reserved 1048576K
}
Event: 1.639 GC heap before
{Heap before GC invocations=2 (full 0):
 PSYoungGen      total 18944K, used 18919K [0x00000000eab00000, 0x00000000ec000000, 0x0000000100000000)
  eden space 16384K, 100% used [0x00000000eab00000,0x00000000ebb00000,0x00000000ebb00000)
  from space 2560K, 99% used [0x00000000ebb00000,0x00000000ebd79c88,0x00000000ebd80000)
  to   space 2560K, 0% used [0x00000000ebd80000,0x00000000ebd80000,0x00000000ec000000)
 ParOldGen       total 44032K, used 1836K [0x00000000c0000000, 0x00000000c2b00000, 0x00000000eab00000)
  object space 44032K, 4% used [0x00000000c0000000,0x00000000c01cb370,0x00000000c2b00000)
 Metaspace       used 5911K, capacity 6068K, committed 6272K, reserved 1062912K
  class space    used 571K, capacity 616K, committed 640K, reserved 1048576K
Event: 1.658 GC heap after
Heap after GC invocations=2 (full 0):
 PSYoungGen      total 18944K, used 2544K [0x00000000eab00000, 0x00000000ec000000, 0x0000000100000000)
  eden space 16384K, 0% used [0x00000000eab00000,0x00000000eab00000,0x00000000ebb00000)
  from space 2560K, 99% used [0x00000000ebd80000,0x00000000ebffc038,0x00000000ec000000)
  to   space 2560K, 0% used [0x00000000ebb00000,0x00000000ebb00000,0x00000000ebd80000)
 ParOldGen       total 44032K, used 3773K [0x00000000c0000000, 0x00000000c2b00000, 0x00000000eab00000)
  object space 44032K, 8% used [0x00000000c0000000,0x00000000c03af648,0x00000000c2b00000)
 Metaspace       used 5911K, capacity 6068K, committed 6272K, reserved 1062912K
  class space    used 571K, capacity 616K, committed 640K, reserved 1048576K
}
Event: 1.756 GC heap before
{Heap before GC invocations=3 (full 0):
 PSYoungGen      total 18944K, used 8114K [0x00000000eab00000, 0x00000000ec000000, 0x0000000100000000)
  eden space 16384K, 34% used [0x00000000eab00000,0x00000000eb070b38,0x00000000ebb00000)
  from space 2560K, 99% used [0x00000000ebd80000,0x00000000ebffc038,0x00000000ec000000)
  to   space 2560K, 0% used [0x00000000ebb00000,0x00000000ebb00000,0x00000000ebd80000)
 ParOldGen       total 44032K, used 3773K [0x00000000c0000000, 0x00000000c2b00000, 0x00000000eab00000)
  object space 44032K, 8% used [0x00000000c0000000,0x00000000c03af648,0x00000000c2b00000)
 Metaspace       used 5934K, capacity 6068K, committed 6272K, reserved 1062912K
  class space    used 571K, capacity 616K, committed 640K, reserved 1048576K
Event: 1.776 GC heap after
Heap after GC invocations=3 (full 0):
 PSYoungGen      total 18944K, used 2528K [0x00000000eab00000, 0x00000000ec000000, 0x0000000100000000)
  eden space 16384K, 0% used [0x00000000eab00000,0x00000000eab00000,0x00000000ebb00000)
  from space 2560K, 98% used [0x00000000ebb00000,0x00000000ebd78028,0x00000000ebd80000)
  to   space 2560K, 0% used [0x00000000ebd80000,0x00000000ebd80000,0x00000000ec000000)
 ParOldGen       total 44032K, used 4653K [0x00000000c0000000, 0x00000000c2b00000, 0x00000000eab00000)
  object space 44032K, 10% used [0x00000000c0000000,0x00000000c048b648,0x00000000c2b00000)
 Metaspace       used 5934K, capacity 6068K, committed 6272K, reserved 1062912K
  class space    used 571K, capacity 616K, committed 640K, reserved 1048576K
}

Deoptimization events (10 events):
Event: 0.782 Thread 0x0000000002dfd800 Uncommon trap: reason=unstable_if action=reinterpret pc=0x0000000003101730 method=java.util.BitSet.nextSetBit(I)I @ 87
Event: 1.205 Thread 0x0000000016cda800 Uncommon trap: reason=bimorphic action=maybe_recompile pc=0x000000000317ac08 method=java.util.HashMap.getNode(ILjava/lang/Object;)Ljava/util/HashMap$Node; @ 126
Event: 1.205 Thread 0x0000000016cda800 Uncommon trap: reason=class_check action=maybe_recompile pc=0x00000000032b79f0 method=java.util.HashMap.putVal(ILjava/lang/Object;Ljava/lang/Object;ZZ)Ljava/lang/Object; @ 203
Event: 1.680 Thread 0x0000000016cd6000 Uncommon trap: reason=null_check action=make_not_entrant pc=0x00000000031e8fc4 method=com.android.dx.ssa.SsaRenamer.getLocalForNewReg(I)Lcom/android/dx/rop/code/LocalItem; @ 19
Event: 1.887 Thread 0x0000000016cd6000 Uncommon trap: reason=unstable_if action=reinterpret pc=0x0000000003250dfc method=com.android.dx.rop.code.RegisterSpec.equals(ILcom/android/dx/rop/type/TypeBearer;Lcom/android/dx/rop/code/LocalItem;)Z @ 42
Event: 1.981 Thread 0x0000000002dfd800 Uncommon trap: reason=bimorphic action=maybe_recompile pc=0x000000000317ac08 method=java.util.HashMap.getNode(ILjava/lang/Object;)Ljava/util/HashMap$Node; @ 126
Event: 1.987 Thread 0x0000000002dfd800 Uncommon trap: reason=unstable_if action=reinterpret pc=0x00000000032b79a4 method=java.util.HashMap.putVal(ILjava/lang/Object;Ljava/lang/Object;ZZ)Ljava/lang/Object; @ 94
Event: 2.072 Thread 0x0000000002dfd800 Uncommon trap: reason=bimorphic action=maybe_recompile pc=0x000000000317ac08 method=java.util.HashMap.getNode(ILjava/lang/Object;)Ljava/util/HashMap$Node; @ 126
Event: 2.073 Thread 0x0000000002dfd800 Uncommon trap: reason=bimorphic action=maybe_recompile pc=0x000000000317ac08 method=java.util.HashMap.getNode(ILjava/lang/Object;)Ljava/util/HashMap$Node; @ 126
Event: 2.075 Thread 0x0000000002dfd800 Uncommon trap: reason=bimorphic action=maybe_recompile pc=0x0000000003108bf8 method=java.util.HashMap.getNode(ILjava/lang/Object;)Ljava/util/HashMap$Node; @ 126

Classes redefined (0 events):
No events

Internal exceptions (3 events):
Event: 0.063 Thread 0x0000000002dfd800 Exception <a 'java/lang/NoSuchMethodError': Method sun.misc.Unsafe.defineClass(Ljava/lang/String;[BII)Ljava/lang/Class; name or signature does not match> (0x00000000eab07ca8) thrown at [D:\src\AOSP-openjdk-cygwin\jdk8u\hotspot\src\share\vm\prims\jni.cpp, 
Event: 0.063 Thread 0x0000000002dfd800 Exception <a 'java/lang/NoSuchMethodError': Method sun.misc.Unsafe.prefetchRead(Ljava/lang/Object;J)V name or signature does not match> (0x00000000eab07f90) thrown at [D:\src\AOSP-openjdk-cygwin\jdk8u\hotspot\src\share\vm\prims\jni.cpp, line 4011]
Event: 1.680 Thread 0x0000000016cd6000 Implicit null exception at 0x00000000031e6f9e to 0x00000000031e8fa5

Events (10 events):
Event: 2.030 Thread 0x0000000016cd6000 Thread exited: 0x0000000016cd6000
Event: 2.072 Thread 0x0000000002dfd800 Uncommon trap: trap_request=0xffffffc6 fr.pc=0x000000000317ac08
Event: 2.072 Thread 0x0000000002dfd800 DEOPT PACKING pc=0x000000000317ac08 sp=0x0000000002d2f240
Event: 2.072 Thread 0x0000000002dfd800 DEOPT UNPACKING pc=0x0000000002f4557b sp=0x0000000002d2f168 mode 2
Event: 2.073 Thread 0x0000000002dfd800 Uncommon trap: trap_request=0xffffffc6 fr.pc=0x000000000317ac08
Event: 2.073 Thread 0x0000000002dfd800 DEOPT PACKING pc=0x000000000317ac08 sp=0x0000000002d2f240
Event: 2.073 Thread 0x0000000002dfd800 DEOPT UNPACKING pc=0x0000000002f4557b sp=0x0000000002d2f168 mode 2
Event: 2.075 Thread 0x0000000002dfd800 Uncommon trap: trap_request=0xffffffc6 fr.pc=0x0000000003108bf8
Event: 2.075 Thread 0x0000000002dfd800 DEOPT PACKING pc=0x0000000003108bf8 sp=0x0000000002d2f180
Event: 2.075 Thread 0x0000000002dfd800 DEOPT UNPACKING pc=0x0000000002f4557b sp=0x0000000002d2f108 mode 2


Dynamic libraries:
0x00007ff67d580000 - 0x00007ff67d5b1000 	D:\Android\Android Studio\jre\bin\java.exe
0x00007fffadf00000 - 0x00007fffae0e1000 	C:\Windows\SYSTEM32\ntdll.dll
0x00007fffad0d0000 - 0x00007fffad182000 	C:\Windows\System32\KERNEL32.DLL
0x00007fffab110000 - 0x00007fffab383000 	C:\Windows\System32\KERNELBASE.dll
0x00007fffad840000 - 0x00007fffad8e1000 	C:\Windows\System32\ADVAPI32.dll
0x00007ffface30000 - 0x00007fffacece000 	C:\Windows\System32\msvcrt.dll
0x00007fffad190000 - 0x00007fffad1eb000 	C:\Windows\System32\sechost.dll
0x00007fffacfa0000 - 0x00007fffad0c4000 	C:\Windows\System32\RPCRT4.dll
0x00007fffab860000 - 0x00007fffab9f0000 	C:\Windows\System32\USER32.dll
0x00007fffaaf00000 - 0x00007fffaaf20000 	C:\Windows\System32\win32u.dll
0x00007fffaced0000 - 0x00007fffacef8000 	C:\Windows\System32\GDI32.dll
0x00007fffaabc0000 - 0x00007fffaad52000 	C:\Windows\System32\gdi32full.dll
0x00007fffaae60000 - 0x00007fffaaeff000 	C:\Windows\System32\msvcp_win.dll
0x00007fffaad60000 - 0x00007fffaae5a000 	C:\Windows\System32\ucrtbase.dll
0x00007fff99740000 - 0x00007fff999a9000 	C:\Windows\WinSxS\amd64_microsoft.windows.common-controls_6595b64144ccf1df_6.0.17134.345_none_fb429a5930656358\COMCTL32.dll
0x00007fffada50000 - 0x00007fffadd73000 	C:\Windows\System32\combase.dll
0x00007fffaaae0000 - 0x00007fffaab5a000 	C:\Windows\System32\bcryptPrimitives.dll
0x00007fffad200000 - 0x00007fffad22d000 	C:\Windows\System32\IMM32.DLL
0x000000006ae00000 - 0x000000006aed2000 	D:\Android\Android Studio\jre\jre\bin\msvcr100.dll
0x000000006afc0000 - 0x000000006b7ff000 	D:\Android\Android Studio\jre\jre\bin\server\jvm.dll
0x00007fffade00000 - 0x00007fffade08000 	C:\Windows\System32\PSAPI.DLL
0x00007fffa6e50000 - 0x00007fffa6e59000 	C:\Windows\SYSTEM32\WSOCK32.dll
0x00007fffad320000 - 0x00007fffad38c000 	C:\Windows\System32\WS2_32.dll
0x00007fffa82a0000 - 0x00007fffa82c3000 	C:\Windows\SYSTEM32\WINMM.dll
0x00007fffa7bb0000 - 0x00007fffa7bba000 	C:\Windows\SYSTEM32\VERSION.dll
0x00007fffa8270000 - 0x00007fffa829a000 	C:\Windows\SYSTEM32\WINMMBASE.dll
0x00007fffaa380000 - 0x00007fffaa3c9000 	C:\Windows\System32\cfgmgr32.dll
0x00007fffa63f0000 - 0x00007fffa63ff000 	D:\Android\Android Studio\jre\jre\bin\verify.dll
0x00007fffa1be0000 - 0x00007fffa1c09000 	D:\Android\Android Studio\jre\jre\bin\java.dll
0x00007fffa1870000 - 0x00007fffa1886000 	D:\Android\Android Studio\jre\jre\bin\zip.dll
0x00007fffab9f0000 - 0x00007ffface2f000 	C:\Windows\System32\SHELL32.dll
0x00007fffad790000 - 0x00007fffad839000 	C:\Windows\System32\shcore.dll
0x00007fffaa3d0000 - 0x00007fffaaadd000 	C:\Windows\System32\windows.storage.dll
0x00007fffab7e0000 - 0x00007fffab831000 	C:\Windows\System32\shlwapi.dll
0x00007fffaa290000 - 0x00007fffaa2a1000 	C:\Windows\System32\kernel.appcore.dll
0x00007fffaa270000 - 0x00007fffaa28f000 	C:\Windows\System32\profapi.dll
0x00007fffaa210000 - 0x00007fffaa25c000 	C:\Windows\System32\powrprof.dll
0x00007fffaa260000 - 0x00007fffaa26a000 	C:\Windows\System32\FLTLIB.DLL

VM Arguments:
jvm_args: -Djava.awt.headless=true -Xmx1024M -Dfile.encoding=windows-1252 -Duser.country=US -Duser.language=en -Duser.variant 
java_command: com.android.dx.command.Main --dex --num-threads=4 --output C:\Android-Face-Recognition-with-Deep-Learning-Test-Framework-master\app\build\intermediates\pre-dexed\debug\ch.zhaw-facerecognitionlibrary-1.5.3_4054d87743dae06cffe27c6fbb8063b2ea42a9ea.jar C:\Android-Face-Recognition-with-Deep-Learning-Test-Framework-master\app\build\intermediates\exploded-aar\ch.zhaw\facerecognitionlibrary\1.5.3\jars\classes.jar
java_class_path (initial): C:\Users\Ajwl\AppData\Local\Android\Sdk\build-tools\23.0.1\lib\dx.jar
Launcher Type: SUN_STANDARD

Environment Variables:
JAVA_HOME=C:\Program Files\Java\jdk1.8.0_181
CLASSPATH=C:\Program Files\Java\jre1.8.0_181\lib
PATH=C:\Program Files (x86)\Common Files\Oracle\Java\javapath;"%JAVA_HOME%;%JAVA_HOME%\bin;";C:\Windows\system32;C:\Windows;C:\Windows\System32\Wbem;C:\Windows\System32\WindowsPowerShell\v1.0\;C:\Windows\System32\OpenSSH\;D:\Go\bin;D:\Microsoft VS Code\bin;C:\Program Files\Git\cmd;D:\nodejs\;C:\Program Files\Java\jdk1.8.0_181\bin;C:\Program Files\Java\jre1.8.0_181\bin;C:\bazel;C:\msys64\usr\bin;D:\PyCharm Community Edition 2018.2.4\Scripts\;D:\PyCharm Community Edition 2018.2.4\;C:\Users\Ajwl\AppData\Local\Microsoft\WindowsApps;%GOPATH%\bin;C:\Users\Ajwl\AppData\Roaming\npm
USERNAME=Ajwl
OS=Windows_NT
PROCESSOR_IDENTIFIER=AMD64 Family 21 Model 112 Stepping 0, AuthenticAMD



---------------  S Y S T E M  ---------------

OS: Windows 10.0 , 64 bit Build 17134 (10.0.17134.1)

CPU:total 2 (initial active 2) (2 cores per cpu, 1 threads per core) family 21 model 112 stepping 0, cmov, cx8, fxsr, mmx, sse, sse2, sse3, ssse3, sse4.1, sse4.2, popcnt, avx, avx2, aes, clmul, mmxext, 3dnowpref, lzcnt, sse4a, tsc, tscinvbit, tscinv, bmi1

Memory: 4k page, physical 4068724k(451612k free), swap 5117300k(6296k free)

vm_info: OpenJDK 64-Bit Server VM (25.152-b02) for windows-amd64 JRE (1.8.0_152-release-1024-b02), built by "builder" with MS VC++ 10.0 (VS2010)

time: Thu Nov 01 20:59:16 2018
elapsed time: 2 seconds (0d 0h 0m 2s)

