#
# There is insufficient memory for the Java Runtime Environment to continue.
# Native memory allocation (malloc) failed to allocate 32744 bytes for ChunkPool::allocate
# Possible reasons:
#   The system is out of physical RAM or swap space
#   In 32 bit mode, the process size limit was hit
# Possible solutions:
#   Reduce memory load on the system
#   Increase physical memory or swap space
#   Check if swap backing store is full
#   Use 64 bit Java on a 64 bit OS
#   Decrease Java heap size (-Xmx/-Xms)
#   Decrease number of Java threads
#   Decrease Java thread stack sizes (-Xss)
#   Set larger code cache with -XX:ReservedCodeCacheSize=
# This output file may be truncated or incomplete.
#
#  Out of Memory Error (allocation.cpp:273), pid=4424, tid=0x0000000000000a58
#
# JRE version: OpenJDK Runtime Environment (8.0_152-b02) (build 1.8.0_152-release-1024-b02)
# Java VM: OpenJDK 64-Bit Server VM (25.152-b02 mixed mode windows-amd64 compressed oops)
# Failed to write core dump. Minidumps are not enabled by default on client versions of Windows
#

---------------  T H R E A D  ---------------

Current thread (0x0000000014f98000):  JavaThread "C2 CompilerThread0" daemon [_thread_in_native, id=2648, stack(0x0000000015fc0000,0x00000000160c0000)]

Stack: [0x0000000015fc0000,0x00000000160c0000]
[error occurred during error reporting (printing stack bounds), id 0xc0000005]

Native frames: (J=compiled Java code, j=interpreted, Vv=VM code, C=native code)


Current CompileTask:
C2:   5735 1324   !   4       com.android.dx.cf.code.BytecodeArray::parseInstruction (2764 bytes)


---------------  P R O C E S S  ---------------

Java Threads: ( => current thread )
  0x00000000165eb800 JavaThread "pool-1-thread-4" [_thread_in_vm, id=8992, stack(0x0000000016bc0000,0x0000000016cc0000)]
  0x00000000165e4000 JavaThread "pool-1-thread-3" [_thread_in_Java, id=4276, stack(0x0000000016ac0000,0x0000000016bc0000)]
  0x00000000165e3000 JavaThread "pool-1-thread-2" [_thread_blocked, id=8224, stack(0x00000000169c0000,0x0000000016ac0000)]
  0x00000000165e2800 JavaThread "pool-2-thread-1" [_thread_blocked, id=2244, stack(0x00000000168c0000,0x00000000169c0000)]
  0x00000000165da800 JavaThread "pool-1-thread-1" [_thread_in_vm, id=3724, stack(0x00000000167c0000,0x00000000168c0000)]
  0x0000000014ffa000 JavaThread "Service Thread" daemon [_thread_blocked, id=9956, stack(0x00000000161c0000,0x00000000162c0000)]
  0x0000000014ff4000 JavaThread "C1 CompilerThread1" daemon [_thread_blocked, id=10012, stack(0x00000000160c0000,0x00000000161c0000)]
=>0x0000000014f98000 JavaThread "C2 CompilerThread0" daemon [_thread_in_native, id=2648, stack(0x0000000015fc0000,0x00000000160c0000)]
  0x0000000014f96800 JavaThread "Attach Listener" daemon [_thread_blocked, id=10036, stack(0x0000000015ec0000,0x0000000015fc0000)]
  0x0000000014f95000 JavaThread "Signal Dispatcher" daemon [_thread_blocked, id=11068, stack(0x0000000015dc0000,0x0000000015ec0000)]
  0x0000000014f86800 JavaThread "Finalizer" daemon [_thread_blocked, id=232, stack(0x0000000015bd0000,0x0000000015cd0000)]
  0x0000000002aff000 JavaThread "Reference Handler" daemon [_thread_blocked, id=10508, stack(0x0000000015ad0000,0x0000000015bd0000)]
  0x000000000280d800 JavaThread "main" [_thread_in_vm, id=8604, stack(0x0000000002810000,0x0000000002910000)]

Other Threads:
  0x0000000014f65000 VMThread [stack: 0x00000000159d0000,0x0000000015ad0000] [id=428]
  0x0000000014ffd800 WatcherThread [stack: 0x00000000162c0000,0x00000000163c0000] [id=9856]

VM state:synchronizing (normal execution)

VM Mutex/Monitor currently owned by a thread:  ([mutex/lock_event])
[0x000000000280c9e0] Safepoint_lock - owner thread: 0x0000000014f65000
[0x000000000280cfe0] Threads_lock - owner thread: 0x0000000014f65000
[0x000000000280cc60] Heap_lock - owner thread: 0x00000000165da800

Heap:
 PSYoungGen      total 18944K, used 18922K [0x00000000eab00000, 0x00000000ed000000, 0x0000000100000000)
  eden space 16384K, 100% used [0x00000000eab00000,0x00000000ebb00000,0x00000000ebb00000)
  from space 2560K, 99% used [0x00000000ebb00000,0x00000000ebd7aaa8,0x00000000ebd80000)
  to   space 2560K, 0% used [0x00000000ecd80000,0x00000000ecd80000,0x00000000ed000000)
 ParOldGen       total 44032K, used 1713K [0x00000000c0000000, 0x00000000c2b00000, 0x00000000eab00000)
  object space 44032K, 3% used [0x00000000c0000000,0x00000000c01ac6e0,0x00000000c2b00000)
 Metaspace       used 6177K, capacity 7024K, committed 7296K, reserved 1056768K
  class space    used 590K, capacity 616K, committed 640K, reserved 1048576K

Card table byte_map: [0x0000000011ed0000,0x00000000120e0000] byte_map_base: 0x00000000118d0000

Marking Bits: (ParMarkBitMap*) 0x0000000075bd4970
 Begin Bits: [0x0000000012440000, 0x0000000013440000)
 End Bits:   [0x0000000013440000, 0x0000000014440000)

Polling page: 0x0000000000f30000

CodeCache: size=245760Kb used=5643Kb max_used=5643Kb free=240116Kb
 bounds [0x0000000002b10000, 0x00000000030a0000, 0x0000000011b10000]
 total_blobs=1633 nmethods=1366 adapters=182
 compilation: enabled

Compilation events (10 events):
Event: 5.698 Thread 0x0000000014ff4000 1366       1       com.android.dx.dex.file.StringIdItem::getValue (5 bytes)
Event: 5.699 Thread 0x0000000014ff4000 nmethod 1366 0x0000000003091d90 code [0x0000000003091ee0, 0x0000000003091ff0]
Event: 5.699 Thread 0x0000000014ff4000 1367   !   3       com.android.dx.cf.attrib.BaseLocalVariables::<init> (42 bytes)
Event: 5.700 Thread 0x0000000014ff4000 nmethod 1367 0x0000000003092050 code [0x0000000003092200, 0x00000000030927e8]
Event: 5.704 Thread 0x0000000014ff4000 1368       3       com.android.dx.rop.type.Prototype::compareTo (120 bytes)
Event: 5.705 Thread 0x0000000014ff4000 nmethod 1368 0x0000000003092b10 code [0x0000000003092d20, 0x0000000003093bb8]
Event: 5.715 Thread 0x0000000014ff4000 1369       3       java.util.concurrent.locks.ReentrantLock$FairSync::tryAcquire (74 bytes)
Event: 5.716 Thread 0x0000000014ff4000 nmethod 1369 0x00000000030942d0 code [0x0000000003094480, 0x0000000003094cb8]
Event: 5.717 Thread 0x0000000014ff4000 1370  s    3       com.android.dx.dex.file.TypeIdsSection::intern (60 bytes)
Event: 5.718 Thread 0x0000000014ff4000 nmethod 1370 0x0000000003094e50 code [0x0000000003095080, 0x0000000003095d48]

GC Heap History (2 events):
Event: 4.690 GC heap before
{Heap before GC invocations=1 (full 0):
 PSYoungGen      total 18944K, used 16384K [0x00000000eab00000, 0x00000000ec000000, 0x0000000100000000)
  eden space 16384K, 100% used [0x00000000eab00000,0x00000000ebb00000,0x00000000ebb00000)
  from space 2560K, 0% used [0x00000000ebd80000,0x00000000ebd80000,0x00000000ec000000)
  to   space 2560K, 0% used [0x00000000ebb00000,0x00000000ebb00000,0x00000000ebd80000)
 ParOldGen       total 44032K, used 0K [0x00000000c0000000, 0x00000000c2b00000, 0x00000000eab00000)
  object space 44032K, 0% used [0x00000000c0000000,0x00000000c0000000,0x00000000c2b00000)
 Metaspace       used 5982K, capacity 6832K, committed 7040K, reserved 1056768K
  class space    used 588K, capacity 616K, committed 640K, reserved 1048576K
Event: 4.788 GC heap after
Heap after GC invocations=1 (full 0):
 PSYoungGen      total 18944K, used 2538K [0x00000000eab00000, 0x00000000ed000000, 0x0000000100000000)
  eden space 16384K, 0% used [0x00000000eab00000,0x00000000eab00000,0x00000000ebb00000)
  from space 2560K, 99% used [0x00000000ebb00000,0x00000000ebd7aaa8,0x00000000ebd80000)
  to   space 2560K, 0% used [0x00000000ecd80000,0x00000000ecd80000,0x00000000ed000000)
 ParOldGen       total 44032K, used 1713K [0x00000000c0000000, 0x00000000c2b00000, 0x00000000eab00000)
  object space 44032K, 3% used [0x00000000c0000000,0x00000000c01ac6e0,0x00000000c2b00000)
 Metaspace       used 5982K, capacity 6832K, committed 7040K, reserved 1056768K
  class space    used 588K, capacity 616K, committed 640K, reserved 1048576K
}

Deoptimization events (10 events):
Event: 3.965 Thread 0x00000000165da800 Uncommon trap: reason=class_check action=maybe_recompile pc=0x0000000002e32730 method=com.android.dx.ssa.NormalSsaInsn.accept(Lcom/android/dx/ssa/SsaInsn$Visitor;)V @ 9
Event: 3.965 Thread 0x00000000165da800 Uncommon trap: reason=class_check action=maybe_recompile pc=0x0000000002e32730 method=com.android.dx.ssa.NormalSsaInsn.accept(Lcom/android/dx/ssa/SsaInsn$Visitor;)V @ 9
Event: 3.965 Thread 0x00000000165da800 Uncommon trap: reason=class_check action=maybe_recompile pc=0x0000000002e32730 method=com.android.dx.ssa.NormalSsaInsn.accept(Lcom/android/dx/ssa/SsaInsn$Visitor;)V @ 9
Event: 3.968 Thread 0x00000000165da800 Uncommon trap: reason=unstable_if action=reinterpret pc=0x0000000002dc6b30 method=java.util.BitSet.nextSetBit(I)I @ 87
Event: 4.024 Thread 0x00000000165eb800 Uncommon trap: reason=unstable_if action=reinterpret pc=0x0000000002e390b4 method=java.util.BitSet.ensureCapacity(I)V @ 6
Event: 4.122 Thread 0x000000000280d800 Uncommon trap: reason=unstable_if action=reinterpret pc=0x0000000002d4fd4c method=java.lang.String.<init>([CII)V @ 18
Event: 4.604 Thread 0x00000000165eb800 Uncommon trap: reason=null_check action=make_not_entrant pc=0x0000000002f00128 method=com.android.dx.rop.type.Type.equals(Ljava/lang/Object;)Z @ 8
Event: 5.307 Thread 0x000000000280d800 Uncommon trap: reason=null_check action=make_not_entrant pc=0x0000000002ea7628 method=com.android.dx.ssa.SsaRenamer.getLocalForNewReg(I)Lcom/android/dx/rop/code/LocalItem; @ 19
Event: 5.652 Thread 0x00000000165e4000 Uncommon trap: reason=unstable_if action=reinterpret pc=0x0000000002eb1688 method=com.android.dx.rop.code.LocalItem.hashCode()I @ 25
Event: 5.652 Thread 0x00000000165e4000 Uncommon trap: reason=unstable_if action=reinterpret pc=0x0000000002e9931c method=com.android.dx.rop.code.LocalItem.hashCode()I @ 25

Classes redefined (0 events):
No events

Internal exceptions (4 events):
Event: 1.264 Thread 0x000000000280d800 Exception <a 'java/lang/NoSuchMethodError': Method sun.misc.Unsafe.defineClass(Ljava/lang/String;[BII)Ljava/lang/Class; name or signature does not match> (0x00000000eab07ca8) thrown at [D:\src\AOSP-openjdk-cygwin\jdk8u\hotspot\src\share\vm\prims\jni.cpp, 
Event: 1.264 Thread 0x000000000280d800 Exception <a 'java/lang/NoSuchMethodError': Method sun.misc.Unsafe.prefetchRead(Ljava/lang/Object;J)V name or signature does not match> (0x00000000eab07f90) thrown at [D:\src\AOSP-openjdk-cygwin\jdk8u\hotspot\src\share\vm\prims\jni.cpp, line 4011]
Event: 4.604 Thread 0x00000000165eb800 Implicit null exception at 0x0000000002f00022 to 0x0000000002f0011a
Event: 5.307 Thread 0x000000000280d800 Implicit null exception at 0x0000000002ea5058 to 0x0000000002ea7605

Events (10 events):
Event: 5.307 Thread 0x000000000280d800 DEOPT UNPACKING pc=0x0000000002b5557b sp=0x000000000290e3d8 mode 2
Event: 5.651 loading class com/android/dx/cf/attrib/AttLocalVariableTypeTable
Event: 5.651 loading class com/android/dx/cf/attrib/AttLocalVariableTypeTable done
Event: 5.652 Thread 0x00000000165e4000 Uncommon trap: trap_request=0xffffff65 fr.pc=0x0000000002eb1688
Event: 5.652 Thread 0x00000000165e4000 DEOPT PACKING pc=0x0000000002eb1688 sp=0x0000000016bbe840
Event: 5.652 Thread 0x00000000165e4000 DEOPT UNPACKING pc=0x0000000002b5557b sp=0x0000000016bbe598 mode 2
Event: 5.652 Thread 0x00000000165e4000 Uncommon trap: trap_request=0xffffff65 fr.pc=0x0000000002e9931c
Event: 5.652 Thread 0x00000000165e4000 DEOPT PACKING pc=0x0000000002e9931c sp=0x0000000016bbe6e0
Event: 5.652 Thread 0x00000000165e4000 DEOPT UNPACKING pc=0x0000000002b5557b sp=0x0000000016bbe630 mode 2
Event: 5.727 Executing VM operation: ParallelGCFailedAllocation


Dynamic libraries:
0x00007ff7faad0000 - 0x00007ff7fab01000 	D:\Android\Android Studio\jre\bin\java.exe
0x00007ffba6970000 - 0x00007ffba6b51000 	C:\Windows\SYSTEM32\ntdll.dll
0x00007ffba3e30000 - 0x00007ffba3ee2000 	C:\Windows\System32\KERNEL32.DLL
0x00007ffba2e90000 - 0x00007ffba3103000 	C:\Windows\System32\KERNELBASE.dll
0x00007ffba4f00000 - 0x00007ffba4fa1000 	C:\Windows\System32\ADVAPI32.dll
0x00007ffba4c60000 - 0x00007ffba4cfe000 	C:\Windows\System32\msvcrt.dll
0x00007ffba4df0000 - 0x00007ffba4e4b000 	C:\Windows\System32\sechost.dll
0x00007ffba44e0000 - 0x00007ffba4604000 	C:\Windows\System32\RPCRT4.dll
0x00007ffba4350000 - 0x00007ffba44e0000 	C:\Windows\System32\USER32.dll
0x00007ffba3d60000 - 0x00007ffba3d80000 	C:\Windows\System32\win32u.dll
0x00007ffba3e00000 - 0x00007ffba3e28000 	C:\Windows\System32\GDI32.dll
0x00007ffba3b20000 - 0x00007ffba3cb2000 	C:\Windows\System32\gdi32full.dll
0x00007ffba3cc0000 - 0x00007ffba3d5f000 	C:\Windows\System32\msvcp_win.dll
0x00007ffba2d40000 - 0x00007ffba2e3a000 	C:\Windows\System32\ucrtbase.dll
0x00007ffb926d0000 - 0x00007ffb92939000 	C:\Windows\WinSxS\amd64_microsoft.windows.common-controls_6595b64144ccf1df_6.0.17134.345_none_fb429a5930656358\COMCTL32.dll
0x00007ffba4930000 - 0x00007ffba4c53000 	C:\Windows\System32\combase.dll
0x00007ffba3d80000 - 0x00007ffba3dfa000 	C:\Windows\System32\bcryptPrimitives.dll
0x00007ffba4860000 - 0x00007ffba488d000 	C:\Windows\System32\IMM32.DLL
0x0000000077d80000 - 0x0000000077e52000 	D:\Android\Android Studio\jre\jre\bin\msvcr100.dll
0x0000000075410000 - 0x0000000075c4f000 	D:\Android\Android Studio\jre\jre\bin\server\jvm.dll
0x00007ffba3ef0000 - 0x00007ffba3ef8000 	C:\Windows\System32\PSAPI.DLL
0x00007ffba0080000 - 0x00007ffba0089000 	C:\Windows\SYSTEM32\WSOCK32.dll
0x00007ffba47f0000 - 0x00007ffba485c000 	C:\Windows\System32\WS2_32.dll
0x00007ffba0df0000 - 0x00007ffba0e13000 	C:\Windows\SYSTEM32\WINMM.dll
0x00007ffb9eca0000 - 0x00007ffb9ecaa000 	C:\Windows\SYSTEM32\VERSION.dll
0x00007ffba0dc0000 - 0x00007ffba0dea000 	C:\Windows\SYSTEM32\WINMMBASE.dll
0x00007ffba2e40000 - 0x00007ffba2e89000 	C:\Windows\System32\cfgmgr32.dll
0x00007ffb9f710000 - 0x00007ffb9f71f000 	D:\Android\Android Studio\jre\jre\bin\verify.dll
0x00007ffb9db40000 - 0x00007ffb9db69000 	D:\Android\Android Studio\jre\jre\bin\java.dll
0x00007ffb9e180000 - 0x00007ffb9e196000 	D:\Android\Android Studio\jre\jre\bin\zip.dll
0x00007ffba5480000 - 0x00007ffba68bf000 	C:\Windows\System32\SHELL32.dll
0x00007ffba4e50000 - 0x00007ffba4ef9000 	C:\Windows\System32\shcore.dll
0x00007ffba3410000 - 0x00007ffba3b1d000 	C:\Windows\System32\windows.storage.dll
0x00007ffba4610000 - 0x00007ffba4661000 	C:\Windows\System32\shlwapi.dll
0x00007ffba2ca0000 - 0x00007ffba2cb1000 	C:\Windows\System32\kernel.appcore.dll
0x00007ffba2c80000 - 0x00007ffba2c9f000 	C:\Windows\System32\profapi.dll
0x00007ffba2cd0000 - 0x00007ffba2d1c000 	C:\Windows\System32\powrprof.dll
0x00007ffba2cc0000 - 0x00007ffba2cca000 	C:\Windows\System32\FLTLIB.DLL

VM Arguments:
jvm_args: -Djava.awt.headless=true -Xmx1024M -Dfile.encoding=windows-1252 -Duser.country=US -Duser.language=en -Duser.variant 
java_command: com.android.dx.command.Main --dex --num-threads=4 --output C:\Android-Face-Recognition-with-Deep-Learning-Test-Framework-master\app\build\intermediates\pre-dexed\debug\internal_impl-23.3.0_ec561b82ac5e35068d7d3b6fdca409c93b81e5db.jar C:\Android-Face-Recognition-with-Deep-Learning-Test-Framework-master\app\build\intermediates\exploded-aar\com.android.support\support-v4\23.3.0\jars\libs\internal_impl-23.3.0.jar
java_class_path (initial): C:\Users\Ajwl\AppData\Local\Android\Sdk\build-tools\23.0.1\lib\dx.jar
Launcher Type: SUN_STANDARD

Environment Variables:
JAVA_HOME=C:\Program Files\Java\jdk1.8.0_181
CLASSPATH=C:\Program Files\Java\jre1.8.0_181\lib
PATH=C:\Program Files (x86)\Common Files\Oracle\Java\javapath;"%JAVA_HOME%;%JAVA_HOME%\bin;";C:\Windows\system32;C:\Windows;C:\Windows\System32\Wbem;C:\Windows\System32\WindowsPowerShell\v1.0\;C:\Windows\System32\OpenSSH\;D:\Go\bin;D:\Microsoft VS Code\bin;C:\Program Files\Git\cmd;D:\nodejs\;C:\Program Files\Java\jdk1.8.0_181\bin;C:\Program Files\Java\jre1.8.0_181\bin;C:\bazel;C:\msys64\usr\bin;D:\PyCharm Community Edition 2018.2.4\Scripts\;D:\PyCharm Community Edition 2018.2.4\;C:\Users\Ajwl\AppData\Local\Microsoft\WindowsApps;%GOPATH%\bin;C:\Users\Ajwl\AppData\Roaming\npm
USERNAME=Ajwl
OS=Windows_NT
PROCESSOR_IDENTIFIER=AMD64 Family 21 Model 112 Stepping 0, AuthenticAMD



---------------  S Y S T E M  ---------------

OS: Windows 10.0 , 64 bit Build 17134 (10.0.17134.1)

CPU:total 2 (initial active 2) (2 cores per cpu, 1 threads per core) family 21 model 112 stepping 0, cmov, cx8, fxsr, mmx, sse, sse2, sse3, ssse3, sse4.1, sse4.2, popcnt, avx, avx2, aes, clmul, mmxext, 3dnowpref, lzcnt, sse4a, tsc, tscinvbit, tscinv, bmi1

Memory: 4k page, physical 4068724k(498052k free), swap 5117300k(4128k free)

vm_info: OpenJDK 64-Bit Server VM (25.152-b02) for windows-amd64 JRE (1.8.0_152-release-1024-b02), built by "builder" with MS VC++ 10.0 (VS2010)

time: Sun Oct 28 00:43:08 2018
elapsed time: 5 seconds (0d 0h 0m 5s)

