#
# There is insufficient memory for the Java Runtime Environment to continue.
# Native memory allocation (malloc) failed to allocate 32744 bytes for ChunkPool::allocate
# Possible reasons:
#   The system is out of physical RAM or swap space
#   In 32 bit mode, the process size limit was hit
# Possible solutions:
#   Reduce memory load on the system
#   Increase physical memory or swap space
#   Check if swap backing store is full
#   Use 64 bit Java on a 64 bit OS
#   Decrease Java heap size (-Xmx/-Xms)
#   Decrease number of Java threads
#   Decrease Java thread stack sizes (-Xss)
#   Set larger code cache with -XX:ReservedCodeCacheSize=
# This output file may be truncated or incomplete.
#
#  Out of Memory Error (allocation.cpp:273), pid=888, tid=0x000000000000218c
#
# JRE version: OpenJDK Runtime Environment (8.0_152-b02) (build 1.8.0_152-release-1024-b02)
# Java VM: OpenJDK 64-Bit Server VM (25.152-b02 mixed mode windows-amd64 compressed oops)
# Failed to write core dump. Minidumps are not enabled by default on client versions of Windows
#

---------------  T H R E A D  ---------------

Current thread (0x000000001491c000):  JavaThread "C1 CompilerThread1" daemon [_thread_in_native, id=8588, stack(0x0000000015a50000,0x0000000015b50000)]

Stack: [0x0000000015a50000,0x0000000015b50000]
[error occurred during error reporting (printing stack bounds), id 0xc0000005]

Native frames: (J=compiled Java code, j=interpreted, Vv=VM code, C=native code)


Current CompileTask:
C1:   2230 1262   !   3       com.android.dx.cf.direct.MemberListParser::parse (641 bytes)


---------------  P R O C E S S  ---------------

Java Threads: ( => current thread )
  0x0000000015efe000 JavaThread "pool-1-thread-4" [_thread_blocked, id=7388, stack(0x0000000016550000,0x0000000016650000)]
  0x0000000015e92000 JavaThread "pool-1-thread-3" [_thread_blocked, id=260, stack(0x0000000016450000,0x0000000016550000)]
  0x0000000015e58800 JavaThread "pool-1-thread-2" [_thread_blocked, id=7836, stack(0x0000000016350000,0x0000000016450000)]
  0x0000000015e4c000 JavaThread "pool-2-thread-1" [_thread_blocked, id=7056, stack(0x0000000016250000,0x0000000016350000)]
  0x0000000015e4b000 JavaThread "pool-1-thread-1" [_thread_blocked, id=5808, stack(0x0000000016150000,0x0000000016250000)]
  0x000000001498c800 JavaThread "Service Thread" daemon [_thread_blocked, id=8152, stack(0x0000000015b50000,0x0000000015c50000)]
=>0x000000001491c000 JavaThread "C1 CompilerThread1" daemon [_thread_in_native, id=8588, stack(0x0000000015a50000,0x0000000015b50000)]
  0x0000000014919000 JavaThread "C2 CompilerThread0" daemon [_thread_in_native, id=7384, stack(0x0000000015950000,0x0000000015a50000)]
  0x0000000014917800 JavaThread "Attach Listener" daemon [_thread_blocked, id=8616, stack(0x0000000015850000,0x0000000015950000)]
  0x0000000014914800 JavaThread "Signal Dispatcher" daemon [_thread_blocked, id=8692, stack(0x0000000015750000,0x0000000015850000)]
  0x0000000014906800 JavaThread "Finalizer" daemon [_thread_blocked, id=2968, stack(0x0000000015560000,0x0000000015660000)]
  0x0000000002480800 JavaThread "Reference Handler" daemon [_thread_blocked, id=6800, stack(0x0000000015460000,0x0000000015560000)]
  0x000000000068d800 JavaThread "main" [_thread_in_vm, id=7556, stack(0x00000000021c0000,0x00000000022c0000)]

Other Threads:
  0x00000000148e5000 VMThread [stack: 0x0000000015360000,0x0000000015460000] [id=7852]
  0x000000001498f000 WatcherThread [stack: 0x0000000015c50000,0x0000000015d50000] [id=9016]

VM state:not at safepoint (normal execution)

VM Mutex/Monitor currently owned by a thread: None

Heap:
 PSYoungGen      total 35328K, used 6438K [0x00000000eab00000, 0x00000000ed000000, 0x0000000100000000)
  eden space 32768K, 11% used [0x00000000eab00000,0x00000000eaeccb88,0x00000000ecb00000)
  from space 2560K, 99% used [0x00000000ecd80000,0x00000000ecffceb8,0x00000000ed000000)
  to   space 2560K, 0% used [0x00000000ecb00000,0x00000000ecb00000,0x00000000ecd80000)
 ParOldGen       total 44032K, used 4163K [0x00000000c0000000, 0x00000000c2b00000, 0x00000000eab00000)
  object space 44032K, 9% used [0x00000000c0000000,0x00000000c0410f90,0x00000000c2b00000)
 Metaspace       used 5908K, capacity 6960K, committed 7040K, reserved 1056768K
  class space    used 571K, capacity 616K, committed 640K, reserved 1048576K

Card table byte_map: [0x0000000011850000,0x0000000011a60000] byte_map_base: 0x0000000011250000

Marking Bits: (ParMarkBitMap*) 0x000000006b784970
 Begin Bits: [0x0000000011dc0000, 0x0000000012dc0000)
 End Bits:   [0x0000000012dc0000, 0x0000000013dc0000)

Polling page: 0x00000000001a0000

CodeCache: size=245760Kb used=5006Kb max_used=5006Kb free=240753Kb
 bounds [0x0000000002490000, 0x0000000002980000, 0x0000000011490000]
 total_blobs=1517 nmethods=1257 adapters=175
 compilation: enabled

Compilation events (10 events):
Event: 2.123 Thread 0x0000000014919000 1254       4       com.android.dx.ssa.SsaRenamer$BlockRenamer::process (191 bytes)
Event: 2.170 Thread 0x000000001491c000 1258       3       com.android.dx.cf.code.LineNumberList$Item::<init> (43 bytes)
Event: 2.170 Thread 0x000000001491c000 nmethod 1258 0x0000000002970c90 code [0x0000000002970e20, 0x00000000029711b8]
Event: 2.175 Thread 0x000000001491c000 1259       3       java.util.concurrent.locks.ReentrantLock$Sync::tryRelease (45 bytes)
Event: 2.176 Thread 0x000000001491c000 nmethod 1259 0x0000000002970410 code [0x00000000029705a0, 0x0000000002970b48]
Event: 2.184 Thread 0x000000001491c000 1260       1       com.android.dx.rop.annotation.NameValuePair::getValue (5 bytes)
Event: 2.184 Thread 0x000000001491c000 nmethod 1260 0x000000000296ed50 code [0x000000000296eea0, 0x000000000296efb0]
Event: 2.185 Thread 0x000000001491c000 1261       3       java.io.File::isInvalid (47 bytes)
Event: 2.186 Thread 0x000000001491c000 nmethod 1261 0x0000000002977390 code [0x0000000002977500, 0x0000000002977928]
Event: 2.187 Thread 0x000000001491c000 1262   !   3       com.android.dx.cf.direct.MemberListParser::parse (641 bytes)

GC Heap History (4 events):
Event: 1.550 GC heap before
{Heap before GC invocations=1 (full 0):
 PSYoungGen      total 18944K, used 16384K [0x00000000eab00000, 0x00000000ec000000, 0x0000000100000000)
  eden space 16384K, 100% used [0x00000000eab00000,0x00000000ebb00000,0x00000000ebb00000)
  from space 2560K, 0% used [0x00000000ebd80000,0x00000000ebd80000,0x00000000ec000000)
  to   space 2560K, 0% used [0x00000000ebb00000,0x00000000ebb00000,0x00000000ebd80000)
 ParOldGen       total 44032K, used 0K [0x00000000c0000000, 0x00000000c2b00000, 0x00000000eab00000)
  object space 44032K, 0% used [0x00000000c0000000,0x00000000c0000000,0x00000000c2b00000)
 Metaspace       used 5734K, capacity 6832K, committed 7040K, reserved 1056768K
  class space    used 569K, capacity 616K, committed 640K, reserved 1048576K
Event: 1.570 GC heap after
Heap after GC invocations=1 (full 0):
 PSYoungGen      total 18944K, used 2547K [0x00000000eab00000, 0x00000000ed000000, 0x0000000100000000)
  eden space 16384K, 0% used [0x00000000eab00000,0x00000000eab00000,0x00000000ebb00000)
  from space 2560K, 99% used [0x00000000ebb00000,0x00000000ebd7ced8,0x00000000ebd80000)
  to   space 2560K, 0% used [0x00000000ecd80000,0x00000000ecd80000,0x00000000ed000000)
 ParOldGen       total 44032K, used 2216K [0x00000000c0000000, 0x00000000c2b00000, 0x00000000eab00000)
  object space 44032K, 5% used [0x00000000c0000000,0x00000000c022a288,0x00000000c2b00000)
 Metaspace       used 5734K, capacity 6832K, committed 7040K, reserved 1056768K
  class space    used 569K, capacity 616K, committed 640K, reserved 1048576K
}
Event: 2.105 GC heap before
{Heap before GC invocations=2 (full 0):
 PSYoungGen      total 18944K, used 18931K [0x00000000eab00000, 0x00000000ed000000, 0x0000000100000000)
  eden space 16384K, 100% used [0x00000000eab00000,0x00000000ebb00000,0x00000000ebb00000)
  from space 2560K, 99% used [0x00000000ebb00000,0x00000000ebd7ced8,0x00000000ebd80000)
  to   space 2560K, 0% used [0x00000000ecd80000,0x00000000ecd80000,0x00000000ed000000)
 ParOldGen       total 44032K, used 2216K [0x00000000c0000000, 0x00000000c2b00000, 0x00000000eab00000)
  object space 44032K, 5% used [0x00000000c0000000,0x00000000c022a288,0x00000000c2b00000)
 Metaspace       used 5883K, capacity 6960K, committed 7040K, reserved 1056768K
  class space    used 571K, capacity 616K, committed 640K, reserved 1048576K
Event: 2.118 GC heap after
Heap after GC invocations=2 (full 0):
 PSYoungGen      total 35328K, used 2547K [0x00000000eab00000, 0x00000000ed000000, 0x0000000100000000)
  eden space 32768K, 0% used [0x00000000eab00000,0x00000000eab00000,0x00000000ecb00000)
  from space 2560K, 99% used [0x00000000ecd80000,0x00000000ecffceb8,0x00000000ed000000)
  to   space 2560K, 0% used [0x00000000ecb00000,0x00000000ecb00000,0x00000000ecd80000)
 ParOldGen       total 44032K, used 4163K [0x00000000c0000000, 0x00000000c2b00000, 0x00000000eab00000)
  object space 44032K, 9% used [0x00000000c0000000,0x00000000c0410f90,0x00000000c2b00000)
 Metaspace       used 5883K, capacity 6960K, committed 7040K, reserved 1056768K
  class space    used 571K, capacity 616K, committed 640K, reserved 1048576K
}

Deoptimization events (6 events):
Event: 0.762 Thread 0x0000000015e92000 Uncommon trap: reason=unstable_if action=reinterpret pc=0x000000000267ab64 method=com.android.dx.rop.cst.CstFieldRef.compareTo0(Lcom/android/dx/rop/cst/Constant;)I @ 7
Event: 0.856 Thread 0x000000000068d800 Uncommon trap: reason=unstable_if action=reinterpret pc=0x000000000261f6cc method=java.lang.String.<init>([CII)V @ 18
Event: 0.928 Thread 0x0000000015e92000 Uncommon trap: reason=unstable_if action=reinterpret pc=0x00000000026eaec4 method=java.util.HashMap.getNode(ILjava/lang/Object;)Ljava/util/HashMap$Node; @ 62
Event: 0.992 Thread 0x0000000015efe000 Uncommon trap: reason=class_check action=maybe_recompile pc=0x000000000273fdb0 method=com.android.dx.ssa.NormalSsaInsn.accept(Lcom/android/dx/ssa/SsaInsn$Visitor;)V @ 9
Event: 1.036 Thread 0x0000000015e4b000 Uncommon trap: reason=unstable_if action=reinterpret pc=0x0000000002651c18 method=java.lang.String.replace(CC)Ljava/lang/String; @ 26
Event: 1.890 Thread 0x0000000015e4b000 Uncommon trap: reason=unstable_if action=reinterpret pc=0x000000000288ba70 method=com.android.dx.cf.code.Ropper.labelToResultIndex(I)I @ 34

Classes redefined (0 events):
No events

Internal exceptions (2 events):
Event: 0.058 Thread 0x000000000068d800 Exception <a 'java/lang/NoSuchMethodError': Method sun.misc.Unsafe.defineClass(Ljava/lang/String;[BII)Ljava/lang/Class; name or signature does not match> (0x00000000eab07ca8) thrown at [D:\src\AOSP-openjdk-cygwin\jdk8u\hotspot\src\share\vm\prims\jni.cpp, 
Event: 0.059 Thread 0x000000000068d800 Exception <a 'java/lang/NoSuchMethodError': Method sun.misc.Unsafe.prefetchRead(Ljava/lang/Object;J)V name or signature does not match> (0x00000000eab07f90) thrown at [D:\src\AOSP-openjdk-cygwin\jdk8u\hotspot\src\share\vm\prims\jni.cpp, line 4011]

Events (10 events):
Event: 1.890 loading class java/util/HashMap$ValueIterator done
Event: 1.890 Thread 0x0000000015e4b000 Uncommon trap: trap_request=0xffffff65 fr.pc=0x000000000288ba70
Event: 1.890 Thread 0x0000000015e4b000 DEOPT PACKING pc=0x000000000288ba70 sp=0x000000001624e700
Event: 1.890 Thread 0x0000000015e4b000 DEOPT UNPACKING pc=0x00000000024d557b sp=0x000000001624e6a8 mode 2
Event: 2.040 Thread 0x0000000015e4b000 DEOPT PACKING pc=0x0000000002915982 sp=0x000000001624e480
Event: 2.040 Thread 0x0000000015e4b000 DEOPT UNPACKING pc=0x00000000024d71d0 sp=0x000000001624e1e8 mode 0
Event: 2.105 Executing VM operation: ParallelGCFailedAllocation
Event: 2.118 Executing VM operation: ParallelGCFailedAllocation done
Event: 2.124 loading class java/util/DualPivotQuicksort
Event: 2.124 loading class java/util/DualPivotQuicksort done


Dynamic libraries:
0x00007ff67d580000 - 0x00007ff67d5b1000 	D:\Android\Android Studio\jre\bin\java.exe
0x00007fffadf00000 - 0x00007fffae0e1000 	C:\Windows\SYSTEM32\ntdll.dll
0x00007fffad0d0000 - 0x00007fffad182000 	C:\Windows\System32\KERNEL32.DLL
0x00007fffab110000 - 0x00007fffab383000 	C:\Windows\System32\KERNELBASE.dll
0x00007fffad840000 - 0x00007fffad8e1000 	C:\Windows\System32\ADVAPI32.dll
0x00007ffface30000 - 0x00007fffacece000 	C:\Windows\System32\msvcrt.dll
0x00007fffad190000 - 0x00007fffad1eb000 	C:\Windows\System32\sechost.dll
0x00007fffacfa0000 - 0x00007fffad0c4000 	C:\Windows\System32\RPCRT4.dll
0x00007fffab860000 - 0x00007fffab9f0000 	C:\Windows\System32\USER32.dll
0x00007fffaaf00000 - 0x00007fffaaf20000 	C:\Windows\System32\win32u.dll
0x00007fffaced0000 - 0x00007fffacef8000 	C:\Windows\System32\GDI32.dll
0x00007fffaabc0000 - 0x00007fffaad52000 	C:\Windows\System32\gdi32full.dll
0x00007fffaae60000 - 0x00007fffaaeff000 	C:\Windows\System32\msvcp_win.dll
0x00007fffaad60000 - 0x00007fffaae5a000 	C:\Windows\System32\ucrtbase.dll
0x00007fff99740000 - 0x00007fff999a9000 	C:\Windows\WinSxS\amd64_microsoft.windows.common-controls_6595b64144ccf1df_6.0.17134.345_none_fb429a5930656358\COMCTL32.dll
0x00007fffada50000 - 0x00007fffadd73000 	C:\Windows\System32\combase.dll
0x00007fffaaae0000 - 0x00007fffaab5a000 	C:\Windows\System32\bcryptPrimitives.dll
0x00007fffad200000 - 0x00007fffad22d000 	C:\Windows\System32\IMM32.DLL
0x000000006ae00000 - 0x000000006aed2000 	D:\Android\Android Studio\jre\jre\bin\msvcr100.dll
0x000000006afc0000 - 0x000000006b7ff000 	D:\Android\Android Studio\jre\jre\bin\server\jvm.dll
0x00007fffade00000 - 0x00007fffade08000 	C:\Windows\System32\PSAPI.DLL
0x00007fffa6e50000 - 0x00007fffa6e59000 	C:\Windows\SYSTEM32\WSOCK32.dll
0x00007fffad320000 - 0x00007fffad38c000 	C:\Windows\System32\WS2_32.dll
0x00007fffa82a0000 - 0x00007fffa82c3000 	C:\Windows\SYSTEM32\WINMM.dll
0x00007fffa8270000 - 0x00007fffa829a000 	C:\Windows\SYSTEM32\WINMMBASE.dll
0x00007fffaa380000 - 0x00007fffaa3c9000 	C:\Windows\System32\cfgmgr32.dll
0x00007fffa7bb0000 - 0x00007fffa7bba000 	C:\Windows\SYSTEM32\VERSION.dll
0x00007fffa63f0000 - 0x00007fffa63ff000 	D:\Android\Android Studio\jre\jre\bin\verify.dll
0x00007fffa1be0000 - 0x00007fffa1c09000 	D:\Android\Android Studio\jre\jre\bin\java.dll
0x00007fffa1870000 - 0x00007fffa1886000 	D:\Android\Android Studio\jre\jre\bin\zip.dll
0x00007fffab9f0000 - 0x00007ffface2f000 	C:\Windows\System32\SHELL32.dll
0x00007fffad790000 - 0x00007fffad839000 	C:\Windows\System32\shcore.dll
0x00007fffaa3d0000 - 0x00007fffaaadd000 	C:\Windows\System32\windows.storage.dll
0x00007fffab7e0000 - 0x00007fffab831000 	C:\Windows\System32\shlwapi.dll
0x00007fffaa290000 - 0x00007fffaa2a1000 	C:\Windows\System32\kernel.appcore.dll
0x00007fffaa270000 - 0x00007fffaa28f000 	C:\Windows\System32\profapi.dll
0x00007fffaa210000 - 0x00007fffaa25c000 	C:\Windows\System32\powrprof.dll
0x00007fffaa260000 - 0x00007fffaa26a000 	C:\Windows\System32\FLTLIB.DLL

VM Arguments:
jvm_args: -Djava.awt.headless=true -Xmx1024M -Dfile.encoding=windows-1252 -Duser.country=US -Duser.language=en -Duser.variant 
java_command: com.android.dx.command.Main --dex --num-threads=4 --output C:\Android-Face-Recognition-with-Deep-Learning-Test-Framework-master\app\build\intermediates\pre-dexed\debug\debug_a5571acfeb118e628b4b2f9d1dd119f34bd6758b.jar C:\Android-Face-Recognition-with-Deep-Learning-Test-Framework-master\app\build\intermediates\classes\debug
java_class_path (initial): C:\Users\Ajwl\AppData\Local\Android\Sdk\build-tools\23.0.1\lib\dx.jar
Launcher Type: SUN_STANDARD

Environment Variables:
JAVA_HOME=C:\Program Files\Java\jdk1.8.0_181
CLASSPATH=C:\Program Files\Java\jre1.8.0_181\lib
PATH=C:\Program Files (x86)\Common Files\Oracle\Java\javapath;"%JAVA_HOME%;%JAVA_HOME%\bin;";C:\Windows\system32;C:\Windows;C:\Windows\System32\Wbem;C:\Windows\System32\WindowsPowerShell\v1.0\;C:\Windows\System32\OpenSSH\;D:\Go\bin;D:\Microsoft VS Code\bin;C:\Program Files\Git\cmd;D:\nodejs\;C:\Program Files\Java\jdk1.8.0_181\bin;C:\Program Files\Java\jre1.8.0_181\bin;C:\bazel;C:\msys64\usr\bin;D:\PyCharm Community Edition 2018.2.4\Scripts\;D:\PyCharm Community Edition 2018.2.4\;C:\Users\Ajwl\AppData\Local\Microsoft\WindowsApps;%GOPATH%\bin;C:\Users\Ajwl\AppData\Roaming\npm
USERNAME=Ajwl
OS=Windows_NT
PROCESSOR_IDENTIFIER=AMD64 Family 21 Model 112 Stepping 0, AuthenticAMD



---------------  S Y S T E M  ---------------

OS: Windows 10.0 , 64 bit Build 17134 (10.0.17134.1)

CPU:total 2 (initial active 2) (2 cores per cpu, 1 threads per core) family 21 model 112 stepping 0, cmov, cx8, fxsr, mmx, sse, sse2, sse3, ssse3, sse4.1, sse4.2, popcnt, avx, avx2, aes, clmul, mmxext, 3dnowpref, lzcnt, sse4a, tsc, tscinvbit, tscinv, bmi1

Memory: 4k page, physical 4068724k(341964k free), swap 5117300k(2928k free)

vm_info: OpenJDK 64-Bit Server VM (25.152-b02) for windows-amd64 JRE (1.8.0_152-release-1024-b02), built by "builder" with MS VC++ 10.0 (VS2010)

time: Thu Nov 01 20:55:04 2018
elapsed time: 2 seconds (0d 0h 0m 2s)

