#
# There is insufficient memory for the Java Runtime Environment to continue.
# Native memory allocation (malloc) failed to allocate 131088 bytes for Chunk::new
# Possible reasons:
#   The system is out of physical RAM or swap space
#   In 32 bit mode, the process size limit was hit
# Possible solutions:
#   Reduce memory load on the system
#   Increase physical memory or swap space
#   Check if swap backing store is full
#   Use 64 bit Java on a 64 bit OS
#   Decrease Java heap size (-Xmx/-Xms)
#   Decrease number of Java threads
#   Decrease Java thread stack sizes (-Xss)
#   Set larger code cache with -XX:ReservedCodeCacheSize=
# This output file may be truncated or incomplete.
#
#  Out of Memory Error (allocation.cpp:390), pid=6492, tid=0x00000000000012dc
#
# JRE version: OpenJDK Runtime Environment (8.0_152-b02) (build 1.8.0_152-release-1024-b02)
# Java VM: OpenJDK 64-Bit Server VM (25.152-b02 mixed mode windows-amd64 compressed oops)
# Failed to write core dump. Minidumps are not enabled by default on client versions of Windows
#

---------------  T H R E A D  ---------------

Current thread (0x00000000153f8000):  JavaThread "C2 CompilerThread0" daemon [_thread_in_native, id=4828, stack(0x0000000016420000,0x0000000016520000)]

Stack: [0x0000000016420000,0x0000000016520000]
[error occurred during error reporting (printing stack bounds), id 0xc0000005]

Native frames: (J=compiled Java code, j=interpreted, Vv=VM code, C=native code)


Current CompileTask:
C2:   4914 1599       4       com.android.dx.ssa.SCCP::simulateBranch (666 bytes)


---------------  P R O C E S S  ---------------

Java Threads: ( => current thread )
  0x0000000016a63800 JavaThread "pool-1-thread-4" [_thread_in_vm, id=4984, stack(0x0000000017020000,0x0000000017120000)]
  0x0000000016a5c000 JavaThread "pool-1-thread-3" [_thread_blocked, id=7576, stack(0x0000000016f20000,0x0000000017020000)]
  0x0000000016a5a800 JavaThread "pool-1-thread-2" [_thread_blocked, id=9668, stack(0x0000000016e20000,0x0000000016f20000)]
  0x0000000016a57800 JavaThread "pool-2-thread-1" [_thread_blocked, id=6604, stack(0x0000000016d20000,0x0000000016e20000)]
  0x0000000016a48000 JavaThread "pool-1-thread-1" [_thread_blocked, id=5092, stack(0x0000000016c20000,0x0000000016d20000)]
  0x000000001545a800 JavaThread "Service Thread" daemon [_thread_blocked, id=832, stack(0x0000000016620000,0x0000000016720000)]
  0x000000001544f800 JavaThread "C1 CompilerThread1" daemon [_thread_blocked, id=348, stack(0x0000000016520000,0x0000000016620000)]
=>0x00000000153f8000 JavaThread "C2 CompilerThread0" daemon [_thread_in_native, id=4828, stack(0x0000000016420000,0x0000000016520000)]
  0x00000000153f6800 JavaThread "Attach Listener" daemon [_thread_blocked, id=4792, stack(0x0000000016320000,0x0000000016420000)]
  0x00000000153f3800 JavaThread "Signal Dispatcher" daemon [_thread_blocked, id=6992, stack(0x0000000016220000,0x0000000016320000)]
  0x0000000002f68000 JavaThread "Finalizer" daemon [_thread_blocked, id=10064, stack(0x0000000016030000,0x0000000016130000)]
  0x0000000002f5f000 JavaThread "Reference Handler" daemon [_thread_blocked, id=3892, stack(0x0000000015f30000,0x0000000016030000)]
  0x0000000002e6d800 JavaThread "main" [_thread_in_Java, id=5372, stack(0x0000000002cf0000,0x0000000002df0000)]

Other Threads:
  0x00000000153c5000 VMThread [stack: 0x0000000015e30000,0x0000000015f30000] [id=7964]
  0x000000001545d000 WatcherThread [stack: 0x0000000016720000,0x0000000016820000] [id=5304]

VM state:not at safepoint (normal execution)

VM Mutex/Monitor currently owned by a thread: None

Heap:
 PSYoungGen      total 68096K, used 36004K [0x00000000eab00000, 0x00000000ef000000, 0x0000000100000000)
  eden space 65536K, 51% used [0x00000000eab00000,0x00000000ecbaa0a0,0x00000000eeb00000)
  from space 2560K, 99% used [0x00000000eeb00000,0x00000000eed7f330,0x00000000eed80000)
  to   space 2560K, 0% used [0x00000000eed80000,0x00000000eed80000,0x00000000ef000000)
 ParOldGen       total 44032K, used 23784K [0x00000000c0000000, 0x00000000c2b00000, 0x00000000eab00000)
  object space 44032K, 54% used [0x00000000c0000000,0x00000000c173a0a8,0x00000000c2b00000)
 Metaspace       used 6462K, capacity 7192K, committed 7424K, reserved 1056768K
  class space    used 610K, capacity 656K, committed 768K, reserved 1048576K

Card table byte_map: [0x0000000012330000,0x0000000012540000] byte_map_base: 0x0000000011d30000

Marking Bits: (ParMarkBitMap*) 0x000000006b784970
 Begin Bits: [0x00000000128a0000, 0x00000000138a0000)
 End Bits:   [0x00000000138a0000, 0x00000000148a0000)

Polling page: 0x00000000012d0000

CodeCache: size=245760Kb used=7091Kb max_used=7091Kb free=238668Kb
 bounds [0x0000000002f70000, 0x0000000003670000, 0x0000000011f70000]
 total_blobs=1961 nmethods=1693 adapters=182
 compilation: enabled

Compilation events (10 events):
Event: 4.376 Thread 0x000000001544f800 1666       2       java.util.concurrent.FutureTask::set (36 bytes)
Event: 4.376 Thread 0x000000001544f800 nmethod 1666 0x000000000362c5d0 code [0x000000000362c740, 0x000000000362c928]
Event: 4.383 Thread 0x000000001544f800 1667       2       com.android.dx.ssa.InterferenceRegisterMapper::areAnyPinned (81 bytes)
Event: 4.384 Thread 0x000000001544f800 nmethod 1667 0x000000000362bd90 code [0x000000000362bf20, 0x000000000362c278]
Event: 4.401 Thread 0x000000001544f800 1668       2       java.util.TreeMap::entrySet (27 bytes)
Event: 4.402 Thread 0x000000001544f800 nmethod 1668 0x000000000362b9d0 code [0x000000000362bb20, 0x000000000362bcf0]
Event: 4.402 Thread 0x000000001544f800 1669       2       java.util.TreeMap$EntrySet::iterator (19 bytes)
Event: 4.402 Thread 0x000000001544f800 nmethod 1669 0x000000000362b490 code [0x000000000362b600, 0x000000000362b870]
Event: 4.416 Thread 0x000000001544f800 1671       2       com.android.dx.util.IntList::binarysearch (124 bytes)
Event: 4.416 Thread 0x000000001544f800 nmethod 1671 0x000000000362ad50 code [0x000000000362aec0, 0x000000000362b1d0]

GC Heap History (8 events):
Event: 1.121 GC heap before
{Heap before GC invocations=1 (full 0):
 PSYoungGen      total 18944K, used 16384K [0x00000000eab00000, 0x00000000ec000000, 0x0000000100000000)
  eden space 16384K, 100% used [0x00000000eab00000,0x00000000ebb00000,0x00000000ebb00000)
  from space 2560K, 0% used [0x00000000ebd80000,0x00000000ebd80000,0x00000000ec000000)
  to   space 2560K, 0% used [0x00000000ebb00000,0x00000000ebb00000,0x00000000ebd80000)
 ParOldGen       total 44032K, used 0K [0x00000000c0000000, 0x00000000c2b00000, 0x00000000eab00000)
  object space 44032K, 0% used [0x00000000c0000000,0x00000000c0000000,0x00000000c2b00000)
 Metaspace       used 5826K, capacity 6768K, committed 7040K, reserved 1056768K
  class space    used 587K, capacity 616K, committed 640K, reserved 1048576K
Event: 1.141 GC heap after
Heap after GC invocations=1 (full 0):
 PSYoungGen      total 18944K, used 2535K [0x00000000eab00000, 0x00000000ed000000, 0x0000000100000000)
  eden space 16384K, 0% used [0x00000000eab00000,0x00000000eab00000,0x00000000ebb00000)
  from space 2560K, 99% used [0x00000000ebb00000,0x00000000ebd79c70,0x00000000ebd80000)
  to   space 2560K, 0% used [0x00000000ecd80000,0x00000000ecd80000,0x00000000ed000000)
 ParOldGen       total 44032K, used 1895K [0x00000000c0000000, 0x00000000c2b00000, 0x00000000eab00000)
  object space 44032K, 4% used [0x00000000c0000000,0x00000000c01d9f38,0x00000000c2b00000)
 Metaspace       used 5826K, capacity 6768K, committed 7040K, reserved 1056768K
  class space    used 587K, capacity 616K, committed 640K, reserved 1048576K
}
Event: 1.913 GC heap before
{Heap before GC invocations=2 (full 0):
 PSYoungGen      total 18944K, used 18919K [0x00000000eab00000, 0x00000000ed000000, 0x0000000100000000)
  eden space 16384K, 100% used [0x00000000eab00000,0x00000000ebb00000,0x00000000ebb00000)
  from space 2560K, 99% used [0x00000000ebb00000,0x00000000ebd79c70,0x00000000ebd80000)
  to   space 2560K, 0% used [0x00000000ecd80000,0x00000000ecd80000,0x00000000ed000000)
 ParOldGen       total 44032K, used 1895K [0x00000000c0000000, 0x00000000c2b00000, 0x00000000eab00000)
  object space 44032K, 4% used [0x00000000c0000000,0x00000000c01d9f38,0x00000000c2b00000)
 Metaspace       used 6125K, capacity 7024K, committed 7296K, reserved 1056768K
  class space    used 589K, capacity 616K, committed 640K, reserved 1048576K
Event: 1.936 GC heap after
Heap after GC invocations=2 (full 0):
 PSYoungGen      total 35328K, used 2544K [0x00000000eab00000, 0x00000000ed000000, 0x0000000100000000)
  eden space 32768K, 0% used [0x00000000eab00000,0x00000000eab00000,0x00000000ecb00000)
  from space 2560K, 99% used [0x00000000ecd80000,0x00000000ecffc010,0x00000000ed000000)
  to   space 2560K, 0% used [0x00000000ecb00000,0x00000000ecb00000,0x00000000ecd80000)
 ParOldGen       total 44032K, used 3970K [0x00000000c0000000, 0x00000000c2b00000, 0x00000000eab00000)
  object space 44032K, 9% used [0x00000000c0000000,0x00000000c03e0ad0,0x00000000c2b00000)
 Metaspace       used 6125K, capacity 7024K, committed 7296K, reserved 1056768K
  class space    used 589K, capacity 616K, committed 640K, reserved 1048576K
}
Event: 2.833 GC heap before
{Heap before GC invocations=3 (full 0):
 PSYoungGen      total 35328K, used 35312K [0x00000000eab00000, 0x00000000ed000000, 0x0000000100000000)
  eden space 32768K, 100% used [0x00000000eab00000,0x00000000ecb00000,0x00000000ecb00000)
  from space 2560K, 99% used [0x00000000ecd80000,0x00000000ecffc010,0x00000000ed000000)
  to   space 2560K, 0% used [0x00000000ecb00000,0x00000000ecb00000,0x00000000ecd80000)
 ParOldGen       total 44032K, used 3970K [0x00000000c0000000, 0x00000000c2b00000, 0x00000000eab00000)
  object space 44032K, 9% used [0x00000000c0000000,0x00000000c03e0ad0,0x00000000c2b00000)
 Metaspace       used 6267K, capacity 7088K, committed 7296K, reserved 1056768K
  class space    used 590K, capacity 616K, committed 640K, reserved 1048576K
Event: 2.882 GC heap after
Heap after GC invocations=3 (full 0):
 PSYoungGen      total 35328K, used 2560K [0x00000000eab00000, 0x00000000ef000000, 0x0000000100000000)
  eden space 32768K, 0% used [0x00000000eab00000,0x00000000eab00000,0x00000000ecb00000)
  from space 2560K, 100% used [0x00000000ecb00000,0x00000000ecd80000,0x00000000ecd80000)
  to   space 2560K, 0% used [0x00000000eed80000,0x00000000eed80000,0x00000000ef000000)
 ParOldGen       total 44032K, used 8743K [0x00000000c0000000, 0x00000000c2b00000, 0x00000000eab00000)
  object space 44032K, 19% used [0x00000000c0000000,0x00000000c0889e08,0x00000000c2b00000)
 Metaspace       used 6267K, capacity 7088K, committed 7296K, reserved 1056768K
  class space    used 590K, capacity 616K, committed 640K, reserved 1048576K
}
Event: 3.373 GC heap before
{Heap before GC invocations=4 (full 0):
 PSYoungGen      total 35328K, used 35328K [0x00000000eab00000, 0x00000000ef000000, 0x0000000100000000)
  eden space 32768K, 100% used [0x00000000eab00000,0x00000000ecb00000,0x00000000ecb00000)
  from space 2560K, 100% used [0x00000000ecb00000,0x00000000ecd80000,0x00000000ecd80000)
  to   space 2560K, 0% used [0x00000000eed80000,0x00000000eed80000,0x00000000ef000000)
 ParOldGen       total 44032K, used 8743K [0x00000000c0000000, 0x00000000c2b00000, 0x00000000eab00000)
  object space 44032K, 19% used [0x00000000c0000000,0x00000000c0889e08,0x00000000c2b00000)
 Metaspace       used 6302K, capacity 7088K, committed 7296K, reserved 1056768K
  class space    used 590K, capacity 616K, committed 640K, reserved 1048576K
Event: 3.397 GC heap after
Heap after GC invocations=4 (full 0):
 PSYoungGen      total 68096K, used 2528K [0x00000000eab00000, 0x00000000ef000000, 0x0000000100000000)
  eden space 65536K, 0% used [0x00000000eab00000,0x00000000eab00000,0x00000000eeb00000)
  from space 2560K, 98% used [0x00000000eed80000,0x00000000eeff8308,0x00000000ef000000)
  to   space 2560K, 0% used [0x00000000eeb00000,0x00000000eeb00000,0x00000000eed80000)
 ParOldGen       total 44032K, used 14274K [0x00000000c0000000, 0x00000000c2b00000, 0x00000000eab00000)
  object space 44032K, 32% used [0x00000000c0000000,0x00000000c0df0910,0x00000000c2b00000)
 Metaspace       used 6302K, capacity 7088K, committed 7296K, reserved 1056768K
  class space    used 590K, capacity 616K, committed 640K, reserved 1048576K
}

Deoptimization events (10 events):
Event: 3.363 Thread 0x0000000016a5a800 Uncommon trap: reason=bimorphic action=maybe_recompile pc=0x0000000003235948 method=java.util.HashMap.getNode(ILjava/lang/Object;)Ljava/util/HashMap$Node; @ 126
Event: 3.364 Thread 0x0000000016a5a800 Uncommon trap: reason=bimorphic action=maybe_recompile pc=0x0000000003235948 method=java.util.HashMap.getNode(ILjava/lang/Object;)Ljava/util/HashMap$Node; @ 126
Event: 3.365 Thread 0x0000000016a5a800 Uncommon trap: reason=bimorphic action=maybe_recompile pc=0x0000000003235948 method=java.util.HashMap.getNode(ILjava/lang/Object;)Ljava/util/HashMap$Node; @ 126
Event: 3.365 Thread 0x0000000016a5a800 Uncommon trap: reason=bimorphic action=maybe_recompile pc=0x0000000003235948 method=java.util.HashMap.getNode(ILjava/lang/Object;)Ljava/util/HashMap$Node; @ 126
Event: 3.511 Thread 0x0000000016a5c000 Uncommon trap: reason=class_check action=maybe_recompile pc=0x0000000003572ab4 method=com.android.dx.cf.code.BytecodeArray.parseInstruction(ILcom/android/dx/cf/code/BytecodeArray$Visitor;)I @ 955
Event: 3.512 Thread 0x0000000016a5c000 Uncommon trap: reason=class_check action=maybe_recompile pc=0x0000000003572ab4 method=com.android.dx.cf.code.BytecodeArray.parseInstruction(ILcom/android/dx/cf/code/BytecodeArray$Visitor;)I @ 955
Event: 3.636 Thread 0x0000000016a5a800 Uncommon trap: reason=class_check action=maybe_recompile pc=0x0000000003572ab4 method=com.android.dx.cf.code.BytecodeArray.parseInstruction(ILcom/android/dx/cf/code/BytecodeArray$Visitor;)I @ 955
Event: 3.637 Thread 0x0000000016a5a800 Uncommon trap: reason=class_check action=maybe_recompile pc=0x0000000003572ab4 method=com.android.dx.cf.code.BytecodeArray.parseInstruction(ILcom/android/dx/cf/code/BytecodeArray$Visitor;)I @ 955
Event: 3.749 Thread 0x0000000016a63800 Uncommon trap: reason=unstable_if action=reinterpret pc=0x00000000032d031c method=java.util.HashMap.putVal(ILjava/lang/Object;Ljava/lang/Object;ZZ)Ljava/lang/Object; @ 162
Event: 4.414 Thread 0x0000000016a63800 Uncommon trap: reason=unstable_if action=reinterpret pc=0x00000000033dea3c method=com.android.dx.util.IntList.binarysearch(I)I @ 105

Classes redefined (0 events):
No events

Internal exceptions (6 events):
Event: 0.206 Thread 0x0000000002e6d800 Exception <a 'java/lang/NoSuchMethodError': Method sun.misc.Unsafe.defineClass(Ljava/lang/String;[BII)Ljava/lang/Class; name or signature does not match> (0x00000000eab07ca8) thrown at [D:\src\AOSP-openjdk-cygwin\jdk8u\hotspot\src\share\vm\prims\jni.cpp, 
Event: 0.206 Thread 0x0000000002e6d800 Exception <a 'java/lang/NoSuchMethodError': Method sun.misc.Unsafe.prefetchRead(Ljava/lang/Object;J)V name or signature does not match> (0x00000000eab07f90) thrown at [D:\src\AOSP-openjdk-cygwin\jdk8u\hotspot\src\share\vm\prims\jni.cpp, line 4011]
Event: 1.826 Thread 0x0000000016a5c000 Implicit null exception at 0x00000000032d498b to 0x00000000032d5e8d
Event: 3.750 Thread 0x0000000016a63800 Exception <a 'java/lang/ArrayIndexOutOfBoundsException': 18> (0x00000000ec09b618) thrown at [D:\src\AOSP-openjdk-cygwin\jdk8u\hotspot\src\share\vm\interpreter\interpreterRuntime.cpp, line 366]
Event: 3.751 Thread 0x0000000016a63800 Exception <a 'java/lang/ArrayIndexOutOfBoundsException'> (0x00000000ec09d198) thrown at [D:\src\AOSP-openjdk-cygwin\jdk8u\hotspot\src\share\vm\runtime\sharedRuntime.cpp, line 605]
Event: 3.752 Thread 0x0000000016a63800 Exception <a 'java/lang/ArrayIndexOutOfBoundsException'> (0x00000000ec09e480) thrown at [D:\src\AOSP-openjdk-cygwin\jdk8u\hotspot\src\share\vm\runtime\sharedRuntime.cpp, line 605]

Events (10 events):
Event: 3.752 loading class java/lang/reflect/TypeVariable done
Event: 3.752 loading class sun/reflect/generics/reflectiveObjects/TypeVariableImpl
Event: 3.752 loading class sun/reflect/generics/reflectiveObjects/LazyReflectiveObjectGenerator
Event: 3.752 loading class sun/reflect/generics/reflectiveObjects/LazyReflectiveObjectGenerator done
Event: 3.752 loading class sun/reflect/generics/reflectiveObjects/TypeVariableImpl done
Event: 4.344 Executing VM operation: EnableBiasedLocking
Event: 4.344 Executing VM operation: EnableBiasedLocking done
Event: 4.414 Thread 0x0000000016a63800 Uncommon trap: trap_request=0xffffff65 fr.pc=0x00000000033dea3c
Event: 4.414 Thread 0x0000000016a63800 DEOPT PACKING pc=0x00000000033dea3c sp=0x000000001711ec20
Event: 4.414 Thread 0x0000000016a63800 DEOPT UNPACKING pc=0x0000000002fb557b sp=0x000000001711eb98 mode 2


Dynamic libraries:
0x00007ff67d580000 - 0x00007ff67d5b1000 	D:\Android\Android Studio\jre\bin\java.exe
0x00007fffadf00000 - 0x00007fffae0e1000 	C:\Windows\SYSTEM32\ntdll.dll
0x00007fffad0d0000 - 0x00007fffad182000 	C:\Windows\System32\KERNEL32.DLL
0x00007fffab110000 - 0x00007fffab383000 	C:\Windows\System32\KERNELBASE.dll
0x00007fffad840000 - 0x00007fffad8e1000 	C:\Windows\System32\ADVAPI32.dll
0x00007ffface30000 - 0x00007fffacece000 	C:\Windows\System32\msvcrt.dll
0x00007fffad190000 - 0x00007fffad1eb000 	C:\Windows\System32\sechost.dll
0x00007fffacfa0000 - 0x00007fffad0c4000 	C:\Windows\System32\RPCRT4.dll
0x00007fffab860000 - 0x00007fffab9f0000 	C:\Windows\System32\USER32.dll
0x00007fffaaf00000 - 0x00007fffaaf20000 	C:\Windows\System32\win32u.dll
0x00007fffaced0000 - 0x00007fffacef8000 	C:\Windows\System32\GDI32.dll
0x00007fffaabc0000 - 0x00007fffaad52000 	C:\Windows\System32\gdi32full.dll
0x00007fffaae60000 - 0x00007fffaaeff000 	C:\Windows\System32\msvcp_win.dll
0x00007fffaad60000 - 0x00007fffaae5a000 	C:\Windows\System32\ucrtbase.dll
0x00007fff99740000 - 0x00007fff999a9000 	C:\Windows\WinSxS\amd64_microsoft.windows.common-controls_6595b64144ccf1df_6.0.17134.345_none_fb429a5930656358\COMCTL32.dll
0x00007fffada50000 - 0x00007fffadd73000 	C:\Windows\System32\combase.dll
0x00007fffaaae0000 - 0x00007fffaab5a000 	C:\Windows\System32\bcryptPrimitives.dll
0x00007fffad200000 - 0x00007fffad22d000 	C:\Windows\System32\IMM32.DLL
0x000000006ae00000 - 0x000000006aed2000 	D:\Android\Android Studio\jre\jre\bin\msvcr100.dll
0x000000006afc0000 - 0x000000006b7ff000 	D:\Android\Android Studio\jre\jre\bin\server\jvm.dll
0x00007fffade00000 - 0x00007fffade08000 	C:\Windows\System32\PSAPI.DLL
0x00007fffa6e50000 - 0x00007fffa6e59000 	C:\Windows\SYSTEM32\WSOCK32.dll
0x00007fffad320000 - 0x00007fffad38c000 	C:\Windows\System32\WS2_32.dll
0x00007fffa82a0000 - 0x00007fffa82c3000 	C:\Windows\SYSTEM32\WINMM.dll
0x00007fffa7bb0000 - 0x00007fffa7bba000 	C:\Windows\SYSTEM32\VERSION.dll
0x00007fffa8270000 - 0x00007fffa829a000 	C:\Windows\SYSTEM32\WINMMBASE.dll
0x00007fffaa380000 - 0x00007fffaa3c9000 	C:\Windows\System32\cfgmgr32.dll
0x00007fffa63f0000 - 0x00007fffa63ff000 	D:\Android\Android Studio\jre\jre\bin\verify.dll
0x00007fffa1be0000 - 0x00007fffa1c09000 	D:\Android\Android Studio\jre\jre\bin\java.dll
0x00007fffa1870000 - 0x00007fffa1886000 	D:\Android\Android Studio\jre\jre\bin\zip.dll
0x00007fffab9f0000 - 0x00007ffface2f000 	C:\Windows\System32\SHELL32.dll
0x00007fffad790000 - 0x00007fffad839000 	C:\Windows\System32\shcore.dll
0x00007fffaa3d0000 - 0x00007fffaaadd000 	C:\Windows\System32\windows.storage.dll
0x00007fffab7e0000 - 0x00007fffab831000 	C:\Windows\System32\shlwapi.dll
0x00007fffaa290000 - 0x00007fffaa2a1000 	C:\Windows\System32\kernel.appcore.dll
0x00007fffaa270000 - 0x00007fffaa28f000 	C:\Windows\System32\profapi.dll
0x00007fffaa210000 - 0x00007fffaa25c000 	C:\Windows\System32\powrprof.dll
0x00007fffaa260000 - 0x00007fffaa26a000 	C:\Windows\System32\FLTLIB.DLL

VM Arguments:
jvm_args: -Djava.awt.headless=true -Xmx1024M -Dfile.encoding=windows-1252 -Duser.country=US -Duser.language=en -Duser.variant 
java_command: com.android.dx.command.Main --dex --num-threads=4 --output C:\Android-Face-Recognition-with-Deep-Learning-Test-Framework-master\app\build\intermediates\pre-dexed\debug\com.android.support-support-v4-23.3.0_d758832d0a0d964e7f99b706d7a9d0704345e5e6.jar C:\Android-Face-Recognition-with-Deep-Learning-Test-Framework-master\app\build\intermediates\exploded-aar\com.android.support\support-v4\23.3.0\jars\classes.jar
java_class_path (initial): C:\Users\Ajwl\AppData\Local\Android\Sdk\build-tools\23.0.1\lib\dx.jar
Launcher Type: SUN_STANDARD

Environment Variables:
JAVA_HOME=C:\Program Files\Java\jdk1.8.0_181
CLASSPATH=C:\Program Files\Java\jre1.8.0_181\lib
PATH=C:\Program Files (x86)\Common Files\Oracle\Java\javapath;"%JAVA_HOME%;%JAVA_HOME%\bin;";C:\Windows\system32;C:\Windows;C:\Windows\System32\Wbem;C:\Windows\System32\WindowsPowerShell\v1.0\;C:\Windows\System32\OpenSSH\;D:\Go\bin;D:\Microsoft VS Code\bin;C:\Program Files\Git\cmd;D:\nodejs\;C:\Program Files\Java\jdk1.8.0_181\bin;C:\Program Files\Java\jre1.8.0_181\bin;C:\bazel;C:\msys64\usr\bin;D:\PyCharm Community Edition 2018.2.4\Scripts\;D:\PyCharm Community Edition 2018.2.4\;C:\Users\Ajwl\AppData\Local\Microsoft\WindowsApps;%GOPATH%\bin;C:\Users\Ajwl\AppData\Roaming\npm
USERNAME=Ajwl
OS=Windows_NT
PROCESSOR_IDENTIFIER=AMD64 Family 21 Model 112 Stepping 0, AuthenticAMD



---------------  S Y S T E M  ---------------

OS: Windows 10.0 , 64 bit Build 17134 (10.0.17134.1)

CPU:total 2 (initial active 2) (2 cores per cpu, 1 threads per core) family 21 model 112 stepping 0, cmov, cx8, fxsr, mmx, sse, sse2, sse3, ssse3, sse4.1, sse4.2, popcnt, avx, avx2, aes, clmul, mmxext, 3dnowpref, lzcnt, sse4a, tsc, tscinvbit, tscinv, bmi1

Memory: 4k page, physical 4068724k(456684k free), swap 5117300k(3096k free)

vm_info: OpenJDK 64-Bit Server VM (25.152-b02) for windows-amd64 JRE (1.8.0_152-release-1024-b02), built by "builder" with MS VC++ 10.0 (VS2010)

time: Thu Nov 01 18:57:29 2018
elapsed time: 4 seconds (0d 0h 0m 4s)

