#
# There is insufficient memory for the Java Runtime Environment to continue.
# Native memory allocation (malloc) failed to allocate 32744 bytes for ChunkPool::allocate
# Possible reasons:
#   The system is out of physical RAM or swap space
#   In 32 bit mode, the process size limit was hit
# Possible solutions:
#   Reduce memory load on the system
#   Increase physical memory or swap space
#   Check if swap backing store is full
#   Use 64 bit Java on a 64 bit OS
#   Decrease Java heap size (-Xmx/-Xms)
#   Decrease number of Java threads
#   Decrease Java thread stack sizes (-Xss)
#   Set larger code cache with -XX:ReservedCodeCacheSize=
# This output file may be truncated or incomplete.
#
#  Out of Memory Error (allocation.cpp:273), pid=7696, tid=0x0000000000000f7c
#
# JRE version: OpenJDK Runtime Environment (8.0_152-b02) (build 1.8.0_152-release-1024-b02)
# Java VM: OpenJDK 64-Bit Server VM (25.152-b02 mixed mode windows-amd64 compressed oops)
# Failed to write core dump. Minidumps are not enabled by default on client versions of Windows
#

---------------  T H R E A D  ---------------

Current thread (0x0000000015538000):  JavaThread "C2 CompilerThread0" daemon [_thread_in_native, id=3964, stack(0x0000000016570000,0x0000000016670000)]

Stack: [0x0000000016570000,0x0000000016670000]
[error occurred during error reporting (printing stack bounds), id 0xc0000005]

Native frames: (J=compiled Java code, j=interpreted, Vv=VM code, C=native code)


Current CompileTask:
C2:   3561 1430   !   4       com.android.dx.cf.code.BytecodeArray::parseInstruction (2764 bytes)


---------------  P R O C E S S  ---------------

Java Threads: ( => current thread )
  0x0000000016bca000 JavaThread "pool-1-thread-4" [_thread_in_Java, id=3712, stack(0x0000000017170000,0x0000000017270000)]
  0x0000000016bb7000 JavaThread "pool-1-thread-3" [_thread_in_Java, id=10724, stack(0x0000000017070000,0x0000000017170000)]
  0x0000000016bbf800 JavaThread "pool-1-thread-2" [_thread_in_Java, id=5424, stack(0x0000000016f70000,0x0000000017070000)]
  0x0000000016b8b000 JavaThread "pool-2-thread-1" [_thread_blocked, id=9236, stack(0x0000000016e70000,0x0000000016f70000)]
  0x0000000016b8a000 JavaThread "pool-1-thread-1" [_thread_blocked, id=9116, stack(0x0000000016d70000,0x0000000016e70000)]
  0x000000001559a000 JavaThread "Service Thread" daemon [_thread_blocked, id=7600, stack(0x0000000016770000,0x0000000016870000)]
  0x0000000015594000 JavaThread "C1 CompilerThread1" daemon [_thread_in_vm, id=3484, stack(0x0000000016670000,0x0000000016770000)]
=>0x0000000015538000 JavaThread "C2 CompilerThread0" daemon [_thread_in_native, id=3964, stack(0x0000000016570000,0x0000000016670000)]
  0x0000000015536800 JavaThread "Attach Listener" daemon [_thread_blocked, id=1668, stack(0x0000000016470000,0x0000000016570000)]
  0x0000000015535000 JavaThread "Signal Dispatcher" daemon [_thread_blocked, id=9716, stack(0x0000000016370000,0x0000000016470000)]
  0x0000000002ff7800 JavaThread "Finalizer" daemon [_thread_blocked, id=10272, stack(0x0000000016180000,0x0000000016280000)]
  0x0000000002fef000 JavaThread "Reference Handler" daemon [_thread_blocked, id=5356, stack(0x0000000016080000,0x0000000016180000)]
  0x00000000030ad800 JavaThread "main" [_thread_in_vm, id=9484, stack(0x0000000002d50000,0x0000000002e50000)]

Other Threads:
  0x0000000015505000 VMThread [stack: 0x0000000015f80000,0x0000000016080000] [id=4932]
  0x000000001559d800 WatcherThread [stack: 0x0000000016870000,0x0000000016970000] [id=2524]

VM state:not at safepoint (normal execution)

VM Mutex/Monitor currently owned by a thread: None

Heap:
 PSYoungGen      total 35328K, used 9392K [0x00000000eab00000, 0x00000000ed000000, 0x0000000100000000)
  eden space 32768K, 20% used [0x00000000eab00000,0x00000000eb1b0830,0x00000000ecb00000)
  from space 2560K, 99% used [0x00000000ecd80000,0x00000000ecffba78,0x00000000ed000000)
  to   space 2560K, 0% used [0x00000000ecb00000,0x00000000ecb00000,0x00000000ecd80000)
 ParOldGen       total 44032K, used 9434K [0x00000000c0000000, 0x00000000c2b00000, 0x00000000eab00000)
  object space 44032K, 21% used [0x00000000c0000000,0x00000000c0936928,0x00000000c2b00000)
 Metaspace       used 6246K, capacity 7088K, committed 7296K, reserved 1056768K
  class space    used 590K, capacity 616K, committed 640K, reserved 1048576K

Card table byte_map: [0x0000000012470000,0x0000000012680000] byte_map_base: 0x0000000011e70000

Marking Bits: (ParMarkBitMap*) 0x0000000075bd4970
 Begin Bits: [0x00000000129e0000, 0x00000000139e0000)
 End Bits:   [0x00000000139e0000, 0x00000000149e0000)

Polling page: 0x0000000001440000

CodeCache: size=245760Kb used=6105Kb max_used=6105Kb free=239654Kb
 bounds [0x00000000030b0000, 0x00000000036b0000, 0x00000000120b0000]
 total_blobs=1742 nmethods=1475 adapters=182
 compilation: enabled

Compilation events (10 events):
Event: 3.543 Thread 0x0000000015594000 1481       2       com.android.dx.cf.attrib.InnerClassList::get (9 bytes)
Event: 3.544 Thread 0x0000000015594000 nmethod 1481 0x00000000036a8f10 code [0x00000000036a9080, 0x00000000036a9228]
Event: 3.545 Thread 0x0000000015594000 1482       2       java.util.Collections::unmodifiableCollection (9 bytes)
Event: 3.545 Thread 0x0000000015594000 nmethod 1482 0x00000000036a92d0 code [0x00000000036a9440, 0x00000000036a9688]
Event: 3.548 Thread 0x0000000015594000 1484       2       com.android.dx.util.ByteArray::<init> (9 bytes)
Event: 3.548 Thread 0x0000000015594000 nmethod 1484 0x00000000036a9790 code [0x00000000036a9900, 0x00000000036a9a88]
Event: 3.548 Thread 0x0000000015594000 1485  s    2       com.android.dx.dex.file.StringIdsSection::intern (53 bytes)
Event: 3.549 Thread 0x0000000015594000 nmethod 1485 0x00000000036a9b50 code [0x00000000036a9d00, 0x00000000036aa258]
Event: 3.550 Thread 0x0000000015594000 1486       2       com.android.dx.rop.code.RegisterSpec::withLocalItem (41 bytes)
Event: 3.551 Thread 0x0000000015594000 nmethod 1486 0x00000000036aa590 code [0x00000000036aa700, 0x00000000036aa958]

GC Heap History (8 events):
Event: 1.939 GC heap before
{Heap before GC invocations=1 (full 0):
 PSYoungGen      total 18944K, used 16384K [0x00000000eab00000, 0x00000000ec000000, 0x0000000100000000)
  eden space 16384K, 100% used [0x00000000eab00000,0x00000000ebb00000,0x00000000ebb00000)
  from space 2560K, 0% used [0x00000000ebd80000,0x00000000ebd80000,0x00000000ec000000)
  to   space 2560K, 0% used [0x00000000ebb00000,0x00000000ebb00000,0x00000000ebd80000)
 ParOldGen       total 44032K, used 0K [0x00000000c0000000, 0x00000000c2b00000, 0x00000000eab00000)
  object space 44032K, 0% used [0x00000000c0000000,0x00000000c0000000,0x00000000c2b00000)
 Metaspace       used 5796K, capacity 6768K, committed 7040K, reserved 1056768K
  class space    used 586K, capacity 616K, committed 640K, reserved 1048576K
Event: 1.950 GC heap after
Heap after GC invocations=1 (full 0):
 PSYoungGen      total 18944K, used 2554K [0x00000000eab00000, 0x00000000ec000000, 0x0000000100000000)
  eden space 16384K, 0% used [0x00000000eab00000,0x00000000eab00000,0x00000000ebb00000)
  from space 2560K, 99% used [0x00000000ebb00000,0x00000000ebd7ea98,0x00000000ebd80000)
  to   space 2560K, 0% used [0x00000000ebd80000,0x00000000ebd80000,0x00000000ec000000)
 ParOldGen       total 44032K, used 1801K [0x00000000c0000000, 0x00000000c2b00000, 0x00000000eab00000)
  object space 44032K, 4% used [0x00000000c0000000,0x00000000c01c2780,0x00000000c2b00000)
 Metaspace       used 5796K, capacity 6768K, committed 7040K, reserved 1056768K
  class space    used 586K, capacity 616K, committed 640K, reserved 1048576K
}
Event: 2.660 GC heap before
{Heap before GC invocations=2 (full 0):
 PSYoungGen      total 18944K, used 18938K [0x00000000eab00000, 0x00000000ec000000, 0x0000000100000000)
  eden space 16384K, 100% used [0x00000000eab00000,0x00000000ebb00000,0x00000000ebb00000)
  from space 2560K, 99% used [0x00000000ebb00000,0x00000000ebd7ea98,0x00000000ebd80000)
  to   space 2560K, 0% used [0x00000000ebd80000,0x00000000ebd80000,0x00000000ec000000)
 ParOldGen       total 44032K, used 1801K [0x00000000c0000000, 0x00000000c2b00000, 0x00000000eab00000)
  object space 44032K, 4% used [0x00000000c0000000,0x00000000c01c2780,0x00000000c2b00000)
 Metaspace       used 6159K, capacity 7024K, committed 7296K, reserved 1056768K
  class space    used 588K, capacity 616K, committed 640K, reserved 1048576K
Event: 2.694 GC heap after
Heap after GC invocations=2 (full 0):
 PSYoungGen      total 18944K, used 2528K [0x00000000eab00000, 0x00000000ed000000, 0x0000000100000000)
  eden space 16384K, 0% used [0x00000000eab00000,0x00000000eab00000,0x00000000ebb00000)
  from space 2560K, 98% used [0x00000000ebd80000,0x00000000ebff8048,0x00000000ec000000)
  to   space 2560K, 0% used [0x00000000ebb00000,0x00000000ebb00000,0x00000000ebd80000)
 ParOldGen       total 44032K, used 4148K [0x00000000c0000000, 0x00000000c2b00000, 0x00000000eab00000)
  object space 44032K, 9% used [0x00000000c0000000,0x00000000c040d250,0x00000000c2b00000)
 Metaspace       used 6159K, capacity 7024K, committed 7296K, reserved 1056768K
  class space    used 588K, capacity 616K, committed 640K, reserved 1048576K
}
Event: 3.051 GC heap before
{Heap before GC invocations=3 (full 0):
 PSYoungGen      total 18944K, used 18912K [0x00000000eab00000, 0x00000000ed000000, 0x0000000100000000)
  eden space 16384K, 100% used [0x00000000eab00000,0x00000000ebb00000,0x00000000ebb00000)
  from space 2560K, 98% used [0x00000000ebd80000,0x00000000ebff8048,0x00000000ec000000)
  to   space 2560K, 0% used [0x00000000ebb00000,0x00000000ebb00000,0x00000000ebd80000)
 ParOldGen       total 44032K, used 4148K [0x00000000c0000000, 0x00000000c2b00000, 0x00000000eab00000)
  object space 44032K, 9% used [0x00000000c0000000,0x00000000c040d250,0x00000000c2b00000)
 Metaspace       used 6213K, capacity 7088K, committed 7296K, reserved 1056768K
  class space    used 590K, capacity 616K, committed 640K, reserved 1048576K
Event: 3.065 GC heap after
Heap after GC invocations=3 (full 0):
 PSYoungGen      total 18944K, used 2539K [0x00000000eab00000, 0x00000000ed000000, 0x0000000100000000)
  eden space 16384K, 0% used [0x00000000eab00000,0x00000000eab00000,0x00000000ebb00000)
  from space 2560K, 99% used [0x00000000ebb00000,0x00000000ebd7aef8,0x00000000ebd80000)
  to   space 2560K, 0% used [0x00000000ecd80000,0x00000000ecd80000,0x00000000ed000000)
 ParOldGen       total 44032K, used 6762K [0x00000000c0000000, 0x00000000c2b00000, 0x00000000eab00000)
  object space 44032K, 15% used [0x00000000c0000000,0x00000000c069a8a8,0x00000000c2b00000)
 Metaspace       used 6213K, capacity 7088K, committed 7296K, reserved 1056768K
  class space    used 590K, capacity 616K, committed 640K, reserved 1048576K
}
Event: 3.414 GC heap before
{Heap before GC invocations=4 (full 0):
 PSYoungGen      total 18944K, used 18923K [0x00000000eab00000, 0x00000000ed000000, 0x0000000100000000)
  eden space 16384K, 100% used [0x00000000eab00000,0x00000000ebb00000,0x00000000ebb00000)
  from space 2560K, 99% used [0x00000000ebb00000,0x00000000ebd7aef8,0x00000000ebd80000)
  to   space 2560K, 0% used [0x00000000ecd80000,0x00000000ecd80000,0x00000000ed000000)
 ParOldGen       total 44032K, used 6762K [0x00000000c0000000, 0x00000000c2b00000, 0x00000000eab00000)
  object space 44032K, 15% used [0x00000000c0000000,0x00000000c069a8a8,0x00000000c2b00000)
 Metaspace       used 6242K, capacity 7088K, committed 7296K, reserved 1056768K
  class space    used 590K, capacity 616K, committed 640K, reserved 1048576K
Event: 3.483 GC heap after
Heap after GC invocations=4 (full 0):
 PSYoungGen      total 35328K, used 2542K [0x00000000eab00000, 0x00000000ed000000, 0x0000000100000000)
  eden space 32768K, 0% used [0x00000000eab00000,0x00000000eab00000,0x00000000ecb00000)
  from space 2560K, 99% used [0x00000000ecd80000,0x00000000ecffba78,0x00000000ed000000)
  to   space 2560K, 0% used [0x00000000ecb00000,0x00000000ecb00000,0x00000000ecd80000)
 ParOldGen       total 44032K, used 9434K [0x00000000c0000000, 0x00000000c2b00000, 0x00000000eab00000)
  object space 44032K, 21% used [0x00000000c0000000,0x00000000c0936928,0x00000000c2b00000)
 Metaspace       used 6242K, capacity 7088K, committed 7296K, reserved 1056768K
  class space    used 590K, capacity 616K, committed 640K, reserved 1048576K
}

Deoptimization events (10 events):
Event: 1.881 Thread 0x0000000016bb7000 Uncommon trap: reason=unstable_if action=reinterpret pc=0x00000000032ce4f0 method=java.util.BitSet.nextSetBit(I)I @ 87
Event: 3.107 Thread 0x0000000016bca000 Uncommon trap: reason=bimorphic action=maybe_recompile pc=0x00000000034e7c28 method=java.util.HashMap.getNode(ILjava/lang/Object;)Ljava/util/HashMap$Node; @ 126
Event: 3.107 Thread 0x0000000016bca000 Uncommon trap: reason=class_check action=maybe_recompile pc=0x00000000036172fc method=java.util.HashMap.putVal(ILjava/lang/Object;Ljava/lang/Object;ZZ)Ljava/lang/Object; @ 203
Event: 3.107 Thread 0x0000000016bca000 Uncommon trap: reason=bimorphic action=maybe_recompile pc=0x00000000034e7c28 method=java.util.HashMap.getNode(ILjava/lang/Object;)Ljava/util/HashMap$Node; @ 126
Event: 3.107 Thread 0x0000000016bca000 Uncommon trap: reason=class_check action=maybe_recompile pc=0x00000000036172fc method=java.util.HashMap.putVal(ILjava/lang/Object;Ljava/lang/Object;ZZ)Ljava/lang/Object; @ 203
Event: 3.107 Thread 0x0000000016bca000 Uncommon trap: reason=bimorphic action=maybe_recompile pc=0x00000000032cdea8 method=java.util.HashMap.getNode(ILjava/lang/Object;)Ljava/util/HashMap$Node; @ 126
Event: 3.107 Thread 0x0000000016bca000 Uncommon trap: reason=bimorphic action=maybe_recompile pc=0x00000000032cdea8 method=java.util.HashMap.getNode(ILjava/lang/Object;)Ljava/util/HashMap$Node; @ 126
Event: 3.107 Thread 0x0000000016bca000 Uncommon trap: reason=unstable_if action=reinterpret pc=0x00000000033bdb1c method=com.android.dx.rop.cst.Constant.compareTo(Lcom/android/dx/rop/cst/Constant;)I @ 12
Event: 3.107 Thread 0x0000000016bca000 Uncommon trap: reason=bimorphic action=maybe_recompile pc=0x00000000034e7c28 method=java.util.HashMap.getNode(ILjava/lang/Object;)Ljava/util/HashMap$Node; @ 126
Event: 3.155 Thread 0x0000000016bbf800 Uncommon trap: reason=class_check action=maybe_recompile pc=0x00000000036172fc method=java.util.HashMap.putVal(ILjava/lang/Object;Ljava/lang/Object;ZZ)Ljava/lang/Object; @ 203

Classes redefined (0 events):
No events

Internal exceptions (2 events):
Event: 0.069 Thread 0x00000000030ad800 Exception <a 'java/lang/NoSuchMethodError': Method sun.misc.Unsafe.defineClass(Ljava/lang/String;[BII)Ljava/lang/Class; name or signature does not match> (0x00000000eab07ca8) thrown at [D:\src\AOSP-openjdk-cygwin\jdk8u\hotspot\src\share\vm\prims\jni.cpp, 
Event: 0.069 Thread 0x00000000030ad800 Exception <a 'java/lang/NoSuchMethodError': Method sun.misc.Unsafe.prefetchRead(Ljava/lang/Object;J)V name or signature does not match> (0x00000000eab07f90) thrown at [D:\src\AOSP-openjdk-cygwin\jdk8u\hotspot\src\share\vm\prims\jni.cpp, line 4011]

Events (10 events):
Event: 3.107 Thread 0x0000000016bca000 Uncommon trap: trap_request=0xffffffc6 fr.pc=0x00000000034e7c28
Event: 3.107 Thread 0x0000000016bca000 DEOPT PACKING pc=0x00000000034e7c28 sp=0x000000001726df00
Event: 3.107 Thread 0x0000000016bca000 DEOPT UNPACKING pc=0x00000000030f557b sp=0x000000001726de98 mode 2
Event: 3.155 Thread 0x0000000016bbf800 Uncommon trap: trap_request=0xffffffde fr.pc=0x00000000036172fc
Event: 3.155 Thread 0x0000000016bbf800 DEOPT PACKING pc=0x00000000036172fc sp=0x000000001706e480
Event: 3.155 Thread 0x0000000016bbf800 DEOPT UNPACKING pc=0x00000000030f557b sp=0x000000001706e3f8 mode 2
Event: 3.228 loading class com/android/dx/cf/attrib/AttDeprecated
Event: 3.228 loading class com/android/dx/cf/attrib/AttDeprecated done
Event: 3.361 Executing VM operation: ParallelGCFailedAllocation
Event: 3.483 Executing VM operation: ParallelGCFailedAllocation done


Dynamic libraries:
0x00007ff7faad0000 - 0x00007ff7fab01000 	D:\Android\Android Studio\jre\bin\java.exe
0x00007ffba6970000 - 0x00007ffba6b51000 	C:\Windows\SYSTEM32\ntdll.dll
0x00007ffba3e30000 - 0x00007ffba3ee2000 	C:\Windows\System32\KERNEL32.DLL
0x00007ffba2e90000 - 0x00007ffba3103000 	C:\Windows\System32\KERNELBASE.dll
0x00007ffba4f00000 - 0x00007ffba4fa1000 	C:\Windows\System32\ADVAPI32.dll
0x00007ffba4c60000 - 0x00007ffba4cfe000 	C:\Windows\System32\msvcrt.dll
0x00007ffba4df0000 - 0x00007ffba4e4b000 	C:\Windows\System32\sechost.dll
0x00007ffba44e0000 - 0x00007ffba4604000 	C:\Windows\System32\RPCRT4.dll
0x00007ffba4350000 - 0x00007ffba44e0000 	C:\Windows\System32\USER32.dll
0x00007ffba3d60000 - 0x00007ffba3d80000 	C:\Windows\System32\win32u.dll
0x00007ffba3e00000 - 0x00007ffba3e28000 	C:\Windows\System32\GDI32.dll
0x00007ffba3b20000 - 0x00007ffba3cb2000 	C:\Windows\System32\gdi32full.dll
0x00007ffba3cc0000 - 0x00007ffba3d5f000 	C:\Windows\System32\msvcp_win.dll
0x00007ffba2d40000 - 0x00007ffba2e3a000 	C:\Windows\System32\ucrtbase.dll
0x00007ffb926d0000 - 0x00007ffb92939000 	C:\Windows\WinSxS\amd64_microsoft.windows.common-controls_6595b64144ccf1df_6.0.17134.345_none_fb429a5930656358\COMCTL32.dll
0x00007ffba4930000 - 0x00007ffba4c53000 	C:\Windows\System32\combase.dll
0x00007ffba3d80000 - 0x00007ffba3dfa000 	C:\Windows\System32\bcryptPrimitives.dll
0x00007ffba4860000 - 0x00007ffba488d000 	C:\Windows\System32\IMM32.DLL
0x0000000077d80000 - 0x0000000077e52000 	D:\Android\Android Studio\jre\jre\bin\msvcr100.dll
0x0000000075410000 - 0x0000000075c4f000 	D:\Android\Android Studio\jre\jre\bin\server\jvm.dll
0x00007ffba3ef0000 - 0x00007ffba3ef8000 	C:\Windows\System32\PSAPI.DLL
0x00007ffba0080000 - 0x00007ffba0089000 	C:\Windows\SYSTEM32\WSOCK32.dll
0x00007ffba47f0000 - 0x00007ffba485c000 	C:\Windows\System32\WS2_32.dll
0x00007ffba0df0000 - 0x00007ffba0e13000 	C:\Windows\SYSTEM32\WINMM.dll
0x00007ffb9eca0000 - 0x00007ffb9ecaa000 	C:\Windows\SYSTEM32\VERSION.dll
0x00007ffba0dc0000 - 0x00007ffba0dea000 	C:\Windows\SYSTEM32\winmmbase.dll
0x00007ffba2e40000 - 0x00007ffba2e89000 	C:\Windows\System32\cfgmgr32.dll
0x00007ffb9f710000 - 0x00007ffb9f71f000 	D:\Android\Android Studio\jre\jre\bin\verify.dll
0x00007ffb9db40000 - 0x00007ffb9db69000 	D:\Android\Android Studio\jre\jre\bin\java.dll
0x00007ffb9e180000 - 0x00007ffb9e196000 	D:\Android\Android Studio\jre\jre\bin\zip.dll
0x00007ffba5480000 - 0x00007ffba68bf000 	C:\Windows\System32\SHELL32.dll
0x00007ffba4e50000 - 0x00007ffba4ef9000 	C:\Windows\System32\shcore.dll
0x00007ffba3410000 - 0x00007ffba3b1d000 	C:\Windows\System32\windows.storage.dll
0x00007ffba4610000 - 0x00007ffba4661000 	C:\Windows\System32\shlwapi.dll
0x00007ffba2ca0000 - 0x00007ffba2cb1000 	C:\Windows\System32\kernel.appcore.dll
0x00007ffba2c80000 - 0x00007ffba2c9f000 	C:\Windows\System32\profapi.dll
0x00007ffba2cd0000 - 0x00007ffba2d1c000 	C:\Windows\System32\powrprof.dll
0x00007ffba2cc0000 - 0x00007ffba2cca000 	C:\Windows\System32\FLTLIB.DLL

VM Arguments:
jvm_args: -Djava.awt.headless=true -Xmx1024M -Dfile.encoding=windows-1252 -Duser.country=US -Duser.language=en -Duser.variant 
java_command: com.android.dx.command.Main --dex --num-threads=4 --output C:\Android-Face-Recognition-with-Deep-Learning-Test-Framework-master\app\build\intermediates\pre-dexed\debug\com.android.support-appcompat-v7-23.3.0_49d9c37102b058a8282008989c75d38b6c5a30b4.jar C:\Android-Face-Recognition-with-Deep-Learning-Test-Framework-master\app\build\intermediates\exploded-aar\com.android.support\appcompat-v7\23.3.0\jars\classes.jar
java_class_path (initial): C:\Users\Ajwl\AppData\Local\Android\Sdk\build-tools\23.0.1\lib\dx.jar
Launcher Type: SUN_STANDARD

Environment Variables:
JAVA_HOME=C:\Program Files\Java\jdk1.8.0_181
CLASSPATH=C:\Program Files\Java\jre1.8.0_181\lib
PATH=C:\Program Files (x86)\Common Files\Oracle\Java\javapath;"%JAVA_HOME%;%JAVA_HOME%\bin;";C:\Windows\system32;C:\Windows;C:\Windows\System32\Wbem;C:\Windows\System32\WindowsPowerShell\v1.0\;C:\Windows\System32\OpenSSH\;D:\Go\bin;D:\Microsoft VS Code\bin;C:\Program Files\Git\cmd;D:\nodejs\;C:\Program Files\Java\jdk1.8.0_181\bin;C:\Program Files\Java\jre1.8.0_181\bin;C:\bazel;C:\msys64\usr\bin;D:\PyCharm Community Edition 2018.2.4\Scripts\;D:\PyCharm Community Edition 2018.2.4\;C:\Users\Ajwl\AppData\Local\Microsoft\WindowsApps;%GOPATH%\bin;C:\Users\Ajwl\AppData\Roaming\npm
USERNAME=Ajwl
OS=Windows_NT
PROCESSOR_IDENTIFIER=AMD64 Family 21 Model 112 Stepping 0, AuthenticAMD



---------------  S Y S T E M  ---------------

OS: Windows 10.0 , 64 bit Build 17134 (10.0.17134.1)

CPU:total 2 (initial active 2) (2 cores per cpu, 1 threads per core) family 21 model 112 stepping 0, cmov, cx8, fxsr, mmx, sse, sse2, sse3, ssse3, sse4.1, sse4.2, popcnt, avx, avx2, aes, clmul, mmxext, 3dnowpref, lzcnt, sse4a, tsc, tscinvbit, tscinv, bmi1

Memory: 4k page, physical 4068724k(393392k free), swap 5117300k(3100k free)

vm_info: OpenJDK 64-Bit Server VM (25.152-b02) for windows-amd64 JRE (1.8.0_152-release-1024-b02), built by "builder" with MS VC++ 10.0 (VS2010)

time: Sat Oct 27 23:56:00 2018
elapsed time: 3 seconds (0d 0h 0m 3s)

