#
# There is insufficient memory for the Java Runtime Environment to continue.
# Native memory allocation (malloc) failed to allocate 126352 bytes for Chunk::new
# Possible reasons:
#   The system is out of physical RAM or swap space
#   In 32 bit mode, the process size limit was hit
# Possible solutions:
#   Reduce memory load on the system
#   Increase physical memory or swap space
#   Check if swap backing store is full
#   Use 64 bit Java on a 64 bit OS
#   Decrease Java heap size (-Xmx/-Xms)
#   Decrease number of Java threads
#   Decrease Java thread stack sizes (-Xss)
#   Set larger code cache with -XX:ReservedCodeCacheSize=
# This output file may be truncated or incomplete.
#
#  Out of Memory Error (allocation.cpp:390), pid=10548, tid=0x0000000000002220
#
# JRE version: OpenJDK Runtime Environment (8.0_152-b02) (build 1.8.0_152-release-1024-b02)
# Java VM: OpenJDK 64-Bit Server VM (25.152-b02 mixed mode windows-amd64 compressed oops)
# Failed to write core dump. Minidumps are not enabled by default on client versions of Windows
#

---------------  T H R E A D  ---------------

Current thread (0x0000000014bd8000):  JavaThread "C2 CompilerThread0" daemon [_thread_in_native, id=8736, stack(0x0000000015c00000,0x0000000015d00000)]

Stack: [0x0000000015c00000,0x0000000015d00000]
[error occurred during error reporting (printing stack bounds), id 0xc0000005]

Native frames: (J=compiled Java code, j=interpreted, Vv=VM code, C=native code)


Current CompileTask:
C2:   2058  684       4       com.android.dx.ssa.NormalSsaInsn::accept (25 bytes)


---------------  P R O C E S S  ---------------

Java Threads: ( => current thread )
  0x000000001612f000 JavaThread "pool-1-thread-4" [_thread_in_Java, id=6028, stack(0x0000000016800000,0x0000000016900000)]
  0x0000000016126800 JavaThread "pool-1-thread-3" [_thread_in_Java, id=7364, stack(0x0000000016700000,0x0000000016800000)]
  0x0000000016120800 JavaThread "pool-1-thread-2" [_thread_blocked, id=7020, stack(0x0000000016600000,0x0000000016700000)]
  0x000000001610f800 JavaThread "pool-2-thread-1" [_thread_blocked, id=5908, stack(0x0000000016500000,0x0000000016600000)]
  0x000000001610f000 JavaThread "pool-1-thread-1" [_thread_blocked, id=9560, stack(0x0000000016400000,0x0000000016500000)]
  0x0000000014c33000 JavaThread "Service Thread" daemon [_thread_blocked, id=820, stack(0x0000000015e00000,0x0000000015f00000)]
  0x0000000014c2f800 JavaThread "C1 CompilerThread1" daemon [_thread_in_vm, id=5892, stack(0x0000000015d00000,0x0000000015e00000)]
=>0x0000000014bd8000 JavaThread "C2 CompilerThread0" daemon [_thread_in_native, id=8736, stack(0x0000000015c00000,0x0000000015d00000)]
  0x0000000014bd6800 JavaThread "Attach Listener" daemon [_thread_blocked, id=7984, stack(0x0000000015b00000,0x0000000015c00000)]
  0x0000000014bd5000 JavaThread "Signal Dispatcher" daemon [_thread_blocked, id=7636, stack(0x0000000015a00000,0x0000000015b00000)]
  0x0000000014bc6800 JavaThread "Finalizer" daemon [_thread_blocked, id=4940, stack(0x0000000015810000,0x0000000015910000)]
  0x000000000273f000 JavaThread "Reference Handler" daemon [_thread_blocked, id=6896, stack(0x0000000015710000,0x0000000015810000)]
  0x00000000005dd800 JavaThread "main" [_thread_in_vm, id=11096, stack(0x00000000024c0000,0x00000000025c0000)]

Other Threads:
  0x0000000014ba5000 VMThread [stack: 0x0000000015610000,0x0000000015710000] [id=9320]
  0x0000000014c37800 WatcherThread [stack: 0x0000000015f00000,0x0000000016000000] [id=4084]

VM state:not at safepoint (normal execution)

VM Mutex/Monitor currently owned by a thread: None

Heap:
 PSYoungGen      total 18944K, used 13570K [0x00000000eab00000, 0x00000000ec000000, 0x0000000100000000)
  eden space 16384K, 82% used [0x00000000eab00000,0x00000000eb840af8,0x00000000ebb00000)
  from space 2560K, 0% used [0x00000000ebd80000,0x00000000ebd80000,0x00000000ec000000)
  to   space 2560K, 0% used [0x00000000ebb00000,0x00000000ebb00000,0x00000000ebd80000)
 ParOldGen       total 44032K, used 0K [0x00000000c0000000, 0x00000000c2b00000, 0x00000000eab00000)
  object space 44032K, 0% used [0x00000000c0000000,0x00000000c0000000,0x00000000c2b00000)
 Metaspace       used 5655K, capacity 6768K, committed 7040K, reserved 1056768K
  class space    used 569K, capacity 616K, committed 640K, reserved 1048576K

Card table byte_map: [0x0000000011b10000,0x0000000011d20000] byte_map_base: 0x0000000011510000

Marking Bits: (ParMarkBitMap*) 0x0000000075bd4970
 Begin Bits: [0x0000000012080000, 0x0000000013080000)
 End Bits:   [0x0000000013080000, 0x0000000014080000)

Polling page: 0x00000000005c0000

CodeCache: size=245760Kb used=3228Kb max_used=3228Kb free=242531Kb
 bounds [0x0000000002750000, 0x0000000002a80000, 0x0000000011750000]
 total_blobs=1001 nmethods=740 adapters=176
 compilation: enabled

Compilation events (10 events):
Event: 2.050 Thread 0x0000000014c2f800 nmethod 736 0x0000000002a6ce90 code [0x0000000002a6d300, 0x0000000002a70868]
Event: 2.051 Thread 0x0000000014c2f800  737       3       com.android.dx.dex.code.RopTranslator$LocalVariableAwareTranslationVisitor::addIntroductionIfNecessary (30 bytes)
Event: 2.052 Thread 0x0000000014c2f800 nmethod 737 0x0000000002a71a50 code [0x0000000002a71c40, 0x0000000002a726e8]
Event: 2.052 Thread 0x0000000014c2f800  738       1       com.android.dx.cf.code.ByteCatchList$Item::getHandlerPc (5 bytes)
Event: 2.052 Thread 0x0000000014c2f800 nmethod 738 0x0000000002a72c10 code [0x0000000002a72d60, 0x0000000002a72e70]
Event: 2.053 Thread 0x0000000014c2f800  739       3       com.android.dx.cf.code.BaseMachine::auxType (6 bytes)
Event: 2.053 Thread 0x0000000014c2f800 nmethod 739 0x0000000002a72ed0 code [0x0000000002a73020, 0x0000000002a73190]
Event: 2.053 Thread 0x0000000014c2f800  740       3       com.android.dx.cf.code.ExecutionStack::copy (59 bytes)
Event: 2.054 Thread 0x0000000014c2f800 nmethod 740 0x0000000002a73210 code [0x0000000002a733c0, 0x0000000002a73a78]
Event: 2.054 Thread 0x0000000014c2f800  741       3       com.android.dx.cf.code.OneLocalsArray::<init> (22 bytes)

GC Heap History (0 events):
No events

Deoptimization events (2 events):
Event: 1.277 Thread 0x00000000005dd800 Uncommon trap: reason=unstable_if action=reinterpret pc=0x000000000288f4d4 method=java.lang.String.indexOf(II)I @ 49
Event: 1.737 Thread 0x0000000016120800 Uncommon trap: reason=unstable_if action=reinterpret pc=0x000000000295e67c method=java.util.HashMap.getNode(ILjava/lang/Object;)Ljava/util/HashMap$Node; @ 129

Classes redefined (0 events):
No events

Internal exceptions (2 events):
Event: 0.768 Thread 0x00000000005dd800 Exception <a 'java/lang/NoSuchMethodError': Method sun.misc.Unsafe.defineClass(Ljava/lang/String;[BII)Ljava/lang/Class; name or signature does not match> (0x00000000eab07ca8) thrown at [D:\src\AOSP-openjdk-cygwin\jdk8u\hotspot\src\share\vm\prims\jni.cpp, 
Event: 0.769 Thread 0x00000000005dd800 Exception <a 'java/lang/NoSuchMethodError': Method sun.misc.Unsafe.prefetchRead(Ljava/lang/Object;J)V name or signature does not match> (0x00000000eab07f90) thrown at [D:\src\AOSP-openjdk-cygwin\jdk8u\hotspot\src\share\vm\prims\jni.cpp, line 4011]

Events (10 events):
Event: 1.960 loading class com/android/dx/dex/file/AnnotationItem$TypeIdSorter
Event: 1.960 loading class com/android/dx/dex/file/AnnotationItem$TypeIdSorter done
Event: 1.960 loading class com/android/dx/dex/file/TypeIdItem
Event: 1.960 loading class com/android/dx/dex/file/TypeIdItem done
Event: 1.961 loading class com/android/dx/dex/file/ValueEncoder
Event: 1.961 loading class com/android/dx/dex/file/ValueEncoder done
Event: 1.962 loading class com/android/dx/dex/file/StringIdItem
Event: 1.962 loading class com/android/dx/dex/file/StringIdItem done
Event: 1.963 loading class com/android/dx/dex/file/StringDataItem
Event: 1.963 loading class com/android/dx/dex/file/StringDataItem done


Dynamic libraries:
0x00007ff7faad0000 - 0x00007ff7fab01000 	D:\Android\Android Studio\jre\bin\java.exe
0x00007ffba6970000 - 0x00007ffba6b51000 	C:\Windows\SYSTEM32\ntdll.dll
0x00007ffba3e30000 - 0x00007ffba3ee2000 	C:\Windows\System32\KERNEL32.DLL
0x00007ffba2e90000 - 0x00007ffba3103000 	C:\Windows\System32\KERNELBASE.dll
0x00007ffba4f00000 - 0x00007ffba4fa1000 	C:\Windows\System32\ADVAPI32.dll
0x00007ffba4c60000 - 0x00007ffba4cfe000 	C:\Windows\System32\msvcrt.dll
0x00007ffba4df0000 - 0x00007ffba4e4b000 	C:\Windows\System32\sechost.dll
0x00007ffba44e0000 - 0x00007ffba4604000 	C:\Windows\System32\RPCRT4.dll
0x00007ffba4350000 - 0x00007ffba44e0000 	C:\Windows\System32\USER32.dll
0x00007ffba3d60000 - 0x00007ffba3d80000 	C:\Windows\System32\win32u.dll
0x00007ffba3e00000 - 0x00007ffba3e28000 	C:\Windows\System32\GDI32.dll
0x00007ffba3b20000 - 0x00007ffba3cb2000 	C:\Windows\System32\gdi32full.dll
0x00007ffba3cc0000 - 0x00007ffba3d5f000 	C:\Windows\System32\msvcp_win.dll
0x00007ffba2d40000 - 0x00007ffba2e3a000 	C:\Windows\System32\ucrtbase.dll
0x00007ffb926d0000 - 0x00007ffb92939000 	C:\Windows\WinSxS\amd64_microsoft.windows.common-controls_6595b64144ccf1df_6.0.17134.345_none_fb429a5930656358\COMCTL32.dll
0x00007ffba4930000 - 0x00007ffba4c53000 	C:\Windows\System32\combase.dll
0x00007ffba3d80000 - 0x00007ffba3dfa000 	C:\Windows\System32\bcryptPrimitives.dll
0x00007ffba4860000 - 0x00007ffba488d000 	C:\Windows\System32\IMM32.DLL
0x0000000077d80000 - 0x0000000077e52000 	D:\Android\Android Studio\jre\jre\bin\msvcr100.dll
0x0000000075410000 - 0x0000000075c4f000 	D:\Android\Android Studio\jre\jre\bin\server\jvm.dll
0x00007ffba3ef0000 - 0x00007ffba3ef8000 	C:\Windows\System32\PSAPI.DLL
0x00007ffba0080000 - 0x00007ffba0089000 	C:\Windows\SYSTEM32\WSOCK32.dll
0x00007ffba47f0000 - 0x00007ffba485c000 	C:\Windows\System32\WS2_32.dll
0x00007ffba0df0000 - 0x00007ffba0e13000 	C:\Windows\SYSTEM32\WINMM.dll
0x00007ffb9eca0000 - 0x00007ffb9ecaa000 	C:\Windows\SYSTEM32\VERSION.dll
0x00007ffba0dc0000 - 0x00007ffba0dea000 	C:\Windows\SYSTEM32\WINMMBASE.dll
0x00007ffba2e40000 - 0x00007ffba2e89000 	C:\Windows\System32\cfgmgr32.dll
0x00007ffb9f710000 - 0x00007ffb9f71f000 	D:\Android\Android Studio\jre\jre\bin\verify.dll
0x00007ffb9db40000 - 0x00007ffb9db69000 	D:\Android\Android Studio\jre\jre\bin\java.dll
0x00007ffb9e180000 - 0x00007ffb9e196000 	D:\Android\Android Studio\jre\jre\bin\zip.dll
0x00007ffba5480000 - 0x00007ffba68bf000 	C:\Windows\System32\SHELL32.dll
0x00007ffba4e50000 - 0x00007ffba4ef9000 	C:\Windows\System32\shcore.dll
0x00007ffba3410000 - 0x00007ffba3b1d000 	C:\Windows\System32\windows.storage.dll
0x00007ffba4610000 - 0x00007ffba4661000 	C:\Windows\System32\shlwapi.dll
0x00007ffba2ca0000 - 0x00007ffba2cb1000 	C:\Windows\System32\kernel.appcore.dll
0x00007ffba2c80000 - 0x00007ffba2c9f000 	C:\Windows\System32\profapi.dll
0x00007ffba2cd0000 - 0x00007ffba2d1c000 	C:\Windows\System32\powrprof.dll
0x00007ffba2cc0000 - 0x00007ffba2cca000 	C:\Windows\System32\FLTLIB.DLL

VM Arguments:
jvm_args: -Djava.awt.headless=true -Xmx1024M -Dfile.encoding=windows-1252 -Duser.country=US -Duser.language=en -Duser.variant 
java_command: com.android.dx.command.Main --dex --num-threads=4 --output C:\Android-Face-Recognition-with-Deep-Learning-Test-Framework-master\app\build\intermediates\pre-dexed\debug\ch.zhaw-facerecognitionlibrary-1.5.3_4054d87743dae06cffe27c6fbb8063b2ea42a9ea.jar C:\Android-Face-Recognition-with-Deep-Learning-Test-Framework-master\app\build\intermediates\exploded-aar\ch.zhaw\facerecognitionlibrary\1.5.3\jars\classes.jar
java_class_path (initial): C:\Users\Ajwl\AppData\Local\Android\Sdk\build-tools\23.0.1\lib\dx.jar
Launcher Type: SUN_STANDARD

Environment Variables:
JAVA_HOME=C:\Program Files\Java\jdk1.8.0_181
CLASSPATH=C:\Program Files\Java\jre1.8.0_181\lib
PATH=C:\Program Files (x86)\Common Files\Oracle\Java\javapath;"%JAVA_HOME%;%JAVA_HOME%\bin;";C:\Windows\system32;C:\Windows;C:\Windows\System32\Wbem;C:\Windows\System32\WindowsPowerShell\v1.0\;C:\Windows\System32\OpenSSH\;D:\Go\bin;D:\Microsoft VS Code\bin;C:\Program Files\Git\cmd;D:\nodejs\;C:\Program Files\Java\jdk1.8.0_181\bin;C:\Program Files\Java\jre1.8.0_181\bin;C:\bazel;C:\msys64\usr\bin;D:\PyCharm Community Edition 2018.2.4\Scripts\;D:\PyCharm Community Edition 2018.2.4\;C:\Users\Ajwl\AppData\Local\Microsoft\WindowsApps;%GOPATH%\bin;C:\Users\Ajwl\AppData\Roaming\npm
USERNAME=Ajwl
OS=Windows_NT
PROCESSOR_IDENTIFIER=AMD64 Family 21 Model 112 Stepping 0, AuthenticAMD



---------------  S Y S T E M  ---------------

OS: Windows 10.0 , 64 bit Build 17134 (10.0.17134.1)

CPU:total 2 (initial active 2) (2 cores per cpu, 1 threads per core) family 21 model 112 stepping 0, cmov, cx8, fxsr, mmx, sse, sse2, sse3, ssse3, sse4.1, sse4.2, popcnt, avx, avx2, aes, clmul, mmxext, 3dnowpref, lzcnt, sse4a, tsc, tscinvbit, tscinv, bmi1

Memory: 4k page, physical 4068724k(581180k free), swap 5117300k(3124k free)

vm_info: OpenJDK 64-Bit Server VM (25.152-b02) for windows-amd64 JRE (1.8.0_152-release-1024-b02), built by "builder" with MS VC++ 10.0 (VS2010)

time: Sun Oct 28 00:29:59 2018
elapsed time: 2 seconds (0d 0h 0m 2s)

