#
# There is insufficient memory for the Java Runtime Environment to continue.
# Native memory allocation (malloc) failed to allocate 495616 bytes for Chunk::new
# Possible reasons:
#   The system is out of physical RAM or swap space
#   In 32 bit mode, the process size limit was hit
# Possible solutions:
#   Reduce memory load on the system
#   Increase physical memory or swap space
#   Check if swap backing store is full
#   Use 64 bit Java on a 64 bit OS
#   Decrease Java heap size (-Xmx/-Xms)
#   Decrease number of Java threads
#   Decrease Java thread stack sizes (-Xss)
#   Set larger code cache with -XX:ReservedCodeCacheSize=
# This output file may be truncated or incomplete.
#
#  Out of Memory Error (allocation.cpp:390), pid=10748, tid=0x000000000000112c
#
# JRE version: OpenJDK Runtime Environment (8.0_152-b02) (build 1.8.0_152-release-1024-b02)
# Java VM: OpenJDK 64-Bit Server VM (25.152-b02 mixed mode windows-amd64 compressed oops)
# Failed to write core dump. Minidumps are not enabled by default on client versions of Windows
#

---------------  T H R E A D  ---------------

Current thread (0x00000000151e7800):  JavaThread "C2 CompilerThread0" daemon [_thread_in_native, id=4396, stack(0x0000000016210000,0x0000000016310000)]

Stack: [0x0000000016210000,0x0000000016310000]
[error occurred during error reporting (printing stack bounds), id 0xc0000005]

Native frames: (J=compiled Java code, j=interpreted, Vv=VM code, C=native code)


Current CompileTask:
C2:   2661 1363       4       com.android.dx.ssa.SCCP::simulateStmt (481 bytes)


---------------  P R O C E S S  ---------------

Java Threads: ( => current thread )
  0x0000000016826000 JavaThread "pool-1-thread-4" [_thread_blocked, id=7076, stack(0x0000000016e10000,0x0000000016f10000)]
  0x0000000016821000 JavaThread "pool-1-thread-3" [_thread_blocked, id=7956, stack(0x0000000016d10000,0x0000000016e10000)]
  0x000000001681e800 JavaThread "pool-1-thread-2" [_thread_blocked, id=6652, stack(0x0000000016c10000,0x0000000016d10000)]
  0x000000001681b000 JavaThread "pool-2-thread-1" [_thread_blocked, id=6288, stack(0x0000000016b10000,0x0000000016c10000)]
  0x000000001681a800 JavaThread "pool-1-thread-1" [_thread_blocked, id=5188, stack(0x0000000016a10000,0x0000000016b10000)]
  0x000000001524a000 JavaThread "Service Thread" daemon [_thread_blocked, id=9456, stack(0x0000000016410000,0x0000000016510000)]
  0x00000000151eb000 JavaThread "C1 CompilerThread1" daemon [_thread_blocked, id=1616, stack(0x0000000016310000,0x0000000016410000)]
=>0x00000000151e7800 JavaThread "C2 CompilerThread0" daemon [_thread_in_native, id=4396, stack(0x0000000016210000,0x0000000016310000)]
  0x00000000151e6000 JavaThread "Attach Listener" daemon [_thread_blocked, id=5760, stack(0x0000000016110000,0x0000000016210000)]
  0x00000000151e5000 JavaThread "Signal Dispatcher" daemon [_thread_blocked, id=4856, stack(0x0000000016010000,0x0000000016110000)]
  0x00000000151d6800 JavaThread "Finalizer" daemon [_thread_blocked, id=1576, stack(0x0000000015e20000,0x0000000015f20000)]
  0x0000000002d4e800 JavaThread "Reference Handler" daemon [_thread_blocked, id=5160, stack(0x0000000015d20000,0x0000000015e20000)]
  0x000000000147d800 JavaThread "main" [_thread_blocked, id=10980, stack(0x0000000002af0000,0x0000000002bf0000)]

Other Threads:
  0x00000000151b5000 VMThread [stack: 0x0000000015c20000,0x0000000015d20000] [id=1764]
  0x000000001524e800 WatcherThread [stack: 0x0000000016510000,0x0000000016610000] [id=10060]

VM state:at safepoint (normal execution)

VM Mutex/Monitor currently owned by a thread:  ([mutex/lock_event])
[0x000000000147c930] Threads_lock - owner thread: 0x00000000151b5000
[0x000000000147cf30] Heap_lock - owner thread: 0x000000001681e800

Heap:
 PSYoungGen      total 18944K, used 18915K [0x00000000eab00000, 0x00000000ec000000, 0x0000000100000000)
  eden space 16384K, 100% used [0x00000000eab00000,0x00000000ebb00000,0x00000000ebb00000)
  from space 2560K, 98% used [0x00000000ebb00000,0x00000000ebd78c00,0x00000000ebd80000)
  to   space 2560K, 98% used [0x00000000ebd80000,0x00000000ebff8c00,0x00000000ec000000)
 ParOldGen       total 44032K, used 8591K [0x00000000c0000000, 0x00000000c2b00000, 0x00000000eab00000)
  object space 44032K, 19% used [0x00000000c0000000,0x00000000c0865c48,0x00000000c2b00000)
 Metaspace       used 6026K, capacity 7024K, committed 7296K, reserved 1056768K
  class space    used 573K, capacity 616K, committed 640K, reserved 1048576K

Card table byte_map: [0x0000000012120000,0x0000000012330000] byte_map_base: 0x0000000011b20000

Marking Bits: (ParMarkBitMap*) 0x0000000075bd4970
 Begin Bits: [0x0000000012690000, 0x0000000013690000)
 End Bits:   [0x0000000013690000, 0x0000000014690000)

Polling page: 0x00000000014a0000

CodeCache: size=245760Kb used=5691Kb max_used=5695Kb free=240068Kb
 bounds [0x0000000002d60000, 0x0000000003300000, 0x0000000011d60000]
 total_blobs=1715 nmethods=1454 adapters=176
 compilation: enabled

Compilation events (10 events):
Event: 2.596 Thread 0x00000000151e7800 nmethod 1460% 0x00000000032f4310 code [0x00000000032f44e0, 0x00000000032f5078]
Event: 2.596 Thread 0x00000000151e7800 1385       4       com.android.dx.rop.cst.Constant::compareTo (9 bytes)
Event: 2.598 Thread 0x00000000151e7800 nmethod 1385 0x00000000032e51d0 code [0x00000000032e5340, 0x00000000032e55b8]
Event: 2.598 Thread 0x00000000151e7800 1363       4       com.android.dx.ssa.SCCP::simulateStmt (481 bytes)
Event: 2.624 Thread 0x00000000151eb000 1465       2       com.android.dx.ssa.SsaRenamer::<init> (100 bytes)
Event: 2.625 Thread 0x00000000151eb000 nmethod 1465 0x00000000032e91d0 code [0x00000000032e9360, 0x00000000032e9888]
Event: 2.638 Thread 0x00000000151eb000 1467       2       com.android.dx.ssa.back.FirstFitLocalCombiningAllocator::handleLocalAssociatedOther (151 bytes)
Event: 2.639 Thread 0x00000000151eb000 nmethod 1467 0x00000000032f3250 code [0x00000000032f3480, 0x00000000032f3b38]
Event: 2.641 Thread 0x00000000151eb000 1468       2       com.android.dx.cf.code.LocalVariableList$Item::matchesAllButType (53 bytes)
Event: 2.642 Thread 0x00000000151eb000 nmethod 1468 0x00000000032e4cd0 code [0x00000000032e4e40, 0x00000000032e5068]

GC Heap History (7 events):
Event: 1.429 GC heap before
{Heap before GC invocations=1 (full 0):
 PSYoungGen      total 18944K, used 16384K [0x00000000eab00000, 0x00000000ec000000, 0x0000000100000000)
  eden space 16384K, 100% used [0x00000000eab00000,0x00000000ebb00000,0x00000000ebb00000)
  from space 2560K, 0% used [0x00000000ebd80000,0x00000000ebd80000,0x00000000ec000000)
  to   space 2560K, 0% used [0x00000000ebb00000,0x00000000ebb00000,0x00000000ebd80000)
 ParOldGen       total 44032K, used 0K [0x00000000c0000000, 0x00000000c2b00000, 0x00000000eab00000)
  object space 44032K, 0% used [0x00000000c0000000,0x00000000c0000000,0x00000000c2b00000)
 Metaspace       used 5676K, capacity 6768K, committed 7040K, reserved 1056768K
  class space    used 569K, capacity 616K, committed 640K, reserved 1048576K
Event: 1.443 GC heap after
Heap after GC invocations=1 (full 0):
 PSYoungGen      total 18944K, used 2554K [0x00000000eab00000, 0x00000000ec000000, 0x0000000100000000)
  eden space 16384K, 0% used [0x00000000eab00000,0x00000000eab00000,0x00000000ebb00000)
  from space 2560K, 99% used [0x00000000ebb00000,0x00000000ebd7eab8,0x00000000ebd80000)
  to   space 2560K, 0% used [0x00000000ebd80000,0x00000000ebd80000,0x00000000ec000000)
 ParOldGen       total 44032K, used 2016K [0x00000000c0000000, 0x00000000c2b00000, 0x00000000eab00000)
  object space 44032K, 4% used [0x00000000c0000000,0x00000000c01f8300,0x00000000c2b00000)
 Metaspace       used 5676K, capacity 6768K, committed 7040K, reserved 1056768K
  class space    used 569K, capacity 616K, committed 640K, reserved 1048576K
}
Event: 1.897 GC heap before
{Heap before GC invocations=2 (full 0):
 PSYoungGen      total 18944K, used 18938K [0x00000000eab00000, 0x00000000ec000000, 0x0000000100000000)
  eden space 16384K, 100% used [0x00000000eab00000,0x00000000ebb00000,0x00000000ebb00000)
  from space 2560K, 99% used [0x00000000ebb00000,0x00000000ebd7eab8,0x00000000ebd80000)
  to   space 2560K, 0% used [0x00000000ebd80000,0x00000000ebd80000,0x00000000ec000000)
 ParOldGen       total 44032K, used 2016K [0x00000000c0000000, 0x00000000c2b00000, 0x00000000eab00000)
  object space 44032K, 4% used [0x00000000c0000000,0x00000000c01f8300,0x00000000c2b00000)
 Metaspace       used 5879K, capacity 6960K, committed 7040K, reserved 1056768K
  class space    used 571K, capacity 616K, committed 640K, reserved 1048576K
Event: 1.910 GC heap after
Heap after GC invocations=2 (full 0):
 PSYoungGen      total 18944K, used 2528K [0x00000000eab00000, 0x00000000ec000000, 0x0000000100000000)
  eden space 16384K, 0% used [0x00000000eab00000,0x00000000eab00000,0x00000000ebb00000)
  from space 2560K, 98% used [0x00000000ebd80000,0x00000000ebff8018,0x00000000ec000000)
  to   space 2560K, 0% used [0x00000000ebb00000,0x00000000ebb00000,0x00000000ebd80000)
 ParOldGen       total 44032K, used 4093K [0x00000000c0000000, 0x00000000c2b00000, 0x00000000eab00000)
  object space 44032K, 9% used [0x00000000c0000000,0x00000000c03ff528,0x00000000c2b00000)
 Metaspace       used 5879K, capacity 6960K, committed 7040K, reserved 1056768K
  class space    used 571K, capacity 616K, committed 640K, reserved 1048576K
}
Event: 2.349 GC heap before
{Heap before GC invocations=3 (full 0):
 PSYoungGen      total 18944K, used 18912K [0x00000000eab00000, 0x00000000ec000000, 0x0000000100000000)
  eden space 16384K, 100% used [0x00000000eab00000,0x00000000ebb00000,0x00000000ebb00000)
  from space 2560K, 98% used [0x00000000ebd80000,0x00000000ebff8018,0x00000000ec000000)
  to   space 2560K, 0% used [0x00000000ebb00000,0x00000000ebb00000,0x00000000ebd80000)
 ParOldGen       total 44032K, used 4093K [0x00000000c0000000, 0x00000000c2b00000, 0x00000000eab00000)
  object space 44032K, 9% used [0x00000000c0000000,0x00000000c03ff528,0x00000000c2b00000)
 Metaspace       used 5947K, capacity 6960K, committed 7040K, reserved 1056768K
  class space    used 573K, capacity 616K, committed 640K, reserved 1048576K
Event: 2.366 GC heap after
Heap after GC invocations=3 (full 0):
 PSYoungGen      total 18944K, used 2531K [0x00000000eab00000, 0x00000000ec000000, 0x0000000100000000)
  eden space 16384K, 0% used [0x00000000eab00000,0x00000000eab00000,0x00000000ebb00000)
  from space 2560K, 98% used [0x00000000ebb00000,0x00000000ebd78c00,0x00000000ebd80000)
  to   space 2560K, 0% used [0x00000000ebd80000,0x00000000ebd80000,0x00000000ec000000)
 ParOldGen       total 44032K, used 7818K [0x00000000c0000000, 0x00000000c2b00000, 0x00000000eab00000)
  object space 44032K, 17% used [0x00000000c0000000,0x00000000c07a2b48,0x00000000c2b00000)
 Metaspace       used 5947K, capacity 6960K, committed 7040K, reserved 1056768K
  class space    used 573K, capacity 616K, committed 640K, reserved 1048576K
}
Event: 2.647 GC heap before
{Heap before GC invocations=4 (full 0):
 PSYoungGen      total 18944K, used 18915K [0x00000000eab00000, 0x00000000ec000000, 0x0000000100000000)
  eden space 16384K, 100% used [0x00000000eab00000,0x00000000ebb00000,0x00000000ebb00000)
  from space 2560K, 98% used [0x00000000ebb00000,0x00000000ebd78c00,0x00000000ebd80000)
  to   space 2560K, 0% used [0x00000000ebd80000,0x00000000ebd80000,0x00000000ec000000)
 ParOldGen       total 44032K, used 7818K [0x00000000c0000000, 0x00000000c2b00000, 0x00000000eab00000)
  object space 44032K, 17% used [0x00000000c0000000,0x00000000c07a2b48,0x00000000c2b00000)
 Metaspace       used 6026K, capacity 7024K, committed 7296K, reserved 1056768K
  class space    used 573K, capacity 616K, committed 640K, reserved 1048576K

Deoptimization events (10 events):
Event: 1.929 Thread 0x000000001681e800 Uncommon trap: reason=unstable_if action=reinterpret pc=0x00000000031e411c method=com.android.dx.rop.cst.Constant.compareTo(Lcom/android/dx/rop/cst/Constant;)I @ 12
Event: 1.937 Thread 0x0000000016826000 Uncommon trap: reason=unstable_if action=reinterpret pc=0x00000000030d434c method=com.android.dx.rop.code.RegisterSpecSet.put(Lcom/android/dx/rop/code/RegisterSpec;)V @ 77
Event: 1.937 Thread 0x0000000016826000 Uncommon trap: reason=unstable_if action=reinterpret pc=0x00000000030eb354 method=com.android.dx.rop.code.RegisterSpecSet.put(Lcom/android/dx/rop/code/RegisterSpec;)V @ 77
Event: 2.055 Thread 0x000000000147d800 Uncommon trap: reason=unstable_if action=reinterpret pc=0x00000000030aff0c method=java.lang.String.<init>([CII)V @ 18
Event: 2.395 Thread 0x0000000016826000 Uncommon trap: reason=bimorphic action=maybe_recompile pc=0x00000000030201a0 method=java.util.HashMap.getNode(ILjava/lang/Object;)Ljava/util/HashMap$Node; @ 126
Event: 2.395 Thread 0x0000000016826000 Uncommon trap: reason=class_check action=maybe_recompile pc=0x000000000321b398 method=java.util.HashMap.putVal(ILjava/lang/Object;Ljava/lang/Object;ZZ)Ljava/lang/Object; @ 203
Event: 2.503 Thread 0x000000001681a800 Uncommon trap: reason=unstable_if action=reinterpret pc=0x00000000030f1e7c method=com.android.dx.rop.code.RegisterSpec.equals(ILcom/android/dx/rop/type/TypeBearer;Lcom/android/dx/rop/code/LocalItem;)Z @ 42
Event: 2.503 Thread 0x000000001681a800 Uncommon trap: reason=unstable_if action=reinterpret pc=0x00000000030de504 method=com.android.dx.rop.code.RegisterSpec.equals(ILcom/android/dx/rop/type/TypeBearer;Lcom/android/dx/rop/code/LocalItem;)Z @ 42
Event: 2.572 Thread 0x0000000016821000 Uncommon trap: reason=bimorphic action=maybe_recompile pc=0x00000000030201a0 method=java.util.HashMap.getNode(ILjava/lang/Object;)Ljava/util/HashMap$Node; @ 126
Event: 2.572 Thread 0x0000000016821000 Uncommon trap: reason=class_check action=maybe_recompile pc=0x000000000321b398 method=java.util.HashMap.putVal(ILjava/lang/Object;Ljava/lang/Object;ZZ)Ljava/lang/Object; @ 203

Classes redefined (0 events):
No events

Internal exceptions (2 events):
Event: 0.162 Thread 0x000000000147d800 Exception <a 'java/lang/NoSuchMethodError': Method sun.misc.Unsafe.defineClass(Ljava/lang/String;[BII)Ljava/lang/Class; name or signature does not match> (0x00000000eab07ca8) thrown at [D:\src\AOSP-openjdk-cygwin\jdk8u\hotspot\src\share\vm\prims\jni.cpp, 
Event: 0.162 Thread 0x000000000147d800 Exception <a 'java/lang/NoSuchMethodError': Method sun.misc.Unsafe.prefetchRead(Ljava/lang/Object;J)V name or signature does not match> (0x00000000eab07f90) thrown at [D:\src\AOSP-openjdk-cygwin\jdk8u\hotspot\src\share\vm\prims\jni.cpp, line 4011]

Events (10 events):
Event: 2.572 Thread 0x0000000016821000 DEOPT PACKING pc=0x00000000030201a0 sp=0x0000000016e0eb60
Event: 2.572 Thread 0x0000000016821000 DEOPT UNPACKING pc=0x0000000002da557b sp=0x0000000016e0ead0 mode 2
Event: 2.572 Thread 0x0000000016821000 Uncommon trap: trap_request=0xffffffde fr.pc=0x000000000321b398
Event: 2.572 Thread 0x0000000016821000 DEOPT PACKING pc=0x000000000321b398 sp=0x0000000016e0eb30
Event: 2.572 Thread 0x0000000016821000 DEOPT UNPACKING pc=0x0000000002da557b sp=0x0000000016e0eaa8 mode 2
Event: 2.620 Thread 0x000000001681e800 DEOPT PACKING pc=0x000000000302af78 sp=0x0000000016d0e630
Event: 2.620 Thread 0x000000001681e800 DEOPT UNPACKING pc=0x0000000002da71d0 sp=0x0000000016d0e410 mode 0
Event: 2.643 Thread 0x000000001681e800 DEOPT PACKING pc=0x000000000302af78 sp=0x0000000016d0e750
Event: 2.643 Thread 0x000000001681e800 DEOPT UNPACKING pc=0x0000000002da71d0 sp=0x0000000016d0e530 mode 0
Event: 2.646 Executing VM operation: ParallelGCFailedAllocation


Dynamic libraries:
0x00007ff7faad0000 - 0x00007ff7fab01000 	D:\Android\Android Studio\jre\bin\java.exe
0x00007ffba6970000 - 0x00007ffba6b51000 	C:\Windows\SYSTEM32\ntdll.dll
0x00007ffba3e30000 - 0x00007ffba3ee2000 	C:\Windows\System32\KERNEL32.DLL
0x00007ffba2e90000 - 0x00007ffba3103000 	C:\Windows\System32\KERNELBASE.dll
0x00007ffba4f00000 - 0x00007ffba4fa1000 	C:\Windows\System32\ADVAPI32.dll
0x00007ffba4c60000 - 0x00007ffba4cfe000 	C:\Windows\System32\msvcrt.dll
0x00007ffba4df0000 - 0x00007ffba4e4b000 	C:\Windows\System32\sechost.dll
0x00007ffba44e0000 - 0x00007ffba4604000 	C:\Windows\System32\RPCRT4.dll
0x00007ffba4350000 - 0x00007ffba44e0000 	C:\Windows\System32\USER32.dll
0x00007ffba3d60000 - 0x00007ffba3d80000 	C:\Windows\System32\win32u.dll
0x00007ffba3e00000 - 0x00007ffba3e28000 	C:\Windows\System32\GDI32.dll
0x00007ffba3b20000 - 0x00007ffba3cb2000 	C:\Windows\System32\gdi32full.dll
0x00007ffba3cc0000 - 0x00007ffba3d5f000 	C:\Windows\System32\msvcp_win.dll
0x00007ffba2d40000 - 0x00007ffba2e3a000 	C:\Windows\System32\ucrtbase.dll
0x00007ffb926d0000 - 0x00007ffb92939000 	C:\Windows\WinSxS\amd64_microsoft.windows.common-controls_6595b64144ccf1df_6.0.17134.345_none_fb429a5930656358\COMCTL32.dll
0x00007ffba4930000 - 0x00007ffba4c53000 	C:\Windows\System32\combase.dll
0x00007ffba3d80000 - 0x00007ffba3dfa000 	C:\Windows\System32\bcryptPrimitives.dll
0x00007ffba4860000 - 0x00007ffba488d000 	C:\Windows\System32\IMM32.DLL
0x0000000077d80000 - 0x0000000077e52000 	D:\Android\Android Studio\jre\jre\bin\msvcr100.dll
0x0000000075410000 - 0x0000000075c4f000 	D:\Android\Android Studio\jre\jre\bin\server\jvm.dll
0x00007ffba3ef0000 - 0x00007ffba3ef8000 	C:\Windows\System32\PSAPI.DLL
0x00007ffba0080000 - 0x00007ffba0089000 	C:\Windows\SYSTEM32\WSOCK32.dll
0x00007ffba47f0000 - 0x00007ffba485c000 	C:\Windows\System32\WS2_32.dll
0x00007ffba0df0000 - 0x00007ffba0e13000 	C:\Windows\SYSTEM32\WINMM.dll
0x00007ffb9eca0000 - 0x00007ffb9ecaa000 	C:\Windows\SYSTEM32\VERSION.dll
0x00007ffba0dc0000 - 0x00007ffba0dea000 	C:\Windows\SYSTEM32\WINMMBASE.dll
0x00007ffba2e40000 - 0x00007ffba2e89000 	C:\Windows\System32\cfgmgr32.dll
0x00007ffb9f710000 - 0x00007ffb9f71f000 	D:\Android\Android Studio\jre\jre\bin\verify.dll
0x00007ffb9db40000 - 0x00007ffb9db69000 	D:\Android\Android Studio\jre\jre\bin\java.dll
0x00007ffb9e180000 - 0x00007ffb9e196000 	D:\Android\Android Studio\jre\jre\bin\zip.dll
0x00007ffba5480000 - 0x00007ffba68bf000 	C:\Windows\System32\SHELL32.dll
0x00007ffba4e50000 - 0x00007ffba4ef9000 	C:\Windows\System32\shcore.dll
0x00007ffba3410000 - 0x00007ffba3b1d000 	C:\Windows\System32\windows.storage.dll
0x00007ffba4610000 - 0x00007ffba4661000 	C:\Windows\System32\shlwapi.dll
0x00007ffba2ca0000 - 0x00007ffba2cb1000 	C:\Windows\System32\kernel.appcore.dll
0x00007ffba2c80000 - 0x00007ffba2c9f000 	C:\Windows\System32\profapi.dll
0x00007ffba2cd0000 - 0x00007ffba2d1c000 	C:\Windows\System32\powrprof.dll
0x00007ffba2cc0000 - 0x00007ffba2cca000 	C:\Windows\System32\FLTLIB.DLL

VM Arguments:
jvm_args: -Djava.awt.headless=true -Xmx1024M -Dfile.encoding=windows-1252 -Duser.country=US -Duser.language=en -Duser.variant 
java_command: com.android.dx.command.Main --dex --num-threads=4 --output C:\Android-Face-Recognition-with-Deep-Learning-Test-Framework-master\app\build\intermediates\pre-dexed\debug\ch.zhaw-opencv-3.2.0_b2369a80d9850837a517243e81a5bfed2ff61347.jar C:\Android-Face-Recognition-with-Deep-Learning-Test-Framework-master\app\build\intermediates\exploded-aar\ch.zhaw\opencv\3.2.0\jars\classes.jar
java_class_path (initial): C:\Users\Ajwl\AppData\Local\Android\Sdk\build-tools\23.0.1\lib\dx.jar
Launcher Type: SUN_STANDARD

Environment Variables:
JAVA_HOME=C:\Program Files\Java\jdk1.8.0_181
CLASSPATH=C:\Program Files\Java\jre1.8.0_181\lib
PATH=C:\Program Files (x86)\Common Files\Oracle\Java\javapath;"%JAVA_HOME%;%JAVA_HOME%\bin;";C:\Windows\system32;C:\Windows;C:\Windows\System32\Wbem;C:\Windows\System32\WindowsPowerShell\v1.0\;C:\Windows\System32\OpenSSH\;D:\Go\bin;D:\Microsoft VS Code\bin;C:\Program Files\Git\cmd;D:\nodejs\;C:\Program Files\Java\jdk1.8.0_181\bin;C:\Program Files\Java\jre1.8.0_181\bin;C:\bazel;C:\msys64\usr\bin;D:\PyCharm Community Edition 2018.2.4\Scripts\;D:\PyCharm Community Edition 2018.2.4\;C:\Users\Ajwl\AppData\Local\Microsoft\WindowsApps;%GOPATH%\bin;C:\Users\Ajwl\AppData\Roaming\npm
USERNAME=Ajwl
OS=Windows_NT
PROCESSOR_IDENTIFIER=AMD64 Family 21 Model 112 Stepping 0, AuthenticAMD



---------------  S Y S T E M  ---------------

OS: Windows 10.0 , 64 bit Build 17134 (10.0.17134.1)

CPU:total 2 (initial active 2) (2 cores per cpu, 1 threads per core) family 21 model 112 stepping 0, cmov, cx8, fxsr, mmx, sse, sse2, sse3, ssse3, sse4.1, sse4.2, popcnt, avx, avx2, aes, clmul, mmxext, 3dnowpref, lzcnt, sse4a, tsc, tscinvbit, tscinv, bmi1

Memory: 4k page, physical 4068724k(414932k free), swap 5117300k(4284k free)

vm_info: OpenJDK 64-Bit Server VM (25.152-b02) for windows-amd64 JRE (1.8.0_152-release-1024-b02), built by "builder" with MS VC++ 10.0 (VS2010)

time: Sat Oct 27 23:44:14 2018
elapsed time: 2 seconds (0d 0h 0m 2s)

