#
# There is insufficient memory for the Java Runtime Environment to continue.
# Native memory allocation (malloc) failed to allocate 864096 bytes for Chunk::new
# Possible reasons:
#   The system is out of physical RAM or swap space
#   In 32 bit mode, the process size limit was hit
# Possible solutions:
#   Reduce memory load on the system
#   Increase physical memory or swap space
#   Check if swap backing store is full
#   Use 64 bit Java on a 64 bit OS
#   Decrease Java heap size (-Xmx/-Xms)
#   Decrease number of Java threads
#   Decrease Java thread stack sizes (-Xss)
#   Set larger code cache with -XX:ReservedCodeCacheSize=
# This output file may be truncated or incomplete.
#
#  Out of Memory Error (allocation.cpp:390), pid=1028, tid=0x00000000000017b0
#
# JRE version: OpenJDK Runtime Environment (8.0_152-b02) (build 1.8.0_152-release-1024-b02)
# Java VM: OpenJDK 64-Bit Server VM (25.152-b02 mixed mode windows-amd64 compressed oops)
# Failed to write core dump. Minidumps are not enabled by default on client versions of Windows
#

---------------  T H R E A D  ---------------

Current thread (0x0000000014d28000):  JavaThread "C2 CompilerThread0" daemon [_thread_in_native, id=6064, stack(0x0000000015d60000,0x0000000015e60000)]

Stack: [0x0000000015d60000,0x0000000015e60000]
[error occurred during error reporting (printing stack bounds), id 0xc0000005]

Native frames: (J=compiled Java code, j=interpreted, Vv=VM code, C=native code)


Current CompileTask:
C2:  15235 2013   !   4       com.android.dx.cf.code.BytecodeArray::parseInstruction (2764 bytes)


---------------  P R O C E S S  ---------------

Java Threads: ( => current thread )
  0x000000001638f800 JavaThread "pool-1-thread-4" [_thread_blocked, id=5700, stack(0x0000000016960000,0x0000000016a60000)]
  0x0000000016388000 JavaThread "pool-1-thread-3" [_thread_in_Java, id=4116, stack(0x0000000016860000,0x0000000016960000)]
  0x0000000016387800 JavaThread "pool-1-thread-2" [_thread_in_Java, id=164, stack(0x0000000016760000,0x0000000016860000)]
  0x0000000016386800 JavaThread "pool-2-thread-1" [_thread_blocked, id=9860, stack(0x0000000016660000,0x0000000016760000)]
  0x0000000016384000 JavaThread "pool-1-thread-1" [_thread_in_vm, id=1916, stack(0x0000000016560000,0x0000000016660000)]
  0x0000000014d97000 JavaThread "Service Thread" daemon [_thread_blocked, id=8820, stack(0x0000000015f60000,0x0000000016060000)]
  0x0000000014d77800 JavaThread "C1 CompilerThread1" daemon [_thread_blocked, id=7376, stack(0x0000000015e60000,0x0000000015f60000)]
=>0x0000000014d28000 JavaThread "C2 CompilerThread0" daemon [_thread_in_native, id=6064, stack(0x0000000015d60000,0x0000000015e60000)]
  0x0000000014d26800 JavaThread "Attach Listener" daemon [_thread_blocked, id=6336, stack(0x0000000015c60000,0x0000000015d60000)]
  0x0000000014d23800 JavaThread "Signal Dispatcher" daemon [_thread_blocked, id=1140, stack(0x0000000015b60000,0x0000000015c60000)]
  0x0000000014d16800 JavaThread "Finalizer" daemon [_thread_blocked, id=1192, stack(0x0000000015970000,0x0000000015a70000)]
  0x000000000288f000 JavaThread "Reference Handler" daemon [_thread_blocked, id=5812, stack(0x0000000015870000,0x0000000015970000)]
  0x0000000000aad800 JavaThread "main" [_thread_blocked, id=848, stack(0x00000000026a0000,0x00000000027a0000)]

Other Threads:
  0x0000000014cf5000 VMThread [stack: 0x0000000015770000,0x0000000015870000] [id=8588]
  0x0000000014d99000 WatcherThread [stack: 0x0000000016060000,0x0000000016160000] [id=10028]

VM state:not at safepoint (normal execution)

VM Mutex/Monitor currently owned by a thread: None

Heap:
 PSYoungGen      total 143872K, used 64664K [0x00000000eab00000, 0x00000000f4d00000, 0x0000000100000000)
  eden space 125952K, 42% used [0x00000000eab00000,0x00000000edfb0f30,0x00000000f2600000)
  from space 17920K, 59% used [0x00000000f2600000,0x00000000f3075358,0x00000000f3780000)
  to   space 13824K, 0% used [0x00000000f3780000,0x00000000f3780000,0x00000000f4500000)
 ParOldGen       total 82432K, used 43962K [0x00000000c0000000, 0x00000000c5080000, 0x00000000eab00000)
  object space 82432K, 53% used [0x00000000c0000000,0x00000000c2aee968,0x00000000c5080000)
 Metaspace       used 6554K, capacity 7256K, committed 7424K, reserved 1056768K
  class space    used 610K, capacity 656K, committed 768K, reserved 1048576K

Card table byte_map: [0x0000000011c60000,0x0000000011e70000] byte_map_base: 0x0000000011660000

Marking Bits: (ParMarkBitMap*) 0x000000006b784970
 Begin Bits: [0x00000000121d0000, 0x00000000131d0000)
 End Bits:   [0x00000000131d0000, 0x00000000141d0000)

Polling page: 0x0000000000a60000

CodeCache: size=245760Kb used=8922Kb max_used=8922Kb free=236837Kb
 bounds [0x00000000028a0000, 0x0000000003160000, 0x00000000118a0000]
 total_blobs=2219 nmethods=1951 adapters=182
 compilation: enabled

Compilation events (10 events):
Event: 14.893 Thread 0x0000000014d28000 nmethod 1938 0x000000000314cf10 code [0x000000000314d180, 0x000000000314f068]
Event: 14.893 Thread 0x0000000014d28000 2013   !   4       com.android.dx.cf.code.BytecodeArray::parseInstruction (2764 bytes)
Event: 14.928 Thread 0x0000000014d77800 2018       1       com.android.dx.cf.code.SwitchList::size (5 bytes)
Event: 14.928 Thread 0x0000000014d77800 nmethod 2018 0x0000000003120e90 code [0x0000000003120fe0, 0x00000000031210f0]
Event: 14.929 Thread 0x0000000014d77800 2019   !   2       java.util.concurrent.locks.AbstractQueuedSynchronizer::doAcquireInterruptibly (97 bytes)
Event: 14.930 Thread 0x0000000014d77800 nmethod 2019 0x0000000003120150 code [0x0000000003120340, 0x0000000003120918]
Event: 14.934 Thread 0x0000000014d77800 2020   !   2       com.android.dx.cf.direct.DirectClassFile$DcfTypeList::<init> (137 bytes)
Event: 14.936 Thread 0x0000000014d77800 nmethod 2020 0x000000000311db10 code [0x000000000311dde0, 0x000000000311ec18]
Event: 14.949 Thread 0x0000000014d77800 2021       2       com.android.dx.cf.code.SwitchList::getTarget (9 bytes)
Event: 14.949 Thread 0x0000000014d77800 nmethod 2021 0x000000000311d750 code [0x000000000311d8c0, 0x000000000311da28]

GC Heap History (10 events):
Event: 5.129 GC heap before
{Heap before GC invocations=6 (full 0):
 PSYoungGen      total 35328K, used 35310K [0x00000000eab00000, 0x00000000efb00000, 0x0000000100000000)
  eden space 32768K, 100% used [0x00000000eab00000,0x00000000ecb00000,0x00000000ecb00000)
  from space 2560K, 99% used [0x00000000ecb00000,0x00000000ecd7b920,0x00000000ecd80000)
  to   space 8192K, 0% used [0x00000000ef300000,0x00000000ef300000,0x00000000efb00000)
 ParOldGen       total 44032K, used 15009K [0x00000000c0000000, 0x00000000c2b00000, 0x00000000eab00000)
  object space 44032K, 34% used [0x00000000c0000000,0x00000000c0ea87f8,0x00000000c2b00000)
 Metaspace       used 6317K, capacity 7152K, committed 7296K, reserved 1056768K
  class space    used 590K, capacity 616K, committed 640K, reserved 1048576K
Event: 5.155 GC heap after
Heap after GC invocations=6 (full 0):
 PSYoungGen      total 73216K, used 7672K [0x00000000eab00000, 0x00000000efc00000, 0x0000000100000000)
  eden space 65024K, 0% used [0x00000000eab00000,0x00000000eab00000,0x00000000eea80000)
  from space 8192K, 93% used [0x00000000ef300000,0x00000000efa7e2b0,0x00000000efb00000)
  to   space 8704K, 0% used [0x00000000eea80000,0x00000000eea80000,0x00000000ef300000)
 ParOldGen       total 44032K, used 15009K [0x00000000c0000000, 0x00000000c2b00000, 0x00000000eab00000)
  object space 44032K, 34% used [0x00000000c0000000,0x00000000c0ea87f8,0x00000000c2b00000)
 Metaspace       used 6317K, capacity 7152K, committed 7296K, reserved 1056768K
  class space    used 590K, capacity 616K, committed 640K, reserved 1048576K
}
Event: 6.192 GC heap before
{Heap before GC invocations=7 (full 0):
 PSYoungGen      total 73216K, used 72696K [0x00000000eab00000, 0x00000000efc00000, 0x0000000100000000)
  eden space 65024K, 100% used [0x00000000eab00000,0x00000000eea80000,0x00000000eea80000)
  from space 8192K, 93% used [0x00000000ef300000,0x00000000efa7e2b0,0x00000000efb00000)
  to   space 8704K, 0% used [0x00000000eea80000,0x00000000eea80000,0x00000000ef300000)
 ParOldGen       total 44032K, used 15009K [0x00000000c0000000, 0x00000000c2b00000, 0x00000000eab00000)
  object space 44032K, 34% used [0x00000000c0000000,0x00000000c0ea87f8,0x00000000c2b00000)
 Metaspace       used 6411K, capacity 7152K, committed 7296K, reserved 1056768K
  class space    used 591K, capacity 616K, committed 640K, reserved 1048576K
Event: 6.285 GC heap after
Heap after GC invocations=7 (full 0):
 PSYoungGen      total 73728K, used 8696K [0x00000000eab00000, 0x00000000f4500000, 0x0000000100000000)
  eden space 65024K, 0% used [0x00000000eab00000,0x00000000eab00000,0x00000000eea80000)
  from space 8704K, 99% used [0x00000000eea80000,0x00000000ef2fe0f8,0x00000000ef300000)
  to   space 13824K, 0% used [0x00000000f3780000,0x00000000f3780000,0x00000000f4500000)
 ParOldGen       total 44032K, used 22640K [0x00000000c0000000, 0x00000000c2b00000, 0x00000000eab00000)
  object space 44032K, 51% used [0x00000000c0000000,0x00000000c161c058,0x00000000c2b00000)
 Metaspace       used 6411K, capacity 7152K, committed 7296K, reserved 1056768K
  class space    used 591K, capacity 616K, committed 640K, reserved 1048576K
}
Event: 9.404 GC heap before
{Heap before GC invocations=8 (full 0):
 PSYoungGen      total 73728K, used 73720K [0x00000000eab00000, 0x00000000f4500000, 0x0000000100000000)
  eden space 65024K, 100% used [0x00000000eab00000,0x00000000eea80000,0x00000000eea80000)
  from space 8704K, 99% used [0x00000000eea80000,0x00000000ef2fe0f8,0x00000000ef300000)
  to   space 13824K, 0% used [0x00000000f3780000,0x00000000f3780000,0x00000000f4500000)
 ParOldGen       total 44032K, used 22640K [0x00000000c0000000, 0x00000000c2b00000, 0x00000000eab00000)
  object space 44032K, 51% used [0x00000000c0000000,0x00000000c161c058,0x00000000c2b00000)
 Metaspace       used 6522K, capacity 7256K, committed 7424K, reserved 1056768K
  class space    used 610K, capacity 656K, committed 768K, reserved 1048576K
Event: 9.634 GC heap after
Heap after GC invocations=8 (full 0):
 PSYoungGen      total 139776K, used 13797K [0x00000000eab00000, 0x00000000f4d00000, 0x0000000100000000)
  eden space 125952K, 0% used [0x00000000eab00000,0x00000000eab00000,0x00000000f2600000)
  from space 13824K, 99% used [0x00000000f3780000,0x00000000f44f9788,0x00000000f4500000)
  to   space 17920K, 0% used [0x00000000f2600000,0x00000000f2600000,0x00000000f3780000)
 ParOldGen       total 44032K, used 28052K [0x00000000c0000000, 0x00000000c2b00000, 0x00000000eab00000)
  object space 44032K, 63% used [0x00000000c0000000,0x00000000c1b65128,0x00000000c2b00000)
 Metaspace       used 6522K, capacity 7256K, committed 7424K, reserved 1056768K
  class space    used 610K, capacity 656K, committed 768K, reserved 1048576K
}
Event: 13.167 GC heap before
{Heap before GC invocations=9 (full 0):
 PSYoungGen      total 139776K, used 139749K [0x00000000eab00000, 0x00000000f4d00000, 0x0000000100000000)
  eden space 125952K, 100% used [0x00000000eab00000,0x00000000f2600000,0x00000000f2600000)
  from space 13824K, 99% used [0x00000000f3780000,0x00000000f44f9788,0x00000000f4500000)
  to   space 17920K, 0% used [0x00000000f2600000,0x00000000f2600000,0x00000000f3780000)
 ParOldGen       total 44032K, used 28052K [0x00000000c0000000, 0x00000000c2b00000, 0x00000000eab00000)
  object space 44032K, 63% used [0x00000000c0000000,0x00000000c1b65128,0x00000000c2b00000)
 Metaspace       used 6550K, capacity 7256K, committed 7424K, reserved 1056768K
  class space    used 610K, capacity 656K, committed 768K, reserved 1048576K
Event: 13.403 GC heap after
Heap after GC invocations=9 (full 0):
 PSYoungGen      total 143872K, used 17908K [0x00000000eab00000, 0x00000000f4d00000, 0x0000000100000000)
  eden space 125952K, 0% used [0x00000000eab00000,0x00000000eab00000,0x00000000f2600000)
  from space 17920K, 99% used [0x00000000f2600000,0x00000000f377d260,0x00000000f3780000)
  to   space 13824K, 0% used [0x00000000f3780000,0x00000000f3780000,0x00000000f4500000)
 ParOldGen       total 44032K, used 41499K [0x00000000c0000000, 0x00000000c2b00000, 0x00000000eab00000)
  object space 44032K, 94% used [0x00000000c0000000,0x00000000c2886cc0,0x00000000c2b00000)
 Metaspace       used 6550K, capacity 7256K, committed 7424K, reserved 1056768K
  class space    used 610K, capacity 656K, committed 768K, reserved 1048576K
}
Event: 13.403 GC heap before
{Heap before GC invocations=10 (full 1):
 PSYoungGen      total 143872K, used 17908K [0x00000000eab00000, 0x00000000f4d00000, 0x0000000100000000)
  eden space 125952K, 0% used [0x00000000eab00000,0x00000000eab00000,0x00000000f2600000)
  from space 17920K, 99% used [0x00000000f2600000,0x00000000f377d260,0x00000000f3780000)
  to   space 13824K, 0% used [0x00000000f3780000,0x00000000f3780000,0x00000000f4500000)
 ParOldGen       total 44032K, used 41499K [0x00000000c0000000, 0x00000000c2b00000, 0x00000000eab00000)
  object space 44032K, 94% used [0x00000000c0000000,0x00000000c2886cc0,0x00000000c2b00000)
 Metaspace       used 6550K, capacity 7256K, committed 7424K, reserved 1056768K
  class space    used 610K, capacity 656K, committed 768K, reserved 1048576K
Event: 14.772 GC heap after
Heap after GC invocations=10 (full 1):
 PSYoungGen      total 143872K, used 10708K [0x00000000eab00000, 0x00000000f4d00000, 0x0000000100000000)
  eden space 125952K, 0% used [0x00000000eab00000,0x00000000eab00000,0x00000000f2600000)
  from space 17920K, 59% used [0x00000000f2600000,0x00000000f3075358,0x00000000f3780000)
  to   space 13824K, 0% used [0x00000000f3780000,0x00000000f3780000,0x00000000f4500000)
 ParOldGen       total 82432K, used 43962K [0x00000000c0000000, 0x00000000c5080000, 0x00000000eab00000)
  object space 82432K, 53% used [0x00000000c0000000,0x00000000c2aee968,0x00000000c5080000)
 Metaspace       used 6550K, capacity 7256K, committed 7424K, reserved 1056768K
  class space    used 610K, capacity 656K, committed 768K, reserved 1048576K
}

Deoptimization events (10 events):
Event: 9.033 Thread 0x0000000016388000 Uncommon trap: reason=bimorphic action=maybe_recompile pc=0x000000000301e0b8 method=com.android.dx.cf.code.BytecodeArray.parseInstruction(ILcom/android/dx/cf/code/BytecodeArray$Visitor;)I @ 2484
Event: 12.335 Thread 0x0000000016388000 Uncommon trap: reason=unstable_if action=reinterpret pc=0x00000000030ac06c method=com.android.dx.ssa.InterferenceRegisterMapper.interferes(III)Z @ 69
Event: 12.488 Thread 0x0000000000aad800 Uncommon trap: reason=unstable_if action=reinterpret pc=0x00000000030c5360 method=com.android.dx.ssa.SCCP.simulateBranch(Lcom/android/dx/ssa/SsaInsn;)V @ 548
Event: 12.501 Thread 0x000000001638f800 Uncommon trap: reason=bimorphic action=maybe_recompile pc=0x000000000307f82c method=com.android.dx.cf.code.BytecodeArray.parseInstruction(ILcom/android/dx/cf/code/BytecodeArray$Visitor;)I @ 1501
Event: 12.502 Thread 0x000000001638f800 Uncommon trap: reason=bimorphic action=maybe_recompile pc=0x000000000307f82c method=com.android.dx.cf.code.BytecodeArray.parseInstruction(ILcom/android/dx/cf/code/BytecodeArray$Visitor;)I @ 1501
Event: 13.099 Thread 0x000000001638f800 Uncommon trap: reason=bimorphic action=maybe_recompile pc=0x0000000002eb41fc method=com.android.dx.ssa.LiteralOpUpgrader.tryReplacingWithConstant(Lcom/android/dx/ssa/NormalSsaInsn;)Z @ 62
Event: 13.103 Thread 0x000000001638f800 Uncommon trap: reason=bimorphic action=maybe_recompile pc=0x0000000002eb41fc method=com.android.dx.ssa.LiteralOpUpgrader.tryReplacingWithConstant(Lcom/android/dx/ssa/NormalSsaInsn;)Z @ 62
Event: 13.125 Thread 0x0000000016384000 Uncommon trap: reason=unstable_if action=reinterpret pc=0x0000000002e97c54 method=com.android.dx.ssa.MoveParamCombiner$1.visitNonMoveInsn(Lcom/android/dx/ssa/NormalSsaInsn;)V @ 27
Event: 13.146 Thread 0x0000000016388000 Uncommon trap: reason=bimorphic action=maybe_recompile pc=0x0000000003129424 method=com.android.dx.cf.code.BytecodeArray.parseInstruction(ILcom/android/dx/cf/code/BytecodeArray$Visitor;)I @ 1357
Event: 13.154 Thread 0x0000000016388000 Uncommon trap: reason=bimorphic action=maybe_recompile pc=0x0000000003129424 method=com.android.dx.cf.code.BytecodeArray.parseInstruction(ILcom/android/dx/cf/code/BytecodeArray$Visitor;)I @ 1357

Classes redefined (0 events):
No events

Internal exceptions (6 events):
Event: 0.049 Thread 0x0000000000aad800 Exception <a 'java/lang/NoSuchMethodError': Method sun.misc.Unsafe.defineClass(Ljava/lang/String;[BII)Ljava/lang/Class; name or signature does not match> (0x00000000eab07ca8) thrown at [D:\src\AOSP-openjdk-cygwin\jdk8u\hotspot\src\share\vm\prims\jni.cpp, 
Event: 0.050 Thread 0x0000000000aad800 Exception <a 'java/lang/NoSuchMethodError': Method sun.misc.Unsafe.prefetchRead(Ljava/lang/Object;J)V name or signature does not match> (0x00000000eab07f90) thrown at [D:\src\AOSP-openjdk-cygwin\jdk8u\hotspot\src\share\vm\prims\jni.cpp, line 4011]
Event: 3.150 Thread 0x0000000016384000 Implicit null exception at 0x0000000002d1942e to 0x0000000002d1a9f5
Event: 6.678 Thread 0x000000001638f800 Exception <a 'java/lang/ArrayIndexOutOfBoundsException': 18> (0x00000000ec3d4850) thrown at [D:\src\AOSP-openjdk-cygwin\jdk8u\hotspot\src\share\vm\interpreter\interpreterRuntime.cpp, line 366]
Event: 6.679 Thread 0x000000001638f800 Exception <a 'java/lang/ArrayIndexOutOfBoundsException'> (0x00000000ec3d63d0) thrown at [D:\src\AOSP-openjdk-cygwin\jdk8u\hotspot\src\share\vm\runtime\sharedRuntime.cpp, line 605]
Event: 6.680 Thread 0x000000001638f800 Exception <a 'java/lang/ArrayIndexOutOfBoundsException'> (0x00000000ec3d76b8) thrown at [D:\src\AOSP-openjdk-cygwin\jdk8u\hotspot\src\share\vm\runtime\sharedRuntime.cpp, line 605]

Events (10 events):
Event: 13.146 Thread 0x0000000016388000 Uncommon trap: trap_request=0xffffffc6 fr.pc=0x0000000003129424
Event: 13.146 Thread 0x0000000016388000 DEOPT PACKING pc=0x0000000003129424 sp=0x000000001695e350
Event: 13.146 Thread 0x0000000016388000 DEOPT UNPACKING pc=0x00000000028e557b sp=0x000000001695e310 mode 2
Event: 13.154 Thread 0x0000000016388000 Uncommon trap: trap_request=0xffffffc6 fr.pc=0x0000000003129424
Event: 13.154 Thread 0x0000000016388000 DEOPT PACKING pc=0x0000000003129424 sp=0x000000001695e500
Event: 13.154 Thread 0x0000000016388000 DEOPT UNPACKING pc=0x00000000028e557b sp=0x000000001695e4c0 mode 2
Event: 13.167 Executing VM operation: ParallelGCFailedAllocation
Event: 14.772 Executing VM operation: ParallelGCFailedAllocation done
Event: 14.868 Thread 0x0000000016388000 DEOPT PACKING pc=0x0000000002cff501 sp=0x000000001695e800
Event: 14.868 Thread 0x0000000016388000 DEOPT UNPACKING pc=0x00000000028e71d0 sp=0x000000001695e590 mode 0


Dynamic libraries:
0x00007ff67d580000 - 0x00007ff67d5b1000 	D:\Android\Android Studio\jre\bin\java.exe
0x00007fffadf00000 - 0x00007fffae0e1000 	C:\Windows\SYSTEM32\ntdll.dll
0x00007fffad0d0000 - 0x00007fffad182000 	C:\Windows\System32\KERNEL32.DLL
0x00007fffab110000 - 0x00007fffab383000 	C:\Windows\System32\KERNELBASE.dll
0x00007fffad840000 - 0x00007fffad8e1000 	C:\Windows\System32\ADVAPI32.dll
0x00007ffface30000 - 0x00007fffacece000 	C:\Windows\System32\msvcrt.dll
0x00007fffad190000 - 0x00007fffad1eb000 	C:\Windows\System32\sechost.dll
0x00007fffacfa0000 - 0x00007fffad0c4000 	C:\Windows\System32\RPCRT4.dll
0x00007fffab860000 - 0x00007fffab9f0000 	C:\Windows\System32\USER32.dll
0x00007fffaaf00000 - 0x00007fffaaf20000 	C:\Windows\System32\win32u.dll
0x00007fffaced0000 - 0x00007fffacef8000 	C:\Windows\System32\GDI32.dll
0x00007fffaabc0000 - 0x00007fffaad52000 	C:\Windows\System32\gdi32full.dll
0x00007fffaae60000 - 0x00007fffaaeff000 	C:\Windows\System32\msvcp_win.dll
0x00007fffaad60000 - 0x00007fffaae5a000 	C:\Windows\System32\ucrtbase.dll
0x00007fff99740000 - 0x00007fff999a9000 	C:\Windows\WinSxS\amd64_microsoft.windows.common-controls_6595b64144ccf1df_6.0.17134.345_none_fb429a5930656358\COMCTL32.dll
0x00007fffada50000 - 0x00007fffadd73000 	C:\Windows\System32\combase.dll
0x00007fffaaae0000 - 0x00007fffaab5a000 	C:\Windows\System32\bcryptPrimitives.dll
0x00007fffad200000 - 0x00007fffad22d000 	C:\Windows\System32\IMM32.DLL
0x000000006ae00000 - 0x000000006aed2000 	D:\Android\Android Studio\jre\jre\bin\msvcr100.dll
0x000000006afc0000 - 0x000000006b7ff000 	D:\Android\Android Studio\jre\jre\bin\server\jvm.dll
0x00007fffade00000 - 0x00007fffade08000 	C:\Windows\System32\PSAPI.DLL
0x00007fffa6e50000 - 0x00007fffa6e59000 	C:\Windows\SYSTEM32\WSOCK32.dll
0x00007fffa82a0000 - 0x00007fffa82c3000 	C:\Windows\SYSTEM32\WINMM.dll
0x00007fffad320000 - 0x00007fffad38c000 	C:\Windows\System32\WS2_32.dll
0x00007fffa7bb0000 - 0x00007fffa7bba000 	C:\Windows\SYSTEM32\VERSION.dll
0x00007fffa8270000 - 0x00007fffa829a000 	C:\Windows\SYSTEM32\winmmbase.dll
0x00007fffaa380000 - 0x00007fffaa3c9000 	C:\Windows\System32\cfgmgr32.dll
0x00007fffa63f0000 - 0x00007fffa63ff000 	D:\Android\Android Studio\jre\jre\bin\verify.dll
0x00007fffa1be0000 - 0x00007fffa1c09000 	D:\Android\Android Studio\jre\jre\bin\java.dll
0x00007fffa1870000 - 0x00007fffa1886000 	D:\Android\Android Studio\jre\jre\bin\zip.dll
0x00007fffab9f0000 - 0x00007ffface2f000 	C:\Windows\System32\SHELL32.dll
0x00007fffad790000 - 0x00007fffad839000 	C:\Windows\System32\shcore.dll
0x00007fffaa3d0000 - 0x00007fffaaadd000 	C:\Windows\System32\windows.storage.dll
0x00007fffab7e0000 - 0x00007fffab831000 	C:\Windows\System32\shlwapi.dll
0x00007fffaa290000 - 0x00007fffaa2a1000 	C:\Windows\System32\kernel.appcore.dll
0x00007fffaa270000 - 0x00007fffaa28f000 	C:\Windows\System32\profapi.dll
0x00007fffaa210000 - 0x00007fffaa25c000 	C:\Windows\System32\powrprof.dll
0x00007fffaa260000 - 0x00007fffaa26a000 	C:\Windows\System32\FLTLIB.DLL

VM Arguments:
jvm_args: -Djava.awt.headless=true -Xmx1024M -Dfile.encoding=windows-1252 -Duser.country=US -Duser.language=en -Duser.variant 
java_command: com.android.dx.command.Main --dex --num-threads=4 --output C:\Android-Face-Recognition-with-Deep-Learning-Test-Framework-master\app\build\intermediates\pre-dexed\debug\com.android.support-support-v4-23.3.0_d758832d0a0d964e7f99b706d7a9d0704345e5e6.jar C:\Android-Face-Recognition-with-Deep-Learning-Test-Framework-master\app\build\intermediates\exploded-aar\com.android.support\support-v4\23.3.0\jars\classes.jar
java_class_path (initial): C:\Users\Ajwl\AppData\Local\Android\Sdk\build-tools\23.0.1\lib\dx.jar
Launcher Type: SUN_STANDARD

Environment Variables:
JAVA_HOME=C:\Program Files\Java\jdk1.8.0_181
CLASSPATH=C:\Program Files\Java\jre1.8.0_181\lib
PATH=C:\Program Files (x86)\Common Files\Oracle\Java\javapath;"%JAVA_HOME%;%JAVA_HOME%\bin;";C:\Windows\system32;C:\Windows;C:\Windows\System32\Wbem;C:\Windows\System32\WindowsPowerShell\v1.0\;C:\Windows\System32\OpenSSH\;D:\Go\bin;D:\Microsoft VS Code\bin;C:\Program Files\Git\cmd;D:\nodejs\;C:\Program Files\Java\jdk1.8.0_181\bin;C:\Program Files\Java\jre1.8.0_181\bin;C:\bazel;C:\msys64\usr\bin;D:\PyCharm Community Edition 2018.2.4\Scripts\;D:\PyCharm Community Edition 2018.2.4\;C:\Users\Ajwl\AppData\Local\Microsoft\WindowsApps;%GOPATH%\bin;C:\Users\Ajwl\AppData\Roaming\npm
USERNAME=Ajwl
OS=Windows_NT
PROCESSOR_IDENTIFIER=AMD64 Family 21 Model 112 Stepping 0, AuthenticAMD



---------------  S Y S T E M  ---------------

OS: Windows 10.0 , 64 bit Build 17134 (10.0.17134.1)

CPU:total 2 (initial active 2) (2 cores per cpu, 1 threads per core) family 21 model 112 stepping 0, cmov, cx8, fxsr, mmx, sse, sse2, sse3, ssse3, sse4.1, sse4.2, popcnt, avx, avx2, aes, clmul, mmxext, 3dnowpref, lzcnt, sse4a, tsc, tscinvbit, tscinv, bmi1

Memory: 4k page, physical 4068724k(421660k free), swap 5117300k(11844k free)

vm_info: OpenJDK 64-Bit Server VM (25.152-b02) for windows-amd64 JRE (1.8.0_152-release-1024-b02), built by "builder" with MS VC++ 10.0 (VS2010)

time: Thu Nov 01 18:49:11 2018
elapsed time: 15 seconds (0d 0h 0m 15s)

