#
# There is insufficient memory for the Java Runtime Environment to continue.
# Native memory allocation (malloc) failed to allocate 443616 bytes for Chunk::new
# Possible reasons:
#   The system is out of physical RAM or swap space
#   In 32 bit mode, the process size limit was hit
# Possible solutions:
#   Reduce memory load on the system
#   Increase physical memory or swap space
#   Check if swap backing store is full
#   Use 64 bit Java on a 64 bit OS
#   Decrease Java heap size (-Xmx/-Xms)
#   Decrease number of Java threads
#   Decrease Java thread stack sizes (-Xss)
#   Set larger code cache with -XX:ReservedCodeCacheSize=
# This output file may be truncated or incomplete.
#
#  Out of Memory Error (allocation.cpp:390), pid=3392, tid=0x0000000000001440
#
# JRE version: OpenJDK Runtime Environment (8.0_152-b02) (build 1.8.0_152-release-1024-b02)
# Java VM: OpenJDK 64-Bit Server VM (25.152-b02 mixed mode windows-amd64 compressed oops)
# Failed to write core dump. Minidumps are not enabled by default on client versions of Windows
#

---------------  T H R E A D  ---------------

Current thread (0x0000000015378000):  JavaThread "C2 CompilerThread0" daemon [_thread_in_native, id=5184, stack(0x00000000163a0000,0x00000000164a0000)]

Stack: [0x00000000163a0000,0x00000000164a0000]
[error occurred during error reporting (printing stack bounds), id 0xc0000005]

Native frames: (J=compiled Java code, j=interpreted, Vv=VM code, C=native code)


Current CompileTask:
C2:   1800 1033       4       com.android.dx.ssa.SCCP::simulatePhi (169 bytes)


---------------  P R O C E S S  ---------------

Java Threads: ( => current thread )
  0x00000000169d4000 JavaThread "pool-1-thread-4" [_thread_blocked, id=5616, stack(0x0000000016fa0000,0x00000000170a0000)]
  0x00000000169c1800 JavaThread "pool-1-thread-3" [_thread_blocked, id=8620, stack(0x0000000016ea0000,0x0000000016fa0000)]
  0x00000000169b3000 JavaThread "pool-1-thread-2" [_thread_in_Java, id=6052, stack(0x0000000016da0000,0x0000000016ea0000)]
  0x00000000169b0800 JavaThread "pool-2-thread-1" [_thread_blocked, id=6364, stack(0x0000000016ca0000,0x0000000016da0000)]
  0x00000000169a0000 JavaThread "pool-1-thread-1" [_thread_blocked, id=9908, stack(0x0000000016ba0000,0x0000000016ca0000)]
  0x00000000153e4800 JavaThread "Service Thread" daemon [_thread_blocked, id=1820, stack(0x00000000165a0000,0x00000000166a0000)]
  0x000000001537b000 JavaThread "C1 CompilerThread1" daemon [_thread_blocked, id=4960, stack(0x00000000164a0000,0x00000000165a0000)]
=>0x0000000015378000 JavaThread "C2 CompilerThread0" daemon [_thread_in_native, id=5184, stack(0x00000000163a0000,0x00000000164a0000)]
  0x0000000015376800 JavaThread "Attach Listener" daemon [_thread_blocked, id=10168, stack(0x00000000162a0000,0x00000000163a0000)]
  0x0000000015375000 JavaThread "Signal Dispatcher" daemon [_thread_blocked, id=2140, stack(0x00000000161a0000,0x00000000162a0000)]
  0x0000000002ee7800 JavaThread "Finalizer" daemon [_thread_blocked, id=9504, stack(0x0000000015fb0000,0x00000000160b0000)]
  0x0000000002edf000 JavaThread "Reference Handler" daemon [_thread_blocked, id=8016, stack(0x0000000015eb0000,0x0000000015fb0000)]
  0x0000000002ced800 JavaThread "main" [_thread_blocked, id=6808, stack(0x0000000002cf0000,0x0000000002df0000)]

Other Threads:
  0x0000000015345000 VMThread [stack: 0x0000000015db0000,0x0000000015eb0000] [id=4856]
  0x00000000153e9000 WatcherThread [stack: 0x00000000166a0000,0x00000000167a0000] [id=324]

VM state:not at safepoint (normal execution)

VM Mutex/Monitor currently owned by a thread: None

Heap:
 PSYoungGen      total 18944K, used 7939K [0x00000000eab00000, 0x00000000ec000000, 0x0000000100000000)
  eden space 16384K, 33% used [0x00000000eab00000,0x00000000eb048e08,0x00000000ebb00000)
  from space 2560K, 98% used [0x00000000ebd80000,0x00000000ebff8018,0x00000000ec000000)
  to   space 2560K, 0% used [0x00000000ebb00000,0x00000000ebb00000,0x00000000ebd80000)
 ParOldGen       total 44032K, used 3575K [0x00000000c0000000, 0x00000000c2b00000, 0x00000000eab00000)
  object space 44032K, 8% used [0x00000000c0000000,0x00000000c037de58,0x00000000c2b00000)
 Metaspace       used 5905K, capacity 6960K, committed 7040K, reserved 1056768K
  class space    used 571K, capacity 616K, committed 640K, reserved 1048576K

Card table byte_map: [0x00000000122b0000,0x00000000124c0000] byte_map_base: 0x0000000011cb0000

Marking Bits: (ParMarkBitMap*) 0x000000006b784970
 Begin Bits: [0x0000000012820000, 0x0000000013820000)
 End Bits:   [0x0000000013820000, 0x0000000014820000)

Polling page: 0x0000000001020000

CodeCache: size=245760Kb used=4787Kb max_used=4787Kb free=240972Kb
 bounds [0x0000000002ef0000, 0x00000000033b0000, 0x0000000011ef0000]
 total_blobs=1474 nmethods=1213 adapters=176
 compilation: enabled

Compilation events (10 events):
Event: 1.628 Thread 0x000000001537b000 nmethod 1077 0x00000000033404d0 code [0x0000000003340640, 0x0000000003340970]
Event: 1.629 Thread 0x000000001537b000 1078       3       java.util.TreeMap$Values::iterator (19 bytes)
Event: 1.629 Thread 0x000000001537b000 nmethod 1078 0x0000000003340ad0 code [0x0000000003340c60, 0x0000000003341170]
Event: 1.630 Thread 0x000000001537b000 1079       3       java.util.RegularEnumSet::contains (57 bytes)
Event: 1.631 Thread 0x000000001537b000 nmethod 1079 0x00000000033413d0 code [0x0000000003341560, 0x0000000003341b08]
Event: 1.632 Thread 0x000000001537b000 1080       3       com.android.dx.rop.cst.CstInteger::getValue (5 bytes)
Event: 1.632 Thread 0x000000001537b000 nmethod 1080 0x0000000003341c50 code [0x0000000003341da0, 0x0000000003341f90]
Event: 1.632 Thread 0x000000001537b000 1081       3       com.android.dx.rop.type.Type::isIntlike (56 bytes)
Event: 1.632 Thread 0x000000001537b000 nmethod 1081 0x0000000003342010 code [0x0000000003342160, 0x00000000033422f0]
Event: 1.633 Thread 0x000000001537b000 1082       3       com.android.dx.rop.code.BasicBlockList::getRegCount (34 bytes)

GC Heap History (2 events):
Event: 1.303 GC heap before
{Heap before GC invocations=1 (full 0):
 PSYoungGen      total 18944K, used 16384K [0x00000000eab00000, 0x00000000ec000000, 0x0000000100000000)
  eden space 16384K, 100% used [0x00000000eab00000,0x00000000ebb00000,0x00000000ebb00000)
  from space 2560K, 0% used [0x00000000ebd80000,0x00000000ebd80000,0x00000000ec000000)
  to   space 2560K, 0% used [0x00000000ebb00000,0x00000000ebb00000,0x00000000ebd80000)
 ParOldGen       total 44032K, used 0K [0x00000000c0000000, 0x00000000c2b00000, 0x00000000eab00000)
  object space 44032K, 0% used [0x00000000c0000000,0x00000000c0000000,0x00000000c2b00000)
 Metaspace       used 5693K, capacity 6768K, committed 7040K, reserved 1056768K
  class space    used 567K, capacity 616K, committed 640K, reserved 1048576K
Event: 1.314 GC heap after
Heap after GC invocations=1 (full 0):
 PSYoungGen      total 18944K, used 2538K [0x00000000eab00000, 0x00000000ec000000, 0x0000000100000000)
  eden space 16384K, 0% used [0x00000000eab00000,0x00000000eab00000,0x00000000ebb00000)
  from space 2560K, 99% used [0x00000000ebb00000,0x00000000ebd7aac8,0x00000000ebd80000)
  to   space 2560K, 0% used [0x00000000ebd80000,0x00000000ebd80000,0x00000000ec000000)
 ParOldGen       total 44032K, used 1969K [0x00000000c0000000, 0x00000000c2b00000, 0x00000000eab00000)
  object space 44032K, 4% used [0x00000000c0000000,0x00000000c01ec4c8,0x00000000c2b00000)
 Metaspace       used 5693K, capacity 6768K, committed 7040K, reserved 1056768K
  class space    used 567K, capacity 616K, committed 640K, reserved 1048576K
}

Deoptimization events (8 events):
Event: 0.989 Thread 0x00000000169d4000 Uncommon trap: reason=unstable_if action=reinterpret pc=0x00000000030e66b4 method=java.util.BitSet.ensureCapacity(I)V @ 6
Event: 1.335 Thread 0x0000000002ced800 Uncommon trap: reason=class_check action=maybe_recompile pc=0x000000000316b804 method=com.android.dx.ssa.NormalSsaInsn.accept(Lcom/android/dx/ssa/SsaInsn$Visitor;)V @ 9
Event: 1.335 Thread 0x0000000002ced800 Uncommon trap: reason=class_check action=maybe_recompile pc=0x00000000030f79f0 method=com.android.dx.ssa.NormalSsaInsn.accept(Lcom/android/dx/ssa/SsaInsn$Visitor;)V @ 9
Event: 1.336 Thread 0x0000000002ced800 Uncommon trap: reason=class_check action=maybe_recompile pc=0x000000000316b804 method=com.android.dx.ssa.NormalSsaInsn.accept(Lcom/android/dx/ssa/SsaInsn$Visitor;)V @ 9
Event: 1.336 Thread 0x0000000002ced800 Uncommon trap: reason=class_check action=maybe_recompile pc=0x00000000030f79f0 method=com.android.dx.ssa.NormalSsaInsn.accept(Lcom/android/dx/ssa/SsaInsn$Visitor;)V @ 9
Event: 1.336 Thread 0x0000000002ced800 Uncommon trap: reason=class_check action=maybe_recompile pc=0x000000000316b804 method=com.android.dx.ssa.NormalSsaInsn.accept(Lcom/android/dx/ssa/SsaInsn$Visitor;)V @ 9
Event: 1.448 Thread 0x0000000002ced800 Uncommon trap: reason=unstable_if action=reinterpret pc=0x00000000032df10c method=com.android.dx.util.IntList.binarysearch(I)I @ 105
Event: 1.599 Thread 0x0000000002ced800 Uncommon trap: reason=unstable_if action=reinterpret pc=0x00000000032fd4fc method=com.android.dx.ssa.SsaRenamer$BlockRenamer.addMapping(ILcom/android/dx/rop/code/RegisterSpec;)V @ 120

Classes redefined (0 events):
No events

Internal exceptions (2 events):
Event: 0.126 Thread 0x0000000002ced800 Exception <a 'java/lang/NoSuchMethodError': Method sun.misc.Unsafe.defineClass(Ljava/lang/String;[BII)Ljava/lang/Class; name or signature does not match> (0x00000000eab07ca8) thrown at [D:\src\AOSP-openjdk-cygwin\jdk8u\hotspot\src\share\vm\prims\jni.cpp, 
Event: 0.126 Thread 0x0000000002ced800 Exception <a 'java/lang/NoSuchMethodError': Method sun.misc.Unsafe.prefetchRead(Ljava/lang/Object;J)V name or signature does not match> (0x00000000eab07f90) thrown at [D:\src\AOSP-openjdk-cygwin\jdk8u\hotspot\src\share\vm\prims\jni.cpp, line 4011]

Events (10 events):
Event: 1.336 Thread 0x0000000002ced800 DEOPT PACKING pc=0x000000000316b804 sp=0x0000000002dedf40
Event: 1.336 Thread 0x0000000002ced800 DEOPT UNPACKING pc=0x0000000002f3557b sp=0x0000000002dede80 mode 2
Event: 1.448 Thread 0x0000000002ced800 Uncommon trap: trap_request=0xffffff65 fr.pc=0x00000000032df10c
Event: 1.448 Thread 0x0000000002ced800 DEOPT PACKING pc=0x00000000032df10c sp=0x0000000002dee140
Event: 1.448 Thread 0x0000000002ced800 DEOPT UNPACKING pc=0x0000000002f3557b sp=0x0000000002dee0b8 mode 2
Event: 1.501 Thread 0x0000000002ced800 DEOPT PACKING pc=0x000000000313ee82 sp=0x0000000002dee000
Event: 1.501 Thread 0x0000000002ced800 DEOPT UNPACKING pc=0x0000000002f371d0 sp=0x0000000002dedd68 mode 0
Event: 1.599 Thread 0x0000000002ced800 Uncommon trap: trap_request=0xffffff65 fr.pc=0x00000000032fd4fc
Event: 1.599 Thread 0x0000000002ced800 DEOPT PACKING pc=0x00000000032fd4fc sp=0x0000000002dedfc0
Event: 1.599 Thread 0x0000000002ced800 DEOPT UNPACKING pc=0x0000000002f3557b sp=0x0000000002dedf50 mode 2


Dynamic libraries:
0x00007ff67d580000 - 0x00007ff67d5b1000 	D:\Android\Android Studio\jre\bin\java.exe
0x00007fffadf00000 - 0x00007fffae0e1000 	C:\Windows\SYSTEM32\ntdll.dll
0x00007fffad0d0000 - 0x00007fffad182000 	C:\Windows\System32\KERNEL32.DLL
0x00007fffab110000 - 0x00007fffab383000 	C:\Windows\System32\KERNELBASE.dll
0x00007fffad840000 - 0x00007fffad8e1000 	C:\Windows\System32\ADVAPI32.dll
0x00007ffface30000 - 0x00007fffacece000 	C:\Windows\System32\msvcrt.dll
0x00007fffad190000 - 0x00007fffad1eb000 	C:\Windows\System32\sechost.dll
0x00007fffacfa0000 - 0x00007fffad0c4000 	C:\Windows\System32\RPCRT4.dll
0x00007fffab860000 - 0x00007fffab9f0000 	C:\Windows\System32\USER32.dll
0x00007fffaaf00000 - 0x00007fffaaf20000 	C:\Windows\System32\win32u.dll
0x00007fffaced0000 - 0x00007fffacef8000 	C:\Windows\System32\GDI32.dll
0x00007fffaabc0000 - 0x00007fffaad52000 	C:\Windows\System32\gdi32full.dll
0x00007fffaae60000 - 0x00007fffaaeff000 	C:\Windows\System32\msvcp_win.dll
0x00007fffaad60000 - 0x00007fffaae5a000 	C:\Windows\System32\ucrtbase.dll
0x00007fff99740000 - 0x00007fff999a9000 	C:\Windows\WinSxS\amd64_microsoft.windows.common-controls_6595b64144ccf1df_6.0.17134.345_none_fb429a5930656358\COMCTL32.dll
0x00007fffada50000 - 0x00007fffadd73000 	C:\Windows\System32\combase.dll
0x00007fffaaae0000 - 0x00007fffaab5a000 	C:\Windows\System32\bcryptPrimitives.dll
0x00007fffad200000 - 0x00007fffad22d000 	C:\Windows\System32\IMM32.DLL
0x000000006ae00000 - 0x000000006aed2000 	D:\Android\Android Studio\jre\jre\bin\msvcr100.dll
0x000000006afc0000 - 0x000000006b7ff000 	D:\Android\Android Studio\jre\jre\bin\server\jvm.dll
0x00007fffade00000 - 0x00007fffade08000 	C:\Windows\System32\PSAPI.DLL
0x00007fffa6e50000 - 0x00007fffa6e59000 	C:\Windows\SYSTEM32\WSOCK32.dll
0x00007fffad320000 - 0x00007fffad38c000 	C:\Windows\System32\WS2_32.dll
0x00007fffa7bb0000 - 0x00007fffa7bba000 	C:\Windows\SYSTEM32\VERSION.dll
0x00007fffa82a0000 - 0x00007fffa82c3000 	C:\Windows\SYSTEM32\WINMM.dll
0x00007fffa8270000 - 0x00007fffa829a000 	C:\Windows\SYSTEM32\winmmbase.dll
0x00007fffaa380000 - 0x00007fffaa3c9000 	C:\Windows\System32\cfgmgr32.dll
0x00007fffa63f0000 - 0x00007fffa63ff000 	D:\Android\Android Studio\jre\jre\bin\verify.dll
0x00007fffa1be0000 - 0x00007fffa1c09000 	D:\Android\Android Studio\jre\jre\bin\java.dll
0x00007fffa1870000 - 0x00007fffa1886000 	D:\Android\Android Studio\jre\jre\bin\zip.dll
0x00007fffab9f0000 - 0x00007ffface2f000 	C:\Windows\System32\SHELL32.dll
0x00007fffad790000 - 0x00007fffad839000 	C:\Windows\System32\shcore.dll
0x00007fffaa3d0000 - 0x00007fffaaadd000 	C:\Windows\System32\windows.storage.dll
0x00007fffab7e0000 - 0x00007fffab831000 	C:\Windows\System32\shlwapi.dll
0x00007fffaa290000 - 0x00007fffaa2a1000 	C:\Windows\System32\kernel.appcore.dll
0x00007fffaa270000 - 0x00007fffaa28f000 	C:\Windows\System32\profapi.dll
0x00007fffaa210000 - 0x00007fffaa25c000 	C:\Windows\System32\powrprof.dll
0x00007fffaa260000 - 0x00007fffaa26a000 	C:\Windows\System32\FLTLIB.DLL

VM Arguments:
jvm_args: -Djava.awt.headless=true -Xmx1024M -Dfile.encoding=windows-1252 -Duser.country=US -Duser.language=en -Duser.variant 
java_command: com.android.dx.command.Main --dex --num-threads=4 --output C:\Android-Face-Recognition-with-Deep-Learning-Test-Framework-master\app\build\intermediates\pre-dexed\debug\ch.zhaw-opencv-3.2.0_b2369a80d9850837a517243e81a5bfed2ff61347.jar C:\Android-Face-Recognition-with-Deep-Learning-Test-Framework-master\app\build\intermediates\exploded-aar\ch.zhaw\opencv\3.2.0\jars\classes.jar
java_class_path (initial): C:\Users\Ajwl\AppData\Local\Android\Sdk\build-tools\23.0.1\lib\dx.jar
Launcher Type: SUN_STANDARD

Environment Variables:
JAVA_HOME=C:\Program Files\Java\jdk1.8.0_181
CLASSPATH=C:\Program Files\Java\jre1.8.0_181\lib
PATH=C:\Program Files (x86)\Common Files\Oracle\Java\javapath;"%JAVA_HOME%;%JAVA_HOME%\bin;";C:\Windows\system32;C:\Windows;C:\Windows\System32\Wbem;C:\Windows\System32\WindowsPowerShell\v1.0\;C:\Windows\System32\OpenSSH\;D:\Go\bin;D:\Microsoft VS Code\bin;C:\Program Files\Git\cmd;D:\nodejs\;C:\Program Files\Java\jdk1.8.0_181\bin;C:\Program Files\Java\jre1.8.0_181\bin;C:\bazel;C:\msys64\usr\bin;D:\PyCharm Community Edition 2018.2.4\Scripts\;D:\PyCharm Community Edition 2018.2.4\;C:\Users\Ajwl\AppData\Local\Microsoft\WindowsApps;%GOPATH%\bin;C:\Users\Ajwl\AppData\Roaming\npm
USERNAME=Ajwl
OS=Windows_NT
PROCESSOR_IDENTIFIER=AMD64 Family 21 Model 112 Stepping 0, AuthenticAMD



---------------  S Y S T E M  ---------------

OS: Windows 10.0 , 64 bit Build 17134 (10.0.17134.1)

CPU:total 2 (initial active 2) (2 cores per cpu, 1 threads per core) family 21 model 112 stepping 0, cmov, cx8, fxsr, mmx, sse, sse2, sse3, ssse3, sse4.1, sse4.2, popcnt, avx, avx2, aes, clmul, mmxext, 3dnowpref, lzcnt, sse4a, tsc, tscinvbit, tscinv, bmi1

Memory: 4k page, physical 4068724k(446972k free), swap 5117300k(3352k free)

vm_info: OpenJDK 64-Bit Server VM (25.152-b02) for windows-amd64 JRE (1.8.0_152-release-1024-b02), built by "builder" with MS VC++ 10.0 (VS2010)

time: Thu Nov 01 20:59:18 2018
elapsed time: 1 seconds (0d 0h 0m 1s)

