#
# There is insufficient memory for the Java Runtime Environment to continue.
# Native memory allocation (malloc) failed to allocate 524656 bytes for Chunk::new
# Possible reasons:
#   The system is out of physical RAM or swap space
#   In 32 bit mode, the process size limit was hit
# Possible solutions:
#   Reduce memory load on the system
#   Increase physical memory or swap space
#   Check if swap backing store is full
#   Use 64 bit Java on a 64 bit OS
#   Decrease Java heap size (-Xmx/-Xms)
#   Decrease number of Java threads
#   Decrease Java thread stack sizes (-Xss)
#   Set larger code cache with -XX:ReservedCodeCacheSize=
# This output file may be truncated or incomplete.
#
#  Out of Memory Error (allocation.cpp:390), pid=9204, tid=0x0000000000001fa4
#
# JRE version: OpenJDK Runtime Environment (8.0_152-b02) (build 1.8.0_152-release-1024-b02)
# Java VM: OpenJDK 64-Bit Server VM (25.152-b02 mixed mode windows-amd64 compressed oops)
# Failed to write core dump. Minidumps are not enabled by default on client versions of Windows
#

---------------  T H R E A D  ---------------

Current thread (0x0000000015108000):  JavaThread "C2 CompilerThread0" daemon [_thread_in_native, id=8100, stack(0x0000000016050000,0x0000000016150000)]

Stack: [0x0000000016050000,0x0000000016150000]
[error occurred during error reporting (printing stack bounds), id 0xc0000005]

Native frames: (J=compiled Java code, j=interpreted, Vv=VM code, C=native code)


Current CompileTask:
C2:   2283 1315       4       com.android.dx.ssa.SCCP::simulateStmt (481 bytes)


---------------  P R O C E S S  ---------------

Java Threads: ( => current thread )
  0x000000001667c000 JavaThread "pool-1-thread-4" [_thread_blocked, id=4332, stack(0x0000000016c50000,0x0000000016d50000)]
  0x0000000016678000 JavaThread "pool-1-thread-3" [_thread_blocked, id=6520, stack(0x0000000016b50000,0x0000000016c50000)]
  0x000000001665e800 JavaThread "pool-1-thread-2" [_thread_blocked, id=9712, stack(0x0000000016a50000,0x0000000016b50000)]
  0x000000001655c000 JavaThread "pool-2-thread-1" [_thread_blocked, id=5564, stack(0x0000000016950000,0x0000000016a50000)]
  0x0000000016559800 JavaThread "pool-1-thread-1" [_thread_blocked, id=9060, stack(0x0000000016850000,0x0000000016950000)]
  0x000000001516a000 JavaThread "Service Thread" daemon [_thread_blocked, id=6440, stack(0x0000000016250000,0x0000000016350000)]
  0x0000000015164000 JavaThread "C1 CompilerThread1" daemon [_thread_blocked, id=2572, stack(0x0000000016150000,0x0000000016250000)]
=>0x0000000015108000 JavaThread "C2 CompilerThread0" daemon [_thread_in_native, id=8100, stack(0x0000000016050000,0x0000000016150000)]
  0x0000000015106800 JavaThread "Attach Listener" daemon [_thread_blocked, id=10032, stack(0x0000000015f50000,0x0000000016050000)]
  0x0000000015103800 JavaThread "Signal Dispatcher" daemon [_thread_blocked, id=6504, stack(0x0000000015e50000,0x0000000015f50000)]
  0x00000000150f6800 JavaThread "Finalizer" daemon [_thread_blocked, id=9028, stack(0x0000000015d50000,0x0000000015e50000)]
  0x0000000002c6f000 JavaThread "Reference Handler" daemon [_thread_blocked, id=8068, stack(0x0000000015c50000,0x0000000015d50000)]
  0x0000000002b7e800 JavaThread "main" [_thread_blocked, id=3272, stack(0x0000000002980000,0x0000000002a80000)]

Other Threads:
  0x00000000150d5000 VMThread [stack: 0x0000000015b50000,0x0000000015c50000] [id=9864]
  0x000000001516b800 WatcherThread [stack: 0x0000000016350000,0x0000000016450000] [id=9140]

VM state:at safepoint (normal execution)

VM Mutex/Monitor currently owned by a thread:  ([mutex/lock_event])
[0x0000000002b7cf20] Threads_lock - owner thread: 0x00000000150d5000
[0x0000000002b7d1a0] Heap_lock - owner thread: 0x0000000016559800

Heap:
 PSYoungGen      total 18944K, used 18936K [0x00000000eab00000, 0x00000000ec000000, 0x0000000100000000)
  eden space 16384K, 100% used [0x00000000eab00000,0x00000000ebb00000,0x00000000ebb00000)
  from space 2560K, 99% used [0x00000000ebb00000,0x00000000ebd7e2a8,0x00000000ebd80000)
  to   space 2560K, 99% used [0x00000000ebd80000,0x00000000ebffb6d0,0x00000000ec000000)
 ParOldGen       total 44032K, used 11009K [0x00000000c0000000, 0x00000000c2b00000, 0x00000000eab00000)
  object space 44032K, 25% used [0x00000000c0000000,0x00000000c0ac0760,0x00000000c2b00000)
 Metaspace       used 6135K, capacity 7024K, committed 7296K, reserved 1056768K
  class space    used 584K, capacity 616K, committed 640K, reserved 1048576K

Card table byte_map: [0x0000000012040000,0x0000000012250000] byte_map_base: 0x0000000011a40000

Marking Bits: (ParMarkBitMap*) 0x000000006b784970
 Begin Bits: [0x00000000125b0000, 0x00000000135b0000)
 End Bits:   [0x00000000135b0000, 0x00000000145b0000)

Polling page: 0x00000000009d0000

CodeCache: size=245760Kb used=5490Kb max_used=5490Kb free=240269Kb
 bounds [0x0000000002c80000, 0x00000000031e0000, 0x0000000011c80000]
 total_blobs=1686 nmethods=1419 adapters=182
 compilation: enabled

Compilation events (10 events):
Event: 2.153 Thread 0x0000000015164000 1385       2       com.android.dx.rop.code.BasicBlockList$RegCountVisitor::visitThrowingInsn (6 bytes)
Event: 2.154 Thread 0x0000000015164000 nmethod 1385 0x00000000031bb990 code [0x00000000031bbb00, 0x00000000031bbc68]
Event: 2.154 Thread 0x0000000015164000 1386       2       com.android.dx.dex.code.RopTranslator::outputBlock (202 bytes)
Event: 2.156 Thread 0x0000000015164000 nmethod 1386 0x00000000031bbd10 code [0x00000000031bbfc0, 0x00000000031bca28]
Event: 2.158 Thread 0x0000000015164000 1387       2       com.android.dx.rop.cst.CstType::<init> (46 bytes)
Event: 2.158 Thread 0x0000000015164000 nmethod 1387 0x00000000031bddd0 code [0x00000000031bdf60, 0x00000000031be258]
Event: 2.161 Thread 0x0000000015164000 1388       2       com.android.dx.rop.cst.CstBaseMethodRef::getParameterWordCount (12 bytes)
Event: 2.162 Thread 0x0000000015164000 nmethod 1388 0x00000000031be3d0 code [0x00000000031be560, 0x00000000031be7e8]
Event: 2.163 Thread 0x0000000015164000 1390       2       com.android.dx.ssa.Dominators::<init> (55 bytes)
Event: 2.163 Thread 0x0000000015164000 nmethod 1390 0x00000000031bea50 code [0x00000000031bebc0, 0x00000000031bee70]

GC Heap History (6 events):
Event: 1.289 GC heap before
{Heap before GC invocations=1 (full 0):
 PSYoungGen      total 18944K, used 16384K [0x00000000eab00000, 0x00000000ec000000, 0x0000000100000000)
  eden space 16384K, 100% used [0x00000000eab00000,0x00000000ebb00000,0x00000000ebb00000)
  from space 2560K, 0% used [0x00000000ebd80000,0x00000000ebd80000,0x00000000ec000000)
  to   space 2560K, 0% used [0x00000000ebb00000,0x00000000ebb00000,0x00000000ebd80000)
 ParOldGen       total 44032K, used 0K [0x00000000c0000000, 0x00000000c2b00000, 0x00000000eab00000)
  object space 44032K, 0% used [0x00000000c0000000,0x00000000c0000000,0x00000000c2b00000)
 Metaspace       used 5791K, capacity 6768K, committed 7040K, reserved 1056768K
  class space    used 580K, capacity 616K, committed 640K, reserved 1048576K
Event: 1.303 GC heap after
Heap after GC invocations=1 (full 0):
 PSYoungGen      total 18944K, used 2535K [0x00000000eab00000, 0x00000000ec000000, 0x0000000100000000)
  eden space 16384K, 0% used [0x00000000eab00000,0x00000000eab00000,0x00000000ebb00000)
  from space 2560K, 99% used [0x00000000ebb00000,0x00000000ebd79c68,0x00000000ebd80000)
  to   space 2560K, 0% used [0x00000000ebd80000,0x00000000ebd80000,0x00000000ec000000)
 ParOldGen       total 44032K, used 2091K [0x00000000c0000000, 0x00000000c2b00000, 0x00000000eab00000)
  object space 44032K, 4% used [0x00000000c0000000,0x00000000c020ad90,0x00000000c2b00000)
 Metaspace       used 5791K, capacity 6768K, committed 7040K, reserved 1056768K
  class space    used 580K, capacity 616K, committed 640K, reserved 1048576K
}
Event: 1.761 GC heap before
{Heap before GC invocations=2 (full 0):
 PSYoungGen      total 18944K, used 18919K [0x00000000eab00000, 0x00000000ec000000, 0x0000000100000000)
  eden space 16384K, 100% used [0x00000000eab00000,0x00000000ebb00000,0x00000000ebb00000)
  from space 2560K, 99% used [0x00000000ebb00000,0x00000000ebd79c68,0x00000000ebd80000)
  to   space 2560K, 0% used [0x00000000ebd80000,0x00000000ebd80000,0x00000000ec000000)
 ParOldGen       total 44032K, used 2091K [0x00000000c0000000, 0x00000000c2b00000, 0x00000000eab00000)
  object space 44032K, 4% used [0x00000000c0000000,0x00000000c020ad90,0x00000000c2b00000)
 Metaspace       used 6019K, capacity 6960K, committed 7040K, reserved 1056768K
  class space    used 583K, capacity 616K, committed 640K, reserved 1048576K
Event: 1.776 GC heap after
Heap after GC invocations=2 (full 0):
 PSYoungGen      total 18944K, used 2560K [0x00000000eab00000, 0x00000000ec000000, 0x0000000100000000)
  eden space 16384K, 0% used [0x00000000eab00000,0x00000000eab00000,0x00000000ebb00000)
  from space 2560K, 100% used [0x00000000ebd80000,0x00000000ec000000,0x00000000ec000000)
  to   space 2560K, 0% used [0x00000000ebb00000,0x00000000ebb00000,0x00000000ebd80000)
 ParOldGen       total 44032K, used 5065K [0x00000000c0000000, 0x00000000c2b00000, 0x00000000eab00000)
  object space 44032K, 11% used [0x00000000c0000000,0x00000000c04f2688,0x00000000c2b00000)
 Metaspace       used 6019K, capacity 6960K, committed 7040K, reserved 1056768K
  class space    used 583K, capacity 616K, committed 640K, reserved 1048576K
}
Event: 2.004 GC heap before
{Heap before GC invocations=3 (full 0):
 PSYoungGen      total 18944K, used 18944K [0x00000000eab00000, 0x00000000ec000000, 0x0000000100000000)
  eden space 16384K, 100% used [0x00000000eab00000,0x00000000ebb00000,0x00000000ebb00000)
  from space 2560K, 100% used [0x00000000ebd80000,0x00000000ec000000,0x00000000ec000000)
  to   space 2560K, 0% used [0x00000000ebb00000,0x00000000ebb00000,0x00000000ebd80000)
 ParOldGen       total 44032K, used 5065K [0x00000000c0000000, 0x00000000c2b00000, 0x00000000eab00000)
  object space 44032K, 11% used [0x00000000c0000000,0x00000000c04f2688,0x00000000c2b00000)
 Metaspace       used 6058K, capacity 6960K, committed 7040K, reserved 1056768K
  class space    used 584K, capacity 616K, committed 640K, reserved 1048576K
Event: 2.031 GC heap after
Heap after GC invocations=3 (full 0):
 PSYoungGen      total 18944K, used 2552K [0x00000000eab00000, 0x00000000ec000000, 0x0000000100000000)
  eden space 16384K, 0% used [0x00000000eab00000,0x00000000eab00000,0x00000000ebb00000)
  from space 2560K, 99% used [0x00000000ebb00000,0x00000000ebd7e2a8,0x00000000ebd80000)
  to   space 2560K, 0% used [0x00000000ebd80000,0x00000000ebd80000,0x00000000ec000000)
 ParOldGen       total 44032K, used 7312K [0x00000000c0000000, 0x00000000c2b00000, 0x00000000eab00000)
  object space 44032K, 16% used [0x00000000c0000000,0x00000000c0724308,0x00000000c2b00000)
 Metaspace       used 6058K, capacity 6960K, committed 7040K, reserved 1056768K
  class space    used 584K, capacity 616K, committed 640K, reserved 1048576K
}

Deoptimization events (8 events):
Event: 1.323 Thread 0x000000001667c000 Uncommon trap: reason=class_check action=maybe_recompile pc=0x0000000002fadec4 method=com.android.dx.ssa.NormalSsaInsn.accept(Lcom/android/dx/ssa/SsaInsn$Visitor;)V @ 9
Event: 1.323 Thread 0x000000001667c000 Uncommon trap: reason=class_check action=maybe_recompile pc=0x0000000002fadec4 method=com.android.dx.ssa.NormalSsaInsn.accept(Lcom/android/dx/ssa/SsaInsn$Visitor;)V @ 9
Event: 1.323 Thread 0x000000001667c000 Uncommon trap: reason=class_check action=maybe_recompile pc=0x0000000002fadec4 method=com.android.dx.ssa.NormalSsaInsn.accept(Lcom/android/dx/ssa/SsaInsn$Visitor;)V @ 9
Event: 1.323 Thread 0x000000001667c000 Uncommon trap: reason=class_check action=maybe_recompile pc=0x0000000002fadec4 method=com.android.dx.ssa.NormalSsaInsn.accept(Lcom/android/dx/ssa/SsaInsn$Visitor;)V @ 9
Event: 1.462 Thread 0x0000000002b7e800 Uncommon trap: reason=unstable_if action=reinterpret pc=0x000000000300243c method=com.android.dx.rop.code.RegisterSpec.equals(ILcom/android/dx/rop/type/TypeBearer;Lcom/android/dx/rop/code/LocalItem;)Z @ 42
Event: 1.470 Thread 0x0000000002b7e800 Uncommon trap: reason=null_check action=make_not_entrant pc=0x0000000003074f10 method=com.android.dx.ssa.SsaRenamer.getLocalForNewReg(I)Lcom/android/dx/rop/code/LocalItem; @ 19
Event: 1.783 Thread 0x0000000002b7e800 Uncommon trap: reason=unstable_if action=reinterpret pc=0x0000000003094b1c method=com.android.dx.rop.cst.Constant.compareTo(Lcom/android/dx/rop/cst/Constant;)I @ 12
Event: 2.034 Thread 0x000000001665e800 Uncommon trap: reason=bimorphic action=maybe_recompile pc=0x0000000002ffb61c method=java.util.HashMap.getNode(ILjava/lang/Object;)Ljava/util/HashMap$Node; @ 126

Classes redefined (0 events):
No events

Internal exceptions (3 events):
Event: 0.147 Thread 0x0000000002b7e800 Exception <a 'java/lang/NoSuchMethodError': Method sun.misc.Unsafe.defineClass(Ljava/lang/String;[BII)Ljava/lang/Class; name or signature does not match> (0x00000000eab07ca8) thrown at [D:\src\AOSP-openjdk-cygwin\jdk8u\hotspot\src\share\vm\prims\jni.cpp, 
Event: 0.147 Thread 0x0000000002b7e800 Exception <a 'java/lang/NoSuchMethodError': Method sun.misc.Unsafe.prefetchRead(Ljava/lang/Object;J)V name or signature does not match> (0x00000000eab07f90) thrown at [D:\src\AOSP-openjdk-cygwin\jdk8u\hotspot\src\share\vm\prims\jni.cpp, line 4011]
Event: 1.470 Thread 0x0000000002b7e800 Implicit null exception at 0x00000000030738c0 to 0x0000000003074ecd

Events (10 events):
Event: 2.116 Thread 0x000000001665e800 DEOPT PACKING pc=0x00000000030db681 sp=0x0000000016b4f050
Event: 2.116 Thread 0x000000001665e800 DEOPT UNPACKING pc=0x0000000002cc71d0 sp=0x0000000016b4ee38 mode 0
Event: 2.133 Thread 0x000000001665e800 DEOPT PACKING pc=0x00000000030b557f sp=0x0000000016b4ecc0
Event: 2.133 Thread 0x000000001665e800 DEOPT UNPACKING pc=0x0000000002cc71d0 sp=0x0000000016b4ea38 mode 0
Event: 2.145 Thread 0x000000001665e800 DEOPT PACKING pc=0x00000000030ab0e2 sp=0x0000000016b4eed0
Event: 2.145 Thread 0x000000001665e800 DEOPT UNPACKING pc=0x0000000002cc71d0 sp=0x0000000016b4ed00 mode 0
Event: 2.149 Thread 0x000000001665e800 DEOPT PACKING pc=0x000000000306c8bf sp=0x0000000016b4ec50
Event: 2.149 Thread 0x000000001665e800 DEOPT UNPACKING pc=0x0000000002cc71d0 sp=0x0000000016b4ea30 mode 0
Event: 2.156 Thread 0x000000001665e800 DEOPT PACKING pc=0x0000000002f9ebfd sp=0x0000000016b4f000
Event: 2.156 Thread 0x000000001665e800 DEOPT UNPACKING pc=0x0000000002cc71d0 sp=0x0000000016b4eda0 mode 0


Dynamic libraries:
0x00007ff67d580000 - 0x00007ff67d5b1000 	D:\Android\Android Studio\jre\bin\java.exe
0x00007fffadf00000 - 0x00007fffae0e1000 	C:\Windows\SYSTEM32\ntdll.dll
0x00007fffad0d0000 - 0x00007fffad182000 	C:\Windows\System32\KERNEL32.DLL
0x00007fffab110000 - 0x00007fffab383000 	C:\Windows\System32\KERNELBASE.dll
0x00007fffad840000 - 0x00007fffad8e1000 	C:\Windows\System32\ADVAPI32.dll
0x00007ffface30000 - 0x00007fffacece000 	C:\Windows\System32\msvcrt.dll
0x00007fffad190000 - 0x00007fffad1eb000 	C:\Windows\System32\sechost.dll
0x00007fffacfa0000 - 0x00007fffad0c4000 	C:\Windows\System32\RPCRT4.dll
0x00007fffab860000 - 0x00007fffab9f0000 	C:\Windows\System32\USER32.dll
0x00007fffaaf00000 - 0x00007fffaaf20000 	C:\Windows\System32\win32u.dll
0x00007fffaced0000 - 0x00007fffacef8000 	C:\Windows\System32\GDI32.dll
0x00007fffaabc0000 - 0x00007fffaad52000 	C:\Windows\System32\gdi32full.dll
0x00007fffaae60000 - 0x00007fffaaeff000 	C:\Windows\System32\msvcp_win.dll
0x00007fffaad60000 - 0x00007fffaae5a000 	C:\Windows\System32\ucrtbase.dll
0x00007fff99740000 - 0x00007fff999a9000 	C:\Windows\WinSxS\amd64_microsoft.windows.common-controls_6595b64144ccf1df_6.0.17134.345_none_fb429a5930656358\COMCTL32.dll
0x00007fffada50000 - 0x00007fffadd73000 	C:\Windows\System32\combase.dll
0x00007fffaaae0000 - 0x00007fffaab5a000 	C:\Windows\System32\bcryptPrimitives.dll
0x00007fffad200000 - 0x00007fffad22d000 	C:\Windows\System32\IMM32.DLL
0x000000006ae00000 - 0x000000006aed2000 	D:\Android\Android Studio\jre\jre\bin\msvcr100.dll
0x000000006afc0000 - 0x000000006b7ff000 	D:\Android\Android Studio\jre\jre\bin\server\jvm.dll
0x00007fffade00000 - 0x00007fffade08000 	C:\Windows\System32\PSAPI.DLL
0x00007fffa6e50000 - 0x00007fffa6e59000 	C:\Windows\SYSTEM32\WSOCK32.dll
0x00007fffad320000 - 0x00007fffad38c000 	C:\Windows\System32\WS2_32.dll
0x00007fffa82a0000 - 0x00007fffa82c3000 	C:\Windows\SYSTEM32\WINMM.dll
0x00007fffa7bb0000 - 0x00007fffa7bba000 	C:\Windows\SYSTEM32\VERSION.dll
0x00007fffa8270000 - 0x00007fffa829a000 	C:\Windows\SYSTEM32\WINMMBASE.dll
0x00007fffaa380000 - 0x00007fffaa3c9000 	C:\Windows\System32\cfgmgr32.dll
0x00007fffa63f0000 - 0x00007fffa63ff000 	D:\Android\Android Studio\jre\jre\bin\verify.dll
0x00007fffa1be0000 - 0x00007fffa1c09000 	D:\Android\Android Studio\jre\jre\bin\java.dll
0x00007fffa1870000 - 0x00007fffa1886000 	D:\Android\Android Studio\jre\jre\bin\zip.dll
0x00007fffab9f0000 - 0x00007ffface2f000 	C:\Windows\System32\SHELL32.dll
0x00007fffad790000 - 0x00007fffad839000 	C:\Windows\System32\shcore.dll
0x00007fffaa3d0000 - 0x00007fffaaadd000 	C:\Windows\System32\windows.storage.dll
0x00007fffab7e0000 - 0x00007fffab831000 	C:\Windows\System32\shlwapi.dll
0x00007fffaa290000 - 0x00007fffaa2a1000 	C:\Windows\System32\kernel.appcore.dll
0x00007fffaa270000 - 0x00007fffaa28f000 	C:\Windows\System32\profapi.dll
0x00007fffaa210000 - 0x00007fffaa25c000 	C:\Windows\System32\powrprof.dll
0x00007fffaa260000 - 0x00007fffaa26a000 	C:\Windows\System32\FLTLIB.DLL

VM Arguments:
jvm_args: -Djava.awt.headless=true -Xmx1024M -Dfile.encoding=windows-1252 -Duser.country=US -Duser.language=en -Duser.variant 
java_command: com.android.dx.command.Main --dex --num-threads=4 --output C:\Android-Face-Recognition-with-Deep-Learning-Test-Framework-master\app\build\intermediates\pre-dexed\debug\constraint-layout-solver-1.1.3_5da7ff74f94e614f87be3eafe6c5be26d4e46c2a.jar C:\Users\Ajwl\.gradle\caches\modules-2\files-2.1\com.android.support.constraint\constraint-layout-solver\1.1.3\bde0667d7414c16ed62d3cfe993cff7f9d732373\constraint-layout-solver-1.1.3.jar
java_class_path (initial): C:\Users\Ajwl\AppData\Local\Android\Sdk\build-tools\23.0.1\lib\dx.jar
Launcher Type: SUN_STANDARD

Environment Variables:
JAVA_HOME=C:\Program Files\Java\jdk1.8.0_181
CLASSPATH=C:\Program Files\Java\jre1.8.0_181\lib
PATH=C:\Program Files (x86)\Common Files\Oracle\Java\javapath;"%JAVA_HOME%;%JAVA_HOME%\bin;";C:\Windows\system32;C:\Windows;C:\Windows\System32\Wbem;C:\Windows\System32\WindowsPowerShell\v1.0\;C:\Windows\System32\OpenSSH\;D:\Go\bin;D:\Microsoft VS Code\bin;C:\Program Files\Git\cmd;D:\nodejs\;C:\Program Files\Java\jdk1.8.0_181\bin;C:\Program Files\Java\jre1.8.0_181\bin;C:\bazel;C:\msys64\usr\bin;D:\PyCharm Community Edition 2018.2.4\Scripts\;D:\PyCharm Community Edition 2018.2.4\;C:\Users\Ajwl\AppData\Local\Microsoft\WindowsApps;%GOPATH%\bin;C:\Users\Ajwl\AppData\Roaming\npm
USERNAME=Ajwl
OS=Windows_NT
PROCESSOR_IDENTIFIER=AMD64 Family 21 Model 112 Stepping 0, AuthenticAMD



---------------  S Y S T E M  ---------------

OS: Windows 10.0 , 64 bit Build 17134 (10.0.17134.1)

CPU:total 2 (initial active 2) (2 cores per cpu, 1 threads per core) family 21 model 112 stepping 0, cmov, cx8, fxsr, mmx, sse, sse2, sse3, ssse3, sse4.1, sse4.2, popcnt, avx, avx2, aes, clmul, mmxext, 3dnowpref, lzcnt, sse4a, tsc, tscinvbit, tscinv, bmi1

Memory: 4k page, physical 4068724k(449392k free), swap 5117300k(4924k free)

vm_info: OpenJDK 64-Bit Server VM (25.152-b02) for windows-amd64 JRE (1.8.0_152-release-1024-b02), built by "builder" with MS VC++ 10.0 (VS2010)

time: Thu Nov 01 20:59:14 2018
elapsed time: 2 seconds (0d 0h 0m 2s)

